# JRE version: OpenJDK Runtime Environment Temurin-21.0.7+6 (21.0.7+6) (build 21.0.7+6-LTS)
# Java VM: OpenJDK 64-Bit Server VM Temurin-21.0.7+6 (21.0.7+6-LTS, mixed mode, sharing, tiered, compressed oops, compressed class ptrs, parallel gc, windows-amd64)
GC Precious Log:
 CardTable entry size: 512
 CPUs: 12 total, 12 available
 Memory: 5989M
 Large Page Support: Disabled
 NUMA Support: Disabled
 Compressed Oops: Enabled (32-bit)
 Alignments: Space 512K, Generation 512K, Heap 2M
 Heap Min Capacity: 100M
 Heap Initial Capacity: 100M
 Heap Max Capacity: 2G
 Pre-touch: Disabled
 Parallel Workers: 10
Heap:
 PSYoungGen      total 16896K, used 8139K [0x00000000d5580000, 0x00000000d6a00000, 0x0000000100000000)
  eden space 14848K, 43% used [0x00000000d5580000,0x00000000d5bc2f48,0x00000000d6400000)
  from space 2048K, 84% used [0x00000000d6400000,0x00000000d65b0000,0x00000000d6600000)
  to   space 3072K, 0% used [0x00000000d6700000,0x00000000d6700000,0x00000000d6a00000)
 ParOldGen       total 68608K, used 38221K [0x0000000080000000, 0x0000000084300000, 0x00000000d5580000)
  object space 68608K, 55% used [0x0000000080000000,0x00000000825537b0,0x0000000084300000)
 Metaspace       used 44820K, committed 45952K, reserved 1114112K
  class space    used 4303K, committed 4800K, reserved 1048576K
GC Heap History (20 events):
Event: 25.419 GC heap before
{Heap before GC invocations=18 (full 1):
 PSYoungGen      total 22528K, used 22100K [0x00000000d5580000, 0x00000000d6e00000, 0x0000000100000000)
  eden space 20480K, 100% used [0x00000000d5580000,0x00000000d6980000,0x00000000d6980000)
  from space 2048K, 79% used [0x00000000d6c00000,0x00000000d6d953e8,0x00000000d6e00000)
  to   space 2048K, 0% used [0x00000000d6a00000,0x00000000d6a00000,0x00000000d6c00000)
 ParOldGen       total 68608K, used 27484K [0x0000000080000000, 0x0000000084300000, 0x00000000d5580000)
  object space 68608K, 40% used [0x0000000080000000,0x0000000081ad7008,0x0000000084300000)
 Metaspace       used 34536K, committed 35520K, reserved 1114112K
  class space    used 3480K, committed 3904K, reserved 1048576K
}
Event: 25.422 GC heap after
{Heap after GC invocations=18 (full 1):
 PSYoungGen      total 21504K, used 608K [0x00000000d5580000, 0x00000000d6c80000, 0x0000000100000000)
  eden space 20480K, 0% used [0x00000000d5580000,0x00000000d5580000,0x00000000d6980000)
  from space 1024K, 59% used [0x00000000d6a00000,0x00000000d6a98010,0x00000000d6b00000)
  to   space 1536K, 0% used [0x00000000d6b00000,0x00000000d6b00000,0x00000000d6c80000)
 ParOldGen       total 68608K, used 28915K [0x0000000080000000, 0x0000000084300000, 0x00000000d5580000)
  object space 68608K, 42% used [0x0000000080000000,0x0000000081c3cec0,0x0000000084300000)
 Metaspace       used 34536K, committed 35520K, reserved 1114112K
  class space    used 3480K, committed 3904K, reserved 1048576K
}
Event: 25.763 GC heap before
{Heap before GC invocations=19 (full 1):
 PSYoungGen      total 21504K, used 7938K [0x00000000d5580000, 0x00000000d6c80000, 0x0000000100000000)
  eden space 20480K, 35% used [0x00000000d5580000,0x00000000d5ca88b0,0x00000000d6980000)
  from space 1024K, 59% used [0x00000000d6a00000,0x00000000d6a98010,0x00000000d6b00000)
  to   space 1536K, 0% used [0x00000000d6b00000,0x00000000d6b00000,0x00000000d6c80000)
 ParOldGen       total 68608K, used 28915K [0x0000000080000000, 0x0000000084300000, 0x00000000d5580000)
  object space 68608K, 42% used [0x0000000080000000,0x0000000081c3cec0,0x0000000084300000)
 Metaspace       used 34886K, committed 35840K, reserved 1114112K
  class space    used 3521K, committed 3968K, reserved 1048576K
}
Event: 25.765 GC heap after
{Heap after GC invocations=19 (full 1):
 PSYoungGen      total 20992K, used 448K [0x00000000d5580000, 0x00000000d6b80000, 0x0000000100000000)
  eden space 20480K, 0% used [0x00000000d5580000,0x00000000d5580000,0x00000000d6980000)
  from space 512K, 87% used [0x00000000d6b00000,0x00000000d6b70020,0x00000000d6b80000)
  to   space 1024K, 0% used [0x00000000d6980000,0x00000000d6980000,0x00000000d6a80000)
 ParOldGen       total 68608K, used 29251K [0x0000000080000000, 0x0000000084300000, 0x00000000d5580000)
  object space 68608K, 42% used [0x0000000080000000,0x0000000081c90ec0,0x0000000084300000)
 Metaspace       used 34886K, committed 35840K, reserved 1114112K
  class space    used 3521K, committed 3968K, reserved 1048576K
}
Event: 25.765 GC heap before
{Heap before GC invocations=20 (full 2):
 PSYoungGen      total 20992K, used 448K [0x00000000d5580000, 0x00000000d6b80000, 0x0000000100000000)
  eden space 20480K, 0% used [0x00000000d5580000,0x00000000d5580000,0x00000000d6980000)
  from space 512K, 87% used [0x00000000d6b00000,0x00000000d6b70020,0x00000000d6b80000)
  to   space 1024K, 0% used [0x00000000d6980000,0x00000000d6980000,0x00000000d6a80000)
 ParOldGen       total 68608K, used 29251K [0x0000000080000000, 0x0000000084300000, 0x00000000d5580000)
  object space 68608K, 42% used [0x0000000080000000,0x0000000081c90ec0,0x0000000084300000)
 Metaspace       used 34886K, committed 35840K, reserved 1114112K
  class space    used 3521K, committed 3968K, reserved 1048576K
}
Event: 25.894 GC heap after
{Heap after GC invocations=20 (full 2):
 PSYoungGen      total 20992K, used 0K [0x00000000d5580000, 0x00000000d6b80000, 0x0000000100000000)
  eden space 20480K, 0% used [0x00000000d5580000,0x00000000d5580000,0x00000000d6980000)
  from space 512K, 0% used [0x00000000d6b00000,0x00000000d6b00000,0x00000000d6b80000)
  to   space 1024K, 0% used [0x00000000d6980000,0x00000000d6980000,0x00000000d6a80000)
 ParOldGen       total 68608K, used 28626K [0x0000000080000000, 0x0000000084300000, 0x00000000d5580000)
  object space 68608K, 41% used [0x0000000080000000,0x0000000081bf4a40,0x0000000084300000)
 Metaspace       used 34822K, committed 35840K, reserved 1114112K
  class space    used 3503K, committed 3968K, reserved 1048576K
}
Event: 26.206 GC heap before
{Heap before GC invocations=21 (full 2):
 PSYoungGen      total 20992K, used 20480K [0x00000000d5580000, 0x00000000d6b80000, 0x0000000100000000)
  eden space 20480K, 100% used [0x00000000d5580000,0x00000000d6980000,0x00000000d6980000)
  from space 512K, 0% used [0x00000000d6b00000,0x00000000d6b00000,0x00000000d6b80000)
  to   space 1024K, 0% used [0x00000000d6980000,0x00000000d6980000,0x00000000d6a80000)
 ParOldGen       total 68608K, used 28626K [0x0000000080000000, 0x0000000084300000, 0x00000000d5580000)
  object space 68608K, 41% used [0x0000000080000000,0x0000000081bf4a40,0x0000000084300000)
 Metaspace       used 36061K, committed 37056K, reserved 1114112K
  class space    used 3586K, committed 4032K, reserved 1048576K
}
Event: 26.210 GC heap after
{Heap after GC invocations=21 (full 2):
 PSYoungGen      total 21504K, used 1020K [0x00000000d5580000, 0x00000000d6e80000, 0x0000000100000000)
  eden space 20480K, 0% used [0x00000000d5580000,0x00000000d5580000,0x00000000d6980000)
  from space 1024K, 99% used [0x00000000d6980000,0x00000000d6a7f1f0,0x00000000d6a80000)
  to   space 2560K, 0% used [0x00000000d6c00000,0x00000000d6c00000,0x00000000d6e80000)
 ParOldGen       total 68608K, used 29542K [0x0000000080000000, 0x0000000084300000, 0x00000000d5580000)
  object space 68608K, 43% used [0x0000000080000000,0x0000000081cd9910,0x0000000084300000)
 Metaspace       used 36061K, committed 37056K, reserved 1114112K
  class space    used 3586K, committed 4032K, reserved 1048576K
}
Event: 26.300 GC heap before
{Heap before GC invocations=22 (full 2):
 PSYoungGen      total 21504K, used 21349K [0x00000000d5580000, 0x00000000d6e80000, 0x0000000100000000)
  eden space 20480K, 99% used [0x00000000d5580000,0x00000000d695a228,0x00000000d6980000)
  from space 1024K, 99% used [0x00000000d6980000,0x00000000d6a7f1f0,0x00000000d6a80000)
  to   space 2560K, 0% used [0x00000000d6c00000,0x00000000d6c00000,0x00000000d6e80000)
 ParOldGen       total 68608K, used 29542K [0x0000000080000000, 0x0000000084300000, 0x00000000d5580000)
  object space 68608K, 43% used [0x0000000080000000,0x0000000081cd9910,0x0000000084300000)
 Metaspace       used 36064K, committed 37056K, reserved 1114112K
  class space    used 3586K, committed 4032K, reserved 1048576K
}
Event: 26.302 GC heap after
{Heap after GC invocations=22 (full 2):
 PSYoungGen      total 22016K, used 1375K [0x00000000d5580000, 0x00000000d6d80000, 0x0000000100000000)
  eden space 20480K, 0% used [0x00000000d5580000,0x00000000d5580000,0x00000000d6980000)
  from space 1536K, 89% used [0x00000000d6c00000,0x00000000d6d57dd0,0x00000000d6d80000)
  to   space 2048K, 0% used [0x00000000d6980000,0x00000000d6980000,0x00000000d6b80000)
 ParOldGen       total 68608K, used 30519K [0x0000000080000000, 0x0000000084300000, 0x00000000d5580000)
  object space 68608K, 44% used [0x0000000080000000,0x0000000081dcdff0,0x0000000084300000)
 Metaspace       used 36064K, committed 37056K, reserved 1114112K
  class space    used 3586K, committed 4032K, reserved 1048576K
}
Event: 27.315 GC heap before
{Heap before GC invocations=23 (full 2):
 PSYoungGen      total 22016K, used 21855K [0x00000000d5580000, 0x00000000d6d80000, 0x0000000100000000)
  eden space 20480K, 100% used [0x00000000d5580000,0x00000000d6980000,0x00000000d6980000)
  from space 1536K, 89% used [0x00000000d6c00000,0x00000000d6d57dd0,0x00000000d6d80000)
  to   space 2048K, 0% used [0x00000000d6980000,0x00000000d6980000,0x00000000d6b80000)
 ParOldGen       total 68608K, used 30519K [0x0000000080000000, 0x0000000084300000, 0x00000000d5580000)
  object space 68608K, 44% used [0x0000000080000000,0x0000000081dcdff0,0x0000000084300000)
 Metaspace       used 38755K, committed 39744K, reserved 1114112K
  class space    used 3851K, committed 4288K, reserved 1048576K
}
Event: 27.317 GC heap after
{Heap after GC invocations=23 (full 2):
 PSYoungGen      total 21504K, used 832K [0x00000000d5580000, 0x00000000d6c80000, 0x0000000100000000)
  eden space 20480K, 0% used [0x00000000d5580000,0x00000000d5580000,0x00000000d6980000)
  from space 1024K, 81% used [0x00000000d6980000,0x00000000d6a50020,0x00000000d6a80000)
  to   space 1536K, 0% used [0x00000000d6b00000,0x00000000d6b00000,0x00000000d6c80000)
 ParOldGen       total 68608K, used 30599K [0x0000000080000000, 0x0000000084300000, 0x00000000d5580000)
  object space 68608K, 44% used [0x0000000080000000,0x0000000081de1ff0,0x0000000084300000)
 Metaspace       used 38755K, committed 39744K, reserved 1114112K
  class space    used 3851K, committed 4288K, reserved 1048576K
}
Event: 29.283 GC heap before
{Heap before GC invocations=24 (full 2):
 PSYoungGen      total 21504K, used 21312K [0x00000000d5580000, 0x00000000d6c80000, 0x0000000100000000)
  eden space 20480K, 100% used [0x00000000d5580000,0x00000000d6980000,0x00000000d6980000)
  from space 1024K, 81% used [0x00000000d6980000,0x00000000d6a50020,0x00000000d6a80000)
  to   space 1536K, 0% used [0x00000000d6b00000,0x00000000d6b00000,0x00000000d6c80000)
 ParOldGen       total 68608K, used 30599K [0x0000000080000000, 0x0000000084300000, 0x00000000d5580000)
  object space 68608K, 44% used [0x0000000080000000,0x0000000081de1ff0,0x0000000084300000)
 Metaspace       used 41357K, committed 42368K, reserved 1114112K
  class space    used 4088K, committed 4544K, reserved 1048576K
}
Event: 29.288 GC heap after
{Heap after GC invocations=24 (full 2):
 PSYoungGen      total 19968K, used 1526K [0x00000000d5580000, 0x00000000d7080000, 0x0000000100000000)
  eden space 18432K, 0% used [0x00000000d5580000,0x00000000d5580000,0x00000000d6780000)
  from space 1536K, 99% used [0x00000000d6b00000,0x00000000d6c7dbb0,0x00000000d6c80000)
  to   space 3584K, 0% used [0x00000000d6780000,0x00000000d6780000,0x00000000d6b00000)
 ParOldGen       total 68608K, used 32091K [0x0000000080000000, 0x0000000084300000, 0x00000000d5580000)
  object space 68608K, 46% used [0x0000000080000000,0x0000000081f56db8,0x0000000084300000)
 Metaspace       used 41357K, committed 42368K, reserved 1114112K
  class space    used 4088K, committed 4544K, reserved 1048576K
}
Event: 70.025 GC heap before
{Heap before GC invocations=25 (full 2):
 PSYoungGen      total 19968K, used 19958K [0x00000000d5580000, 0x00000000d7080000, 0x0000000100000000)
  eden space 18432K, 99% used [0x00000000d5580000,0x00000000d677fff0,0x00000000d6780000)
  from space 1536K, 99% used [0x00000000d6b00000,0x00000000d6c7dbb0,0x00000000d6c80000)
  to   space 3584K, 0% used [0x00000000d6780000,0x00000000d6780000,0x00000000d6b00000)
 ParOldGen       total 68608K, used 32091K [0x0000000080000000, 0x0000000084300000, 0x00000000d5580000)
  object space 68608K, 46% used [0x0000000080000000,0x0000000081f56db8,0x0000000084300000)
 Metaspace       used 42937K, committed 44032K, reserved 1114112K
  class space    used 4210K, committed 4672K, reserved 1048576K
}
Event: 70.041 GC heap after
{Heap after GC invocations=25 (full 2):
 PSYoungGen      total 19968K, used 1273K [0x00000000d5580000, 0x00000000d6b80000, 0x0000000100000000)
  eden space 18432K, 0% used [0x00000000d5580000,0x00000000d5580000,0x00000000d6780000)
  from space 1536K, 82% used [0x00000000d6780000,0x00000000d68be4e8,0x00000000d6900000)
  to   space 2048K, 0% used [0x00000000d6980000,0x00000000d6980000,0x00000000d6b80000)
 ParOldGen       total 68608K, used 33557K [0x0000000080000000, 0x0000000084300000, 0x00000000d5580000)
  object space 68608K, 48% used [0x0000000080000000,0x00000000820c5668,0x0000000084300000)
 Metaspace       used 42937K, committed 44032K, reserved 1114112K
  class space    used 4210K, committed 4672K, reserved 1048576K
}
Event: 71.737 GC heap before
{Heap before GC invocations=26 (full 2):
 PSYoungGen      total 19968K, used 19705K [0x00000000d5580000, 0x00000000d6b80000, 0x0000000100000000)
  eden space 18432K, 100% used [0x00000000d5580000,0x00000000d6780000,0x00000000d6780000)
  from space 1536K, 82% used [0x00000000d6780000,0x00000000d68be4e8,0x00000000d6900000)
  to   space 2048K, 0% used [0x00000000d6980000,0x00000000d6980000,0x00000000d6b80000)
 ParOldGen       total 68608K, used 33557K [0x0000000080000000, 0x0000000084300000, 0x00000000d5580000)
  object space 68608K, 48% used [0x0000000080000000,0x00000000820c5668,0x0000000084300000)
 Metaspace       used 44118K, committed 45248K, reserved 1114112K
  class space    used 4279K, committed 4736K, reserved 1048576K
}
Event: 71.744 GC heap after
{Heap after GC invocations=26 (full 2):
 PSYoungGen      total 16896K, used 2040K [0x00000000d5580000, 0x00000000d7280000, 0x0000000100000000)
  eden space 14848K, 0% used [0x00000000d5580000,0x00000000d5580000,0x00000000d6400000)
  from space 2048K, 99% used [0x00000000d6980000,0x00000000d6b7e098,0x00000000d6b80000)
  to   space 5632K, 0% used [0x00000000d6400000,0x00000000d6400000,0x00000000d6980000)
 ParOldGen       total 68608K, used 36306K [0x0000000080000000, 0x0000000084300000, 0x00000000d5580000)
  object space 68608K, 52% used [0x0000000080000000,0x0000000082374ae8,0x0000000084300000)
 Metaspace       used 44118K, committed 45248K, reserved 1114112K
  class space    used 4279K, committed 4736K, reserved 1048576K
}
Event: 93.126 GC heap before
{Heap before GC invocations=27 (full 2):
 PSYoungGen      total 16896K, used 16888K [0x00000000d5580000, 0x00000000d7280000, 0x0000000100000000)
  eden space 14848K, 100% used [0x00000000d5580000,0x00000000d6400000,0x00000000d6400000)
  from space 2048K, 99% used [0x00000000d6980000,0x00000000d6b7e098,0x00000000d6b80000)
  to   space 5632K, 0% used [0x00000000d6400000,0x00000000d6400000,0x00000000d6980000)
 ParOldGen       total 68608K, used 36306K [0x0000000080000000, 0x0000000084300000, 0x00000000d5580000)
  object space 68608K, 52% used [0x0000000080000000,0x0000000082374ae8,0x0000000084300000)
 Metaspace       used 44694K, committed 45888K, reserved 1114112K
  class space    used 4294K, committed 4800K, reserved 1048576K
}
Event: 93.134 GC heap after
{Heap after GC invocations=27 (full 2):
 PSYoungGen      total 16896K, used 1728K [0x00000000d5580000, 0x00000000d6a00000, 0x0000000100000000)
  eden space 14848K, 0% used [0x00000000d5580000,0x00000000d5580000,0x00000000d6400000)
  from space 2048K, 84% used [0x00000000d6400000,0x00000000d65b0000,0x00000000d6600000)
  to   space 3072K, 0% used [0x00000000d6700000,0x00000000d6700000,0x00000000d6a00000)
 ParOldGen       total 68608K, used 38221K [0x0000000080000000, 0x0000000084300000, 0x00000000d5580000)
  object space 68608K, 55% used [0x0000000080000000,0x00000000825537b0,0x0000000084300000)
 Metaspace       used 44694K, committed 45888K, reserved 1114112K
  class space    used 4294K, committed 4800K, reserved 1048576K
}

