# JRE version: OpenJDK Runtime Environment Temurin-21.0.7+6 (21.0.7+6) (build 21.0.7+6-LTS)
# Java VM: OpenJDK 64-Bit Server VM Temurin-21.0.7+6 (21.0.7+6-LTS, mixed mode, sharing, tiered, compressed oops, compressed class ptrs, parallel gc, windows-amd64)
GC Precious Log:
 CardTable entry size: 512
 CPUs: 12 total, 12 available
 Memory: 5989M
 Large Page Support: Disabled
 NUMA Support: Disabled
 Compressed Oops: Enabled (32-bit)
 Alignments: Space 512K, Generation 512K, Heap 2M
 Heap Min Capacity: 100M
 Heap Initial Capacity: 100M
 Heap Max Capacity: 2G
 Pre-touch: Disabled
 Parallel Workers: 10
Heap:
 PSYoungGen      total 3072K, used 2787K [0x00000000d5580000, 0x00000000d5a00000, 0x0000000100000000)
  eden space 2048K, 100% used [0x00000000d5580000,0x00000000d5780000,0x00000000d5780000)
  from space 1024K, 72% used [0x00000000d5900000,0x00000000d59b8e38,0x00000000d5a00000)
  to   space 1024K, 34% used [0x00000000d5800000,0x00000000d5858040,0x00000000d5900000)
 ParOldGen       total 627200K, used 627192K [0x0000000080000000, 0x00000000a6480000, 0x00000000d5580000)
  object space 627200K, 99% used [0x0000000080000000,0x00000000a647e338,0x00000000a6480000)
 Metaspace       used 62286K, committed 63744K, reserved 1114112K
  class space    used 6507K, committed 7168K, reserved 1048576K
GC Heap History (20 events):
Event: 34.441 GC heap before
{Heap before GC invocations=994 (full 3):
 PSYoungGen      total 4096K, used 3712K [0x00000000d5580000, 0x00000000d5b80000, 0x0000000100000000)
  eden space 2048K, 100% used [0x00000000d5580000,0x00000000d5780000,0x00000000d5780000)
  from space 2048K, 81% used [0x00000000d5980000,0x00000000d5b20000,0x00000000d5b80000)
  to   space 2048K, 0% used [0x00000000d5780000,0x00000000d5780000,0x00000000d5980000)
 ParOldGen       total 616448K, used 616396K [0x0000000080000000, 0x00000000a5a00000, 0x00000000d5580000)
  object space 616448K, 99% used [0x0000000080000000,0x00000000a59f30d8,0x00000000a5a00000)
 Metaspace       used 61884K, committed 63360K, reserved 1114112K
  class space    used 6449K, committed 7104K, reserved 1048576K
}
Event: 34.447 GC heap after
{Heap after GC invocations=994 (full 3):
 PSYoungGen      total 4096K, used 1870K [0x00000000d5580000, 0x00000000d5c00000, 0x0000000100000000)
  eden space 2048K, 0% used [0x00000000d5580000,0x00000000d5580000,0x00000000d5780000)
  from space 2048K, 91% used [0x00000000d5780000,0x00000000d5953bb0,0x00000000d5980000)
  to   space 2048K, 0% used [0x00000000d5a00000,0x00000000d5a00000,0x00000000d5c00000)
 ParOldGen       total 617984K, used 617940K [0x0000000080000000, 0x00000000a5b80000, 0x00000000d5580000)
  object space 617984K, 99% used [0x0000000080000000,0x00000000a5b750d8,0x00000000a5b80000)
 Metaspace       used 61884K, committed 63360K, reserved 1114112K
  class space    used 6449K, committed 7104K, reserved 1048576K
}
Event: 34.470 GC heap before
{Heap before GC invocations=995 (full 3):
 PSYoungGen      total 4096K, used 3918K [0x00000000d5580000, 0x00000000d5c00000, 0x0000000100000000)
  eden space 2048K, 100% used [0x00000000d5580000,0x00000000d5780000,0x00000000d5780000)
  from space 2048K, 91% used [0x00000000d5780000,0x00000000d5953bb0,0x00000000d5980000)
  to   space 2048K, 0% used [0x00000000d5a00000,0x00000000d5a00000,0x00000000d5c00000)
 ParOldGen       total 617984K, used 617940K [0x0000000080000000, 0x00000000a5b80000, 0x00000000d5580000)
  object space 617984K, 99% used [0x0000000080000000,0x00000000a5b750d8,0x00000000a5b80000)
 Metaspace       used 61884K, committed 63360K, reserved 1114112K
  class space    used 6449K, committed 7104K, reserved 1048576K
}
Event: 35.665 GC heap after
{Heap after GC invocations=995 (full 3):
 PSYoungGen      total 4096K, used 2048K [0x00000000d5580000, 0x00000000d5c00000, 0x0000000100000000)
  eden space 2048K, 0% used [0x00000000d5580000,0x00000000d5580000,0x00000000d5780000)
  from space 2048K, 100% used [0x00000000d5a00000,0x00000000d5c00000,0x00000000d5c00000)
  to   space 2048K, 0% used [0x00000000d5780000,0x00000000d5780000,0x00000000d5980000)
 ParOldGen       total 620032K, used 619827K [0x0000000080000000, 0x00000000a5d80000, 0x00000000d5580000)
  object space 620032K, 99% used [0x0000000080000000,0x00000000a5d4cc88,0x00000000a5d80000)
 Metaspace       used 61884K, committed 63360K, reserved 1114112K
  class space    used 6449K, committed 7104K, reserved 1048576K
}
Event: 35.681 GC heap before
{Heap before GC invocations=996 (full 3):
 PSYoungGen      total 4096K, used 4096K [0x00000000d5580000, 0x00000000d5c00000, 0x0000000100000000)
  eden space 2048K, 100% used [0x00000000d5580000,0x00000000d5780000,0x00000000d5780000)
  from space 2048K, 100% used [0x00000000d5a00000,0x00000000d5c00000,0x00000000d5c00000)
  to   space 2048K, 0% used [0x00000000d5780000,0x00000000d5780000,0x00000000d5980000)
 ParOldGen       total 620032K, used 619827K [0x0000000080000000, 0x00000000a5d80000, 0x00000000d5580000)
  object space 620032K, 99% used [0x0000000080000000,0x00000000a5d4cc88,0x00000000a5d80000)
 Metaspace       used 61901K, committed 63360K, reserved 1114112K
  class space    used 6449K, committed 7104K, reserved 1048576K
}
Event: 35.685 GC heap after
{Heap after GC invocations=996 (full 3):
 PSYoungGen      total 4096K, used 1879K [0x00000000d5580000, 0x00000000d5d80000, 0x0000000100000000)
  eden space 2048K, 0% used [0x00000000d5580000,0x00000000d5580000,0x00000000d5780000)
  from space 2048K, 91% used [0x00000000d5780000,0x00000000d5955e10,0x00000000d5980000)
  to   space 3072K, 0% used [0x00000000d5a80000,0x00000000d5a80000,0x00000000d5d80000)
 ParOldGen       total 622080K, used 621835K [0x0000000080000000, 0x00000000a5f80000, 0x00000000d5580000)
  object space 622080K, 99% used [0x0000000080000000,0x00000000a5f42c88,0x00000000a5f80000)
 Metaspace       used 61901K, committed 63360K, reserved 1114112K
  class space    used 6449K, committed 7104K, reserved 1048576K
}
Event: 35.729 GC heap before
{Heap before GC invocations=997 (full 3):
 PSYoungGen      total 4096K, used 3927K [0x00000000d5580000, 0x00000000d5d80000, 0x0000000100000000)
  eden space 2048K, 100% used [0x00000000d5580000,0x00000000d5780000,0x00000000d5780000)
  from space 2048K, 91% used [0x00000000d5780000,0x00000000d5955e10,0x00000000d5980000)
  to   space 3072K, 0% used [0x00000000d5a80000,0x00000000d5a80000,0x00000000d5d80000)
 ParOldGen       total 622080K, used 621835K [0x0000000080000000, 0x00000000a5f80000, 0x00000000d5580000)
  object space 622080K, 99% used [0x0000000080000000,0x00000000a5f42c88,0x00000000a5f80000)
 Metaspace       used 61904K, committed 63360K, reserved 1114112K
  class space    used 6450K, committed 7104K, reserved 1048576K
}
Event: 35.734 GC heap after
{Heap after GC invocations=997 (full 3):
 PSYoungGen      total 3584K, used 1088K [0x00000000d5580000, 0x00000000d5c00000, 0x0000000100000000)
  eden space 2048K, 0% used [0x00000000d5580000,0x00000000d5580000,0x00000000d5780000)
  from space 1536K, 70% used [0x00000000d5a80000,0x00000000d5b90228,0x00000000d5c00000)
  to   space 1536K, 0% used [0x00000000d5900000,0x00000000d5900000,0x00000000d5a80000)
 ParOldGen       total 622592K, used 622579K [0x0000000080000000, 0x00000000a6000000, 0x00000000d5580000)
  object space 622592K, 99% used [0x0000000080000000,0x00000000a5ffcdf8,0x00000000a6000000)
 Metaspace       used 61904K, committed 63360K, reserved 1114112K
  class space    used 6450K, committed 7104K, reserved 1048576K
}
Event: 35.801 GC heap before
{Heap before GC invocations=998 (full 3):
 PSYoungGen      total 3584K, used 3136K [0x00000000d5580000, 0x00000000d5c00000, 0x0000000100000000)
  eden space 2048K, 100% used [0x00000000d5580000,0x00000000d5780000,0x00000000d5780000)
  from space 1536K, 70% used [0x00000000d5a80000,0x00000000d5b90228,0x00000000d5c00000)
  to   space 1536K, 0% used [0x00000000d5900000,0x00000000d5900000,0x00000000d5a80000)
 ParOldGen       total 622592K, used 622579K [0x0000000080000000, 0x00000000a6000000, 0x00000000d5580000)
  object space 622592K, 99% used [0x0000000080000000,0x00000000a5ffcdf8,0x00000000a6000000)
 Metaspace       used 61905K, committed 63360K, reserved 1114112K
  class space    used 6450K, committed 7104K, reserved 1048576K
}
Event: 35.806 GC heap after
{Heap after GC invocations=998 (full 3):
 PSYoungGen      total 3584K, used 1312K [0x00000000d5580000, 0x00000000d5b00000, 0x0000000100000000)
  eden space 2048K, 0% used [0x00000000d5580000,0x00000000d5580000,0x00000000d5780000)
  from space 1536K, 85% used [0x00000000d5900000,0x00000000d5a48010,0x00000000d5a80000)
  to   space 512K, 0% used [0x00000000d5a80000,0x00000000d5a80000,0x00000000d5b00000)
 ParOldGen       total 623616K, used 623380K [0x0000000080000000, 0x00000000a6100000, 0x00000000d5580000)
  object space 623616K, 99% used [0x0000000080000000,0x00000000a60c5018,0x00000000a6100000)
 Metaspace       used 61905K, committed 63360K, reserved 1114112K
  class space    used 6450K, committed 7104K, reserved 1048576K
}
Event: 35.843 GC heap before
{Heap before GC invocations=999 (full 3):
 PSYoungGen      total 3584K, used 3360K [0x00000000d5580000, 0x00000000d5b00000, 0x0000000100000000)
  eden space 2048K, 100% used [0x00000000d5580000,0x00000000d5780000,0x00000000d5780000)
  from space 1536K, 85% used [0x00000000d5900000,0x00000000d5a48010,0x00000000d5a80000)
  to   space 512K, 0% used [0x00000000d5a80000,0x00000000d5a80000,0x00000000d5b00000)
 ParOldGen       total 623616K, used 623380K [0x0000000080000000, 0x00000000a6100000, 0x00000000d5580000)
  object space 623616K, 99% used [0x0000000080000000,0x00000000a60c5018,0x00000000a6100000)
 Metaspace       used 61907K, committed 63360K, reserved 1114112K
  class space    used 6450K, committed 7104K, reserved 1048576K
}
Event: 35.847 GC heap after
{Heap after GC invocations=999 (full 3):
 PSYoungGen      total 2560K, used 503K [0x00000000d5580000, 0x00000000d5c80000, 0x0000000100000000)
  eden space 2048K, 0% used [0x00000000d5580000,0x00000000d5580000,0x00000000d5780000)
  from space 512K, 98% used [0x00000000d5a80000,0x00000000d5afdd38,0x00000000d5b00000)
  to   space 2560K, 0% used [0x00000000d5780000,0x00000000d5780000,0x00000000d5a00000)
 ParOldGen       total 625152K, used 624881K [0x0000000080000000, 0x00000000a6280000, 0x00000000d5580000)
  object space 625152K, 99% used [0x0000000080000000,0x00000000a623c6c0,0x00000000a6280000)
 Metaspace       used 61907K, committed 63360K, reserved 1114112K
  class space    used 6450K, committed 7104K, reserved 1048576K
}
Event: 35.915 GC heap before
{Heap before GC invocations=1000 (full 3):
 PSYoungGen      total 2560K, used 2551K [0x00000000d5580000, 0x00000000d5c80000, 0x0000000100000000)
  eden space 2048K, 100% used [0x00000000d5580000,0x00000000d5780000,0x00000000d5780000)
  from space 512K, 98% used [0x00000000d5a80000,0x00000000d5afdd38,0x00000000d5b00000)
  to   space 2560K, 0% used [0x00000000d5780000,0x00000000d5780000,0x00000000d5a00000)
 ParOldGen       total 625152K, used 624881K [0x0000000080000000, 0x00000000a6280000, 0x00000000d5580000)
  object space 625152K, 99% used [0x0000000080000000,0x00000000a623c6c0,0x00000000a6280000)
 Metaspace       used 61918K, committed 63360K, reserved 1114112K
  class space    used 6450K, committed 7104K, reserved 1048576K
}
Event: 35.918 GC heap after
{Heap after GC invocations=1000 (full 3):
 PSYoungGen      total 3584K, used 1028K [0x00000000d5580000, 0x00000000d5b00000, 0x0000000100000000)
  eden space 2048K, 0% used [0x00000000d5580000,0x00000000d5580000,0x00000000d5780000)
  from space 1536K, 66% used [0x00000000d5780000,0x00000000d5881008,0x00000000d5900000)
  to   space 1536K, 0% used [0x00000000d5980000,0x00000000d5980000,0x00000000d5b00000)
 ParOldGen       total 625664K, used 625189K [0x0000000080000000, 0x00000000a6300000, 0x00000000d5580000)
  object space 625664K, 99% used [0x0000000080000000,0x00000000a62894c0,0x00000000a6300000)
 Metaspace       used 61918K, committed 63360K, reserved 1114112K
  class space    used 6450K, committed 7104K, reserved 1048576K
}
Event: 35.977 GC heap before
{Heap before GC invocations=1001 (full 3):
 PSYoungGen      total 3584K, used 3076K [0x00000000d5580000, 0x00000000d5b00000, 0x0000000100000000)
  eden space 2048K, 100% used [0x00000000d5580000,0x00000000d5780000,0x00000000d5780000)
  from space 1536K, 66% used [0x00000000d5780000,0x00000000d5881008,0x00000000d5900000)
  to   space 1536K, 0% used [0x00000000d5980000,0x00000000d5980000,0x00000000d5b00000)
 ParOldGen       total 625664K, used 625189K [0x0000000080000000, 0x00000000a6300000, 0x00000000d5580000)
  object space 625664K, 99% used [0x0000000080000000,0x00000000a62894c0,0x00000000a6300000)
 Metaspace       used 61919K, committed 63360K, reserved 1114112K
  class space    used 6450K, committed 7104K, reserved 1048576K
}
Event: 35.981 GC heap after
{Heap after GC invocations=1001 (full 3):
 PSYoungGen      total 3072K, used 1010K [0x00000000d5580000, 0x00000000d5a80000, 0x0000000100000000)
  eden space 2048K, 0% used [0x00000000d5580000,0x00000000d5580000,0x00000000d5780000)
  from space 1024K, 98% used [0x00000000d5980000,0x00000000d5a7c808,0x00000000d5a80000)
  to   space 1536K, 0% used [0x00000000d5780000,0x00000000d5780000,0x00000000d5900000)
 ParOldGen       total 626176K, used 625800K [0x0000000080000000, 0x00000000a6380000, 0x00000000d5580000)
  object space 626176K, 99% used [0x0000000080000000,0x00000000a63222e0,0x00000000a6380000)
 Metaspace       used 61919K, committed 63360K, reserved 1114112K
  class space    used 6450K, committed 7104K, reserved 1048576K
}
Event: 36.135 GC heap before
{Heap before GC invocations=1002 (full 3):
 PSYoungGen      total 3072K, used 3058K [0x00000000d5580000, 0x00000000d5a80000, 0x0000000100000000)
  eden space 2048K, 100% used [0x00000000d5580000,0x00000000d5780000,0x00000000d5780000)
  from space 1024K, 98% used [0x00000000d5980000,0x00000000d5a7c808,0x00000000d5a80000)
  to   space 1536K, 0% used [0x00000000d5780000,0x00000000d5780000,0x00000000d5900000)
 ParOldGen       total 626176K, used 625800K [0x0000000080000000, 0x00000000a6380000, 0x00000000d5580000)
  object space 626176K, 99% used [0x0000000080000000,0x00000000a63222e0,0x00000000a6380000)
 Metaspace       used 62073K, committed 63488K, reserved 1114112K
  class space    used 6466K, committed 7104K, reserved 1048576K
}
Event: 36.139 GC heap after
{Heap after GC invocations=1002 (full 3):
 PSYoungGen      total 3584K, used 423K [0x00000000d5580000, 0x00000000d5a00000, 0x0000000100000000)
  eden space 2048K, 0% used [0x00000000d5580000,0x00000000d5580000,0x00000000d5780000)
  from space 1536K, 27% used [0x00000000d5780000,0x00000000d57e9e90,0x00000000d5900000)
  to   space 1024K, 0% used [0x00000000d5900000,0x00000000d5900000,0x00000000d5a00000)
 ParOldGen       total 626688K, used 626462K [0x0000000080000000, 0x00000000a6400000, 0x00000000d5580000)
  object space 626688K, 99% used [0x0000000080000000,0x00000000a63c7a70,0x00000000a6400000)
 Metaspace       used 62073K, committed 63488K, reserved 1114112K
  class space    used 6466K, committed 7104K, reserved 1048576K
}
Event: 36.233 GC heap before
{Heap before GC invocations=1003 (full 3):
 PSYoungGen      total 3584K, used 2471K [0x00000000d5580000, 0x00000000d5a00000, 0x0000000100000000)
  eden space 2048K, 100% used [0x00000000d5580000,0x00000000d5780000,0x00000000d5780000)
  from space 1536K, 27% used [0x00000000d5780000,0x00000000d57e9e90,0x00000000d5900000)
  to   space 1024K, 0% used [0x00000000d5900000,0x00000000d5900000,0x00000000d5a00000)
 ParOldGen       total 626688K, used 626462K [0x0000000080000000, 0x00000000a6400000, 0x00000000d5580000)
  object space 626688K, 99% used [0x0000000080000000,0x00000000a63c7a70,0x00000000a6400000)
 Metaspace       used 62172K, committed 63616K, reserved 1114112K
  class space    used 6481K, committed 7104K, reserved 1048576K
}
Event: 36.236 GC heap after
{Heap after GC invocations=1003 (full 3):
 PSYoungGen      total 3072K, used 739K [0x00000000d5580000, 0x00000000d5a00000, 0x0000000100000000)
  eden space 2048K, 0% used [0x00000000d5580000,0x00000000d5580000,0x00000000d5780000)
  from space 1024K, 72% used [0x00000000d5900000,0x00000000d59b8e38,0x00000000d5a00000)
  to   space 1024K, 0% used [0x00000000d5800000,0x00000000d5800000,0x00000000d5900000)
 ParOldGen       total 627200K, used 626801K [0x0000000080000000, 0x00000000a6480000, 0x00000000d5580000)
  object space 627200K, 99% used [0x0000000080000000,0x00000000a641c580,0x00000000a6480000)
 Metaspace       used 62172K, committed 63616K, reserved 1114112K
  class space    used 6481K, committed 7104K, reserved 1048576K
}

