# JRE version: OpenJDK Runtime Environment Temurin-21.0.7+6 (21.0.7+6) (build 21.0.7+6-LTS)
# Java VM: OpenJDK 64-Bit Server VM Temurin-21.0.7+6 (21.0.7+6-LTS, mixed mode, sharing, tiered, compressed oops, compressed class ptrs, parallel gc, windows-amd64)
GC Precious Log:
 CardTable entry size: 512
 CPUs: 12 total, 12 available
 Memory: 5989M
 Large Page Support: Disabled
 NUMA Support: Disabled
 Compressed Oops: Enabled (32-bit)
 Alignments: Space 512K, Generation 512K, Heap 2M
 Heap Min Capacity: 100M
 Heap Initial Capacity: 100M
 Heap Max Capacity: 2G
 Pre-touch: Disabled
 Parallel Workers: 10
Heap:
 PSYoungGen      total 4608K, used 2121K [0x00000000d5580000, 0x00000000d5c00000, 0x0000000100000000)
  eden space 3584K, 34% used [0x00000000d5580000,0x00000000d56b2668,0x00000000d5900000)
  from space 1024K, 87% used [0x00000000d5a80000,0x00000000d5b60020,0x00000000d5b80000)
  to   space 512K, 0% used [0x00000000d5b80000,0x00000000d5b80000,0x00000000d5c00000)
 ParOldGen       total 209408K, used 200590K [0x0000000080000000, 0x000000008cc80000, 0x00000000d5580000)
  object space 209408K, 95% used [0x0000000080000000,0x000000008c3e3938,0x000000008cc80000)
 Metaspace       used 69987K, committed 71552K, reserved 1114112K
  class space    used 7256K, committed 7936K, reserved 1048576K
GC Heap History (20 events):
Event: 80.432 GC heap before
{Heap before GC invocations=801 (full 4):
 PSYoungGen      total 4096K, used 3523K [0x00000000d5580000, 0x00000000d5b80000, 0x0000000100000000)
  eden space 2048K, 100% used [0x00000000d5580000,0x00000000d5780000,0x00000000d5780000)
  from space 2048K, 72% used [0x00000000d5980000,0x00000000d5af0f30,0x00000000d5b80000)
  to   space 2048K, 0% used [0x00000000d5780000,0x00000000d5780000,0x00000000d5980000)
 ParOldGen       total 209408K, used 192631K [0x0000000080000000, 0x000000008cc80000, 0x00000000d5580000)
  object space 209408K, 91% used [0x0000000080000000,0x000000008bc1de00,0x000000008cc80000)
 Metaspace       used 69743K, committed 71296K, reserved 1114112K
  class space    used 7251K, committed 7936K, reserved 1048576K
}
Event: 80.435 GC heap after
{Heap after GC invocations=801 (full 4):
 PSYoungGen      total 4096K, used 1998K [0x00000000d5580000, 0x00000000d5d00000, 0x0000000100000000)
  eden space 2048K, 0% used [0x00000000d5580000,0x00000000d5580000,0x00000000d5780000)
  from space 2048K, 97% used [0x00000000d5780000,0x00000000d5973bb0,0x00000000d5980000)
  to   space 2560K, 0% used [0x00000000d5a80000,0x00000000d5a80000,0x00000000d5d00000)
 ParOldGen       total 209408K, used 192631K [0x0000000080000000, 0x000000008cc80000, 0x00000000d5580000)
  object space 209408K, 91% used [0x0000000080000000,0x000000008bc1de00,0x000000008cc80000)
 Metaspace       used 69743K, committed 71296K, reserved 1114112K
  class space    used 7251K, committed 7936K, reserved 1048576K
}
Event: 80.451 GC heap before
{Heap before GC invocations=802 (full 4):
 PSYoungGen      total 4096K, used 4046K [0x00000000d5580000, 0x00000000d5d00000, 0x0000000100000000)
  eden space 2048K, 100% used [0x00000000d5580000,0x00000000d5780000,0x00000000d5780000)
  from space 2048K, 97% used [0x00000000d5780000,0x00000000d5973bb0,0x00000000d5980000)
  to   space 2560K, 0% used [0x00000000d5a80000,0x00000000d5a80000,0x00000000d5d00000)
 ParOldGen       total 209408K, used 192631K [0x0000000080000000, 0x000000008cc80000, 0x00000000d5580000)
  object space 209408K, 91% used [0x0000000080000000,0x000000008bc1de00,0x000000008cc80000)
 Metaspace       used 69743K, committed 71296K, reserved 1114112K
  class space    used 7251K, committed 7936K, reserved 1048576K
}
Event: 80.456 GC heap after
{Heap after GC invocations=802 (full 4):
 PSYoungGen      total 5120K, used 2208K [0x00000000d5580000, 0x00000000d5d00000, 0x0000000100000000)
  eden space 2560K, 0% used [0x00000000d5580000,0x00000000d5580000,0x00000000d5800000)
  from space 2560K, 86% used [0x00000000d5a80000,0x00000000d5ca8000,0x00000000d5d00000)
  to   space 2560K, 0% used [0x00000000d5800000,0x00000000d5800000,0x00000000d5a80000)
 ParOldGen       total 209408K, used 194574K [0x0000000080000000, 0x000000008cc80000, 0x00000000d5580000)
  object space 209408K, 92% used [0x0000000080000000,0x000000008be039b0,0x000000008cc80000)
 Metaspace       used 69743K, committed 71296K, reserved 1114112K
  class space    used 7251K, committed 7936K, reserved 1048576K
}
Event: 80.492 GC heap before
{Heap before GC invocations=803 (full 4):
 PSYoungGen      total 5120K, used 4768K [0x00000000d5580000, 0x00000000d5d00000, 0x0000000100000000)
  eden space 2560K, 100% used [0x00000000d5580000,0x00000000d5800000,0x00000000d5800000)
  from space 2560K, 86% used [0x00000000d5a80000,0x00000000d5ca8000,0x00000000d5d00000)
  to   space 2560K, 0% used [0x00000000d5800000,0x00000000d5800000,0x00000000d5a80000)
 ParOldGen       total 209408K, used 194574K [0x0000000080000000, 0x000000008cc80000, 0x00000000d5580000)
  object space 209408K, 92% used [0x0000000080000000,0x000000008be039b0,0x000000008cc80000)
 Metaspace       used 69763K, committed 71296K, reserved 1114112K
  class space    used 7251K, committed 7936K, reserved 1048576K
}
Event: 80.497 GC heap after
{Heap after GC invocations=803 (full 4):
 PSYoungGen      total 5120K, used 1258K [0x00000000d5580000, 0x00000000d5c80000, 0x0000000100000000)
  eden space 2560K, 0% used [0x00000000d5580000,0x00000000d5580000,0x00000000d5800000)
  from space 2560K, 49% used [0x00000000d5800000,0x00000000d593ab10,0x00000000d5a80000)
  to   space 2048K, 0% used [0x00000000d5a80000,0x00000000d5a80000,0x00000000d5c80000)
 ParOldGen       total 209408K, used 196654K [0x0000000080000000, 0x000000008cc80000, 0x00000000d5580000)
  object space 209408K, 93% used [0x0000000080000000,0x000000008c00b9b0,0x000000008cc80000)
 Metaspace       used 69763K, committed 71296K, reserved 1114112K
  class space    used 7251K, committed 7936K, reserved 1048576K
}
Event: 80.633 GC heap before
{Heap before GC invocations=804 (full 4):
 PSYoungGen      total 5120K, used 3818K [0x00000000d5580000, 0x00000000d5c80000, 0x0000000100000000)
  eden space 2560K, 100% used [0x00000000d5580000,0x00000000d5800000,0x00000000d5800000)
  from space 2560K, 49% used [0x00000000d5800000,0x00000000d593ab10,0x00000000d5a80000)
  to   space 2048K, 0% used [0x00000000d5a80000,0x00000000d5a80000,0x00000000d5c80000)
 ParOldGen       total 209408K, used 196654K [0x0000000080000000, 0x000000008cc80000, 0x00000000d5580000)
  object space 209408K, 93% used [0x0000000080000000,0x000000008c00b9b0,0x000000008cc80000)
 Metaspace       used 69763K, committed 71296K, reserved 1114112K
  class space    used 7251K, committed 7936K, reserved 1048576K
}
Event: 80.636 GC heap after
{Heap after GC invocations=804 (full 4):
 PSYoungGen      total 4608K, used 1056K [0x00000000d5580000, 0x00000000d5c00000, 0x0000000100000000)
  eden space 3072K, 0% used [0x00000000d5580000,0x00000000d5580000,0x00000000d5880000)
  from space 1536K, 68% used [0x00000000d5a80000,0x00000000d5b88018,0x00000000d5c00000)
  to   space 1536K, 0% used [0x00000000d5900000,0x00000000d5900000,0x00000000d5a80000)
 ParOldGen       total 209408K, used 197734K [0x0000000080000000, 0x000000008cc80000, 0x00000000d5580000)
  object space 209408K, 94% used [0x0000000080000000,0x000000008c1199b0,0x000000008cc80000)
 Metaspace       used 69763K, committed 71296K, reserved 1114112K
  class space    used 7251K, committed 7936K, reserved 1048576K
}
Event: 80.709 GC heap before
{Heap before GC invocations=805 (full 4):
 PSYoungGen      total 4608K, used 4128K [0x00000000d5580000, 0x00000000d5c00000, 0x0000000100000000)
  eden space 3072K, 100% used [0x00000000d5580000,0x00000000d5880000,0x00000000d5880000)
  from space 1536K, 68% used [0x00000000d5a80000,0x00000000d5b88018,0x00000000d5c00000)
  to   space 1536K, 0% used [0x00000000d5900000,0x00000000d5900000,0x00000000d5a80000)
 ParOldGen       total 209408K, used 197734K [0x0000000080000000, 0x000000008cc80000, 0x00000000d5580000)
  object space 209408K, 94% used [0x0000000080000000,0x000000008c1199b0,0x000000008cc80000)
 Metaspace       used 69764K, committed 71296K, reserved 1114112K
  class space    used 7251K, committed 7936K, reserved 1048576K
}
Event: 80.712 GC heap after
{Heap after GC invocations=805 (full 4):
 PSYoungGen      total 5120K, used 1535K [0x00000000d5580000, 0x00000000d5f80000, 0x0000000100000000)
  eden space 3584K, 0% used [0x00000000d5580000,0x00000000d5580000,0x00000000d5900000)
  from space 1536K, 99% used [0x00000000d5900000,0x00000000d5a7fd68,0x00000000d5a80000)
  to   space 3072K, 0% used [0x00000000d5c80000,0x00000000d5c80000,0x00000000d5f80000)
 ParOldGen       total 209408K, used 198694K [0x0000000080000000, 0x000000008cc80000, 0x00000000d5580000)
  object space 209408K, 94% used [0x0000000080000000,0x000000008c209a00,0x000000008cc80000)
 Metaspace       used 69764K, committed 71296K, reserved 1114112K
  class space    used 7251K, committed 7936K, reserved 1048576K
}
Event: 80.859 GC heap before
{Heap before GC invocations=806 (full 4):
 PSYoungGen      total 5120K, used 5119K [0x00000000d5580000, 0x00000000d5f80000, 0x0000000100000000)
  eden space 3584K, 100% used [0x00000000d5580000,0x00000000d5900000,0x00000000d5900000)
  from space 1536K, 99% used [0x00000000d5900000,0x00000000d5a7fd68,0x00000000d5a80000)
  to   space 3072K, 0% used [0x00000000d5c80000,0x00000000d5c80000,0x00000000d5f80000)
 ParOldGen       total 209408K, used 198694K [0x0000000080000000, 0x000000008cc80000, 0x00000000d5580000)
  object space 209408K, 94% used [0x0000000080000000,0x000000008c209a00,0x000000008cc80000)
 Metaspace       used 69776K, committed 71296K, reserved 1114112K
  class space    used 7251K, committed 7936K, reserved 1048576K
}
Event: 80.861 GC heap after
{Heap after GC invocations=806 (full 4):
 PSYoungGen      total 5120K, used 1192K [0x00000000d5580000, 0x00000000d5e00000, 0x0000000100000000)
  eden space 3584K, 0% used [0x00000000d5580000,0x00000000d5580000,0x00000000d5900000)
  from space 1536K, 77% used [0x00000000d5c80000,0x00000000d5daa018,0x00000000d5e00000)
  to   space 2048K, 0% used [0x00000000d5a00000,0x00000000d5a00000,0x00000000d5c00000)
 ParOldGen       total 209408K, used 199611K [0x0000000080000000, 0x000000008cc80000, 0x00000000d5580000)
  object space 209408K, 95% used [0x0000000080000000,0x000000008c2eed80,0x000000008cc80000)
 Metaspace       used 69776K, committed 71296K, reserved 1114112K
  class space    used 7251K, committed 7936K, reserved 1048576K
}
Event: 89.407 GC heap before
{Heap before GC invocations=807 (full 4):
 PSYoungGen      total 5120K, used 4776K [0x00000000d5580000, 0x00000000d5e00000, 0x0000000100000000)
  eden space 3584K, 100% used [0x00000000d5580000,0x00000000d5900000,0x00000000d5900000)
  from space 1536K, 77% used [0x00000000d5c80000,0x00000000d5daa018,0x00000000d5e00000)
  to   space 2048K, 0% used [0x00000000d5a00000,0x00000000d5a00000,0x00000000d5c00000)
 ParOldGen       total 209408K, used 199611K [0x0000000080000000, 0x000000008cc80000, 0x00000000d5580000)
  object space 209408K, 95% used [0x0000000080000000,0x000000008c2eed80,0x000000008cc80000)
 Metaspace       used 69797K, committed 71360K, reserved 1114112K
  class space    used 7252K, committed 7936K, reserved 1048576K
}
Event: 89.411 GC heap after
{Heap after GC invocations=807 (full 4):
 PSYoungGen      total 5632K, used 640K [0x00000000d5580000, 0x00000000d5d00000, 0x0000000100000000)
  eden space 3584K, 0% used [0x00000000d5580000,0x00000000d5580000,0x00000000d5900000)
  from space 2048K, 31% used [0x00000000d5a00000,0x00000000d5aa0000,0x00000000d5c00000)
  to   space 1024K, 0% used [0x00000000d5c00000,0x00000000d5c00000,0x00000000d5d00000)
 ParOldGen       total 209408K, used 200566K [0x0000000080000000, 0x000000008cc80000, 0x00000000d5580000)
  object space 209408K, 95% used [0x0000000080000000,0x000000008c3dd938,0x000000008cc80000)
 Metaspace       used 69797K, committed 71360K, reserved 1114112K
  class space    used 7252K, committed 7936K, reserved 1048576K
}
Event: 92.527 GC heap before
{Heap before GC invocations=808 (full 4):
 PSYoungGen      total 5632K, used 4224K [0x00000000d5580000, 0x00000000d5d00000, 0x0000000100000000)
  eden space 3584K, 100% used [0x00000000d5580000,0x00000000d5900000,0x00000000d5900000)
  from space 2048K, 31% used [0x00000000d5a00000,0x00000000d5aa0000,0x00000000d5c00000)
  to   space 1024K, 0% used [0x00000000d5c00000,0x00000000d5c00000,0x00000000d5d00000)
 ParOldGen       total 209408K, used 200566K [0x0000000080000000, 0x000000008cc80000, 0x00000000d5580000)
  object space 209408K, 95% used [0x0000000080000000,0x000000008c3dd938,0x000000008cc80000)
 Metaspace       used 69815K, committed 71360K, reserved 1114112K
  class space    used 7253K, committed 7936K, reserved 1048576K
}
Event: 92.531 GC heap after
{Heap after GC invocations=808 (full 4):
 PSYoungGen      total 4608K, used 960K [0x00000000d5580000, 0x00000000d5d00000, 0x0000000100000000)
  eden space 3584K, 0% used [0x00000000d5580000,0x00000000d5580000,0x00000000d5900000)
  from space 1024K, 93% used [0x00000000d5c00000,0x00000000d5cf0020,0x00000000d5d00000)
  to   space 1536K, 0% used [0x00000000d5a00000,0x00000000d5a00000,0x00000000d5b80000)
 ParOldGen       total 209408K, used 200566K [0x0000000080000000, 0x000000008cc80000, 0x00000000d5580000)
  object space 209408K, 95% used [0x0000000080000000,0x000000008c3dd938,0x000000008cc80000)
 Metaspace       used 69815K, committed 71360K, reserved 1114112K
  class space    used 7253K, committed 7936K, reserved 1048576K
}
Event: 92.675 GC heap before
{Heap before GC invocations=809 (full 4):
 PSYoungGen      total 4608K, used 4544K [0x00000000d5580000, 0x00000000d5d00000, 0x0000000100000000)
  eden space 3584K, 99% used [0x00000000d5580000,0x00000000d58ffff0,0x00000000d5900000)
  from space 1024K, 93% used [0x00000000d5c00000,0x00000000d5cf0020,0x00000000d5d00000)
  to   space 1536K, 0% used [0x00000000d5a00000,0x00000000d5a00000,0x00000000d5b80000)
 ParOldGen       total 209408K, used 200566K [0x0000000080000000, 0x000000008cc80000, 0x00000000d5580000)
  object space 209408K, 95% used [0x0000000080000000,0x000000008c3dd938,0x000000008cc80000)
 Metaspace       used 69855K, committed 71424K, reserved 1114112K
  class space    used 7254K, committed 7936K, reserved 1048576K
}
Event: 92.680 GC heap after
{Heap after GC invocations=809 (full 4):
 PSYoungGen      total 5120K, used 736K [0x00000000d5580000, 0x00000000d5c80000, 0x0000000100000000)
  eden space 3584K, 0% used [0x00000000d5580000,0x00000000d5580000,0x00000000d5900000)
  from space 1536K, 47% used [0x00000000d5a00000,0x00000000d5ab8020,0x00000000d5b80000)
  to   space 1024K, 0% used [0x00000000d5b80000,0x00000000d5b80000,0x00000000d5c80000)
 ParOldGen       total 209408K, used 200574K [0x0000000080000000, 0x000000008cc80000, 0x00000000d5580000)
  object space 209408K, 95% used [0x0000000080000000,0x000000008c3df938,0x000000008cc80000)
 Metaspace       used 69855K, committed 71424K, reserved 1114112K
  class space    used 7254K, committed 7936K, reserved 1048576K
}
Event: 92.870 GC heap before
{Heap before GC invocations=810 (full 4):
 PSYoungGen      total 5120K, used 4320K [0x00000000d5580000, 0x00000000d5c80000, 0x0000000100000000)
  eden space 3584K, 100% used [0x00000000d5580000,0x00000000d5900000,0x00000000d5900000)
  from space 1536K, 47% used [0x00000000d5a00000,0x00000000d5ab8020,0x00000000d5b80000)
  to   space 1024K, 0% used [0x00000000d5b80000,0x00000000d5b80000,0x00000000d5c80000)
 ParOldGen       total 209408K, used 200574K [0x0000000080000000, 0x000000008cc80000, 0x00000000d5580000)
  object space 209408K, 95% used [0x0000000080000000,0x000000008c3df938,0x000000008cc80000)
 Metaspace       used 69921K, committed 71488K, reserved 1114112K
  class space    used 7256K, committed 7936K, reserved 1048576K
}
Event: 92.874 GC heap after
{Heap after GC invocations=810 (full 4):
 PSYoungGen      total 4608K, used 864K [0x00000000d5580000, 0x00000000d5c80000, 0x0000000100000000)
  eden space 3584K, 0% used [0x00000000d5580000,0x00000000d5580000,0x00000000d5900000)
  from space 1024K, 84% used [0x00000000d5b80000,0x00000000d5c58020,0x00000000d5c80000)
  to   space 1024K, 0% used [0x00000000d5a80000,0x00000000d5a80000,0x00000000d5b80000)
 ParOldGen       total 209408K, used 200582K [0x0000000080000000, 0x000000008cc80000, 0x00000000d5580000)
  object space 209408K, 95% used [0x0000000080000000,0x000000008c3e1938,0x000000008cc80000)
 Metaspace       used 69921K, committed 71488K, reserved 1114112K
  class space    used 7256K, committed 7936K, reserved 1048576K
}

