# JRE version: OpenJDK Runtime Environment Temurin-21.0.7+6 (21.0.7+6) (build 21.0.7+6-LTS)
# Java VM: OpenJDK 64-Bit Server VM Temurin-21.0.7+6 (21.0.7+6-LTS, mixed mode, sharing, tiered, compressed oops, compressed class ptrs, parallel gc, windows-amd64)
GC Precious Log:
 CardTable entry size: 512
 CPUs: 12 total, 12 available
 Memory: 5989M
 Large Page Support: Disabled
 NUMA Support: Disabled
 Compressed Oops: Enabled (32-bit)
 Alignments: Space 512K, Generation 512K, Heap 2M
 Heap Min Capacity: 100M
 Heap Initial Capacity: 100M
 Heap Max Capacity: 2G
 Pre-touch: Disabled
 Parallel Workers: 10
Heap:
 PSYoungGen      total 4608K, used 3626K [0x00000000d5580000, 0x00000000d5d00000, 0x0000000100000000)
  eden space 3584K, 72% used [0x00000000d5580000,0x00000000d580ab48,0x00000000d5900000)
  from space 1024K, 100% used [0x00000000d5980000,0x00000000d5a80000,0x00000000d5a80000)
  to   space 2048K, 0% used [0x00000000d5b00000,0x00000000d5b00000,0x00000000d5d00000)
 ParOldGen       total 672256K, used 671931K [0x0000000080000000, 0x00000000a9080000, 0x00000000d5580000)
  object space 672256K, 99% used [0x0000000080000000,0x00000000a902ecb0,0x00000000a9080000)
 Metaspace       used 69119K, committed 70720K, reserved 1114112K
  class space    used 7114K, committed 7872K, reserved 1048576K
GC Heap History (20 events):
Event: 40.196 GC heap before
{Heap before GC invocations=860 (full 3):
 PSYoungGen      total 5120K, used 4672K [0x00000000d5580000, 0x00000000d5b80000, 0x0000000100000000)
  eden space 4096K, 100% used [0x00000000d5580000,0x00000000d5980000,0x00000000d5980000)
  from space 1024K, 56% used [0x00000000d5a80000,0x00000000d5b10000,0x00000000d5b80000)
  to   space 1024K, 0% used [0x00000000d5980000,0x00000000d5980000,0x00000000d5a80000)
 ParOldGen       total 664064K, used 663661K [0x0000000080000000, 0x00000000a8880000, 0x00000000d5580000)
  object space 664064K, 99% used [0x0000000080000000,0x00000000a881b418,0x00000000a8880000)
 Metaspace       used 68809K, committed 70400K, reserved 1114112K
  class space    used 7096K, committed 7808K, reserved 1048576K
}
Event: 40.199 GC heap after
{Heap after GC invocations=860 (full 3):
 PSYoungGen      total 5120K, used 635K [0x00000000d5580000, 0x00000000d5b80000, 0x0000000100000000)
  eden space 4096K, 0% used [0x00000000d5580000,0x00000000d5580000,0x00000000d5980000)
  from space 1024K, 62% used [0x00000000d5980000,0x00000000d5a1ec08,0x00000000d5a80000)
  to   space 1024K, 0% used [0x00000000d5a80000,0x00000000d5a80000,0x00000000d5b80000)
 ParOldGen       total 664576K, used 664117K [0x0000000080000000, 0x00000000a8900000, 0x00000000d5580000)
  object space 664576K, 99% used [0x0000000080000000,0x00000000a888d688,0x00000000a8900000)
 Metaspace       used 68809K, committed 70400K, reserved 1114112K
  class space    used 7096K, committed 7808K, reserved 1048576K
}
Event: 40.381 GC heap before
{Heap before GC invocations=861 (full 3):
 PSYoungGen      total 5120K, used 4622K [0x00000000d5580000, 0x00000000d5b80000, 0x0000000100000000)
  eden space 4096K, 97% used [0x00000000d5580000,0x00000000d5964c88,0x00000000d5980000)
  from space 1024K, 62% used [0x00000000d5980000,0x00000000d5a1ec08,0x00000000d5a80000)
  to   space 1024K, 0% used [0x00000000d5a80000,0x00000000d5a80000,0x00000000d5b80000)
 ParOldGen       total 664576K, used 664117K [0x0000000080000000, 0x00000000a8900000, 0x00000000d5580000)
  object space 664576K, 99% used [0x0000000080000000,0x00000000a888d688,0x00000000a8900000)
 Metaspace       used 68956K, committed 70592K, reserved 1114112K
  class space    used 7109K, committed 7872K, reserved 1048576K
}
Event: 40.384 GC heap after
{Heap after GC invocations=861 (full 3):
 PSYoungGen      total 4608K, used 992K [0x00000000d5580000, 0x00000000d5c80000, 0x0000000100000000)
  eden space 3584K, 0% used [0x00000000d5580000,0x00000000d5580000,0x00000000d5900000)
  from space 1024K, 96% used [0x00000000d5a80000,0x00000000d5b782a8,0x00000000d5b80000)
  to   space 1536K, 0% used [0x00000000d5900000,0x00000000d5900000,0x00000000d5a80000)
 ParOldGen       total 665088K, used 664648K [0x0000000080000000, 0x00000000a8980000, 0x00000000d5580000)
  object space 665088K, 99% used [0x0000000080000000,0x00000000a8912290,0x00000000a8980000)
 Metaspace       used 68956K, committed 70592K, reserved 1114112K
  class space    used 7109K, committed 7872K, reserved 1048576K
}
Event: 40.442 GC heap before
{Heap before GC invocations=862 (full 3):
 PSYoungGen      total 4608K, used 4576K [0x00000000d5580000, 0x00000000d5c80000, 0x0000000100000000)
  eden space 3584K, 100% used [0x00000000d5580000,0x00000000d5900000,0x00000000d5900000)
  from space 1024K, 96% used [0x00000000d5a80000,0x00000000d5b782a8,0x00000000d5b80000)
  to   space 1536K, 0% used [0x00000000d5900000,0x00000000d5900000,0x00000000d5a80000)
 ParOldGen       total 665088K, used 664648K [0x0000000080000000, 0x00000000a8980000, 0x00000000d5580000)
  object space 665088K, 99% used [0x0000000080000000,0x00000000a8912290,0x00000000a8980000)
 Metaspace       used 68997K, committed 70656K, reserved 1114112K
  class space    used 7114K, committed 7872K, reserved 1048576K
}
Event: 40.445 GC heap after
{Heap after GC invocations=862 (full 3):
 PSYoungGen      total 5120K, used 1517K [0x00000000d5580000, 0x00000000d5f00000, 0x0000000100000000)
  eden space 3584K, 0% used [0x00000000d5580000,0x00000000d5580000,0x00000000d5900000)
  from space 1536K, 98% used [0x00000000d5900000,0x00000000d5a7b608,0x00000000d5a80000)
  to   space 3072K, 0% used [0x00000000d5c00000,0x00000000d5c00000,0x00000000d5f00000)
 ParOldGen       total 666112K, used 665848K [0x0000000080000000, 0x00000000a8a80000, 0x00000000d5580000)
  object space 666112K, 99% used [0x0000000080000000,0x00000000a8a3e1e0,0x00000000a8a80000)
 Metaspace       used 68997K, committed 70656K, reserved 1114112K
  class space    used 7114K, committed 7872K, reserved 1048576K
}
Event: 40.480 GC heap before
{Heap before GC invocations=863 (full 3):
 PSYoungGen      total 5120K, used 5101K [0x00000000d5580000, 0x00000000d5f00000, 0x0000000100000000)
  eden space 3584K, 100% used [0x00000000d5580000,0x00000000d5900000,0x00000000d5900000)
  from space 1536K, 98% used [0x00000000d5900000,0x00000000d5a7b608,0x00000000d5a80000)
  to   space 3072K, 0% used [0x00000000d5c00000,0x00000000d5c00000,0x00000000d5f00000)
 ParOldGen       total 666112K, used 665848K [0x0000000080000000, 0x00000000a8a80000, 0x00000000d5580000)
  object space 666112K, 99% used [0x0000000080000000,0x00000000a8a3e1e0,0x00000000a8a80000)
 Metaspace       used 69023K, committed 70656K, reserved 1114112K
  class space    used 7114K, committed 7872K, reserved 1048576K
}
Event: 40.483 GC heap after
{Heap after GC invocations=863 (full 3):
 PSYoungGen      total 4608K, used 608K [0x00000000d5580000, 0x00000000d5d00000, 0x0000000100000000)
  eden space 3584K, 0% used [0x00000000d5580000,0x00000000d5580000,0x00000000d5900000)
  from space 1024K, 59% used [0x00000000d5c00000,0x00000000d5c98000,0x00000000d5d00000)
  to   space 1536K, 0% used [0x00000000d5a00000,0x00000000d5a00000,0x00000000d5b80000)
 ParOldGen       total 667648K, used 667386K [0x0000000080000000, 0x00000000a8c00000, 0x00000000d5580000)
  object space 667648K, 99% used [0x0000000080000000,0x00000000a8bbea18,0x00000000a8c00000)
 Metaspace       used 69023K, committed 70656K, reserved 1114112K
  class space    used 7114K, committed 7872K, reserved 1048576K
}
Event: 40.522 GC heap before
{Heap before GC invocations=864 (full 3):
 PSYoungGen      total 4608K, used 4192K [0x00000000d5580000, 0x00000000d5d00000, 0x0000000100000000)
  eden space 3584K, 100% used [0x00000000d5580000,0x00000000d5900000,0x00000000d5900000)
  from space 1024K, 59% used [0x00000000d5c00000,0x00000000d5c98000,0x00000000d5d00000)
  to   space 1536K, 0% used [0x00000000d5a00000,0x00000000d5a00000,0x00000000d5b80000)
 ParOldGen       total 667648K, used 667386K [0x0000000080000000, 0x00000000a8c00000, 0x00000000d5580000)
  object space 667648K, 99% used [0x0000000080000000,0x00000000a8bbea18,0x00000000a8c00000)
 Metaspace       used 69039K, committed 70656K, reserved 1114112K
  class space    used 7114K, committed 7872K, reserved 1048576K
}
Event: 40.526 GC heap after
{Heap after GC invocations=864 (full 3):
 PSYoungGen      total 5120K, used 736K [0x00000000d5580000, 0x00000000d5c80000, 0x0000000100000000)
  eden space 3584K, 0% used [0x00000000d5580000,0x00000000d5580000,0x00000000d5900000)
  from space 1536K, 47% used [0x00000000d5a00000,0x00000000d5ab8000,0x00000000d5b80000)
  to   space 1024K, 0% used [0x00000000d5b80000,0x00000000d5b80000,0x00000000d5c80000)
 ParOldGen       total 668160K, used 667858K [0x0000000080000000, 0x00000000a8c80000, 0x00000000d5580000)
  object space 668160K, 99% used [0x0000000080000000,0x00000000a8c34a18,0x00000000a8c80000)
 Metaspace       used 69039K, committed 70656K, reserved 1114112K
  class space    used 7114K, committed 7872K, reserved 1048576K
}
Event: 40.553 GC heap before
{Heap before GC invocations=865 (full 3):
 PSYoungGen      total 5120K, used 4320K [0x00000000d5580000, 0x00000000d5c80000, 0x0000000100000000)
  eden space 3584K, 100% used [0x00000000d5580000,0x00000000d5900000,0x00000000d5900000)
  from space 1536K, 47% used [0x00000000d5a00000,0x00000000d5ab8000,0x00000000d5b80000)
  to   space 1024K, 0% used [0x00000000d5b80000,0x00000000d5b80000,0x00000000d5c80000)
 ParOldGen       total 668160K, used 667858K [0x0000000080000000, 0x00000000a8c80000, 0x00000000d5580000)
  object space 668160K, 99% used [0x0000000080000000,0x00000000a8c34a18,0x00000000a8c80000)
 Metaspace       used 69056K, committed 70656K, reserved 1114112K
  class space    used 7114K, committed 7872K, reserved 1048576K
}
Event: 40.556 GC heap after
{Heap after GC invocations=865 (full 3):
 PSYoungGen      total 4608K, used 1024K [0x00000000d5580000, 0x00000000d5d00000, 0x0000000100000000)
  eden space 3584K, 0% used [0x00000000d5580000,0x00000000d5580000,0x00000000d5900000)
  from space 1024K, 100% used [0x00000000d5b80000,0x00000000d5c80000,0x00000000d5c80000)
  to   space 2048K, 0% used [0x00000000d5900000,0x00000000d5900000,0x00000000d5b00000)
 ParOldGen       total 668672K, used 668469K [0x0000000080000000, 0x00000000a8d00000, 0x00000000d5580000)
  object space 668672K, 99% used [0x0000000080000000,0x00000000a8ccd6f8,0x00000000a8d00000)
 Metaspace       used 69056K, committed 70656K, reserved 1114112K
  class space    used 7114K, committed 7872K, reserved 1048576K
}
Event: 40.585 GC heap before
{Heap before GC invocations=866 (full 3):
 PSYoungGen      total 4608K, used 4608K [0x00000000d5580000, 0x00000000d5d00000, 0x0000000100000000)
  eden space 3584K, 100% used [0x00000000d5580000,0x00000000d5900000,0x00000000d5900000)
  from space 1024K, 100% used [0x00000000d5b80000,0x00000000d5c80000,0x00000000d5c80000)
  to   space 2048K, 0% used [0x00000000d5900000,0x00000000d5900000,0x00000000d5b00000)
 ParOldGen       total 668672K, used 668469K [0x0000000080000000, 0x00000000a8d00000, 0x00000000d5580000)
  object space 668672K, 99% used [0x0000000080000000,0x00000000a8ccd6f8,0x00000000a8d00000)
 Metaspace       used 69061K, committed 70656K, reserved 1114112K
  class space    used 7114K, committed 7872K, reserved 1048576K
}
Event: 40.588 GC heap after
{Heap after GC invocations=866 (full 3):
 PSYoungGen      total 5632K, used 608K [0x00000000d5580000, 0x00000000d5c00000, 0x0000000100000000)
  eden space 3584K, 0% used [0x00000000d5580000,0x00000000d5580000,0x00000000d5900000)
  from space 2048K, 29% used [0x00000000d5900000,0x00000000d5998000,0x00000000d5b00000)
  to   space 1024K, 0% used [0x00000000d5b00000,0x00000000d5b00000,0x00000000d5c00000)
 ParOldGen       total 669696K, used 669373K [0x0000000080000000, 0x00000000a8e00000, 0x00000000d5580000)
  object space 669696K, 99% used [0x0000000080000000,0x00000000a8daf728,0x00000000a8e00000)
 Metaspace       used 69061K, committed 70656K, reserved 1114112K
  class space    used 7114K, committed 7872K, reserved 1048576K
}
Event: 40.660 GC heap before
{Heap before GC invocations=867 (full 3):
 PSYoungGen      total 5632K, used 4192K [0x00000000d5580000, 0x00000000d5c00000, 0x0000000100000000)
  eden space 3584K, 100% used [0x00000000d5580000,0x00000000d5900000,0x00000000d5900000)
  from space 2048K, 29% used [0x00000000d5900000,0x00000000d5998000,0x00000000d5b00000)
  to   space 1024K, 0% used [0x00000000d5b00000,0x00000000d5b00000,0x00000000d5c00000)
 ParOldGen       total 669696K, used 669373K [0x0000000080000000, 0x00000000a8e00000, 0x00000000d5580000)
  object space 669696K, 99% used [0x0000000080000000,0x00000000a8daf728,0x00000000a8e00000)
 Metaspace       used 69088K, committed 70720K, reserved 1114112K
  class space    used 7114K, committed 7872K, reserved 1048576K
}
Event: 40.662 GC heap after
{Heap after GC invocations=867 (full 3):
 PSYoungGen      total 4608K, used 1024K [0x00000000d5580000, 0x00000000d5d00000, 0x0000000100000000)
  eden space 3584K, 0% used [0x00000000d5580000,0x00000000d5580000,0x00000000d5900000)
  from space 1024K, 100% used [0x00000000d5b00000,0x00000000d5c00000,0x00000000d5c00000)
  to   space 2048K, 0% used [0x00000000d5900000,0x00000000d5900000,0x00000000d5b00000)
 ParOldGen       total 670208K, used 670037K [0x0000000080000000, 0x00000000a8e80000, 0x00000000d5580000)
  object space 670208K, 99% used [0x0000000080000000,0x00000000a8e55728,0x00000000a8e80000)
 Metaspace       used 69088K, committed 70720K, reserved 1114112K
  class space    used 7114K, committed 7872K, reserved 1048576K
}
Event: 40.681 GC heap before
{Heap before GC invocations=868 (full 3):
 PSYoungGen      total 4608K, used 4608K [0x00000000d5580000, 0x00000000d5d00000, 0x0000000100000000)
  eden space 3584K, 100% used [0x00000000d5580000,0x00000000d5900000,0x00000000d5900000)
  from space 1024K, 100% used [0x00000000d5b00000,0x00000000d5c00000,0x00000000d5c00000)
  to   space 2048K, 0% used [0x00000000d5900000,0x00000000d5900000,0x00000000d5b00000)
 ParOldGen       total 670208K, used 670037K [0x0000000080000000, 0x00000000a8e80000, 0x00000000d5580000)
  object space 670208K, 99% used [0x0000000080000000,0x00000000a8e55728,0x00000000a8e80000)
 Metaspace       used 69094K, committed 70720K, reserved 1114112K
  class space    used 7114K, committed 7872K, reserved 1048576K
}
Event: 40.684 GC heap after
{Heap after GC invocations=868 (full 3):
 PSYoungGen      total 4096K, used 374K [0x00000000d5580000, 0x00000000d5b80000, 0x0000000100000000)
  eden space 3584K, 0% used [0x00000000d5580000,0x00000000d5580000,0x00000000d5900000)
  from space 512K, 73% used [0x00000000d5900000,0x00000000d595db68,0x00000000d5980000)
  to   space 1024K, 0% used [0x00000000d5a80000,0x00000000d5a80000,0x00000000d5b80000)
 ParOldGen       total 671232K, used 671114K [0x0000000080000000, 0x00000000a8f80000, 0x00000000d5580000)
  object space 671232K, 99% used [0x0000000080000000,0x00000000a8f62b20,0x00000000a8f80000)
 Metaspace       used 69094K, committed 70720K, reserved 1114112K
  class space    used 7114K, committed 7872K, reserved 1048576K
}
Event: 40.715 GC heap before
{Heap before GC invocations=869 (full 3):
 PSYoungGen      total 4096K, used 3958K [0x00000000d5580000, 0x00000000d5b80000, 0x0000000100000000)
  eden space 3584K, 100% used [0x00000000d5580000,0x00000000d5900000,0x00000000d5900000)
  from space 512K, 73% used [0x00000000d5900000,0x00000000d595db68,0x00000000d5980000)
  to   space 1024K, 0% used [0x00000000d5a80000,0x00000000d5a80000,0x00000000d5b80000)
 ParOldGen       total 671232K, used 671114K [0x0000000080000000, 0x00000000a8f80000, 0x00000000d5580000)
  object space 671232K, 99% used [0x0000000080000000,0x00000000a8f62b20,0x00000000a8f80000)
 Metaspace       used 69105K, committed 70720K, reserved 1114112K
  class space    used 7114K, committed 7872K, reserved 1048576K
}
Event: 40.719 GC heap after
{Heap after GC invocations=869 (full 3):
 PSYoungGen      total 4608K, used 640K [0x00000000d5580000, 0x00000000d5b80000, 0x0000000100000000)
  eden space 3584K, 0% used [0x00000000d5580000,0x00000000d5580000,0x00000000d5900000)
  from space 1024K, 62% used [0x00000000d5a80000,0x00000000d5b20000,0x00000000d5b80000)
  to   space 1024K, 0% used [0x00000000d5980000,0x00000000d5980000,0x00000000d5a80000)
 ParOldGen       total 671744K, used 671314K [0x0000000080000000, 0x00000000a9000000, 0x00000000d5580000)
  object space 671744K, 99% used [0x0000000080000000,0x00000000a8f94b20,0x00000000a9000000)
 Metaspace       used 69105K, committed 70720K, reserved 1114112K
  class space    used 7114K, committed 7872K, reserved 1048576K
}

