# JRE version: OpenJDK Runtime Environment Temurin-21.0.7+6 (21.0.7+6) (build 21.0.7+6-LTS)
# Java VM: OpenJDK 64-Bit Server VM Temurin-21.0.7+6 (21.0.7+6-LTS, mixed mode, sharing, tiered, compressed oops, compressed class ptrs, parallel gc, windows-amd64)
GC Precious Log:
 CardTable entry size: 512
 CPUs: 12 total, 12 available
 Memory: 5989M
 Large Page Support: Disabled
 NUMA Support: Disabled
 Compressed Oops: Enabled (32-bit)
 Alignments: Space 512K, Generation 512K, Heap 2M
 Heap Min Capacity: 100M
 Heap Initial Capacity: 100M
 Heap Max Capacity: 2G
 Pre-touch: Disabled
 Parallel Workers: 10
Heap:
 PSYoungGen      total 15872K, used 2688K [0x00000000d5580000, 0x00000000d7280000, 0x0000000100000000)
  eden space 13824K, 7% used [0x00000000d5580000,0x00000000d56902c0,0x00000000d6300000)
  from space 2048K, 78% used [0x00000000d7080000,0x00000000d7210038,0x00000000d7280000)
  to   space 5632K, 0% used [0x00000000d6780000,0x00000000d6780000,0x00000000d6d00000)
 ParOldGen       total 358400K, used 358113K [0x0000000080000000, 0x0000000095e00000, 0x00000000d5580000)
  object space 358400K, 99% used [0x0000000080000000,0x0000000095db8658,0x0000000095e00000)
 Metaspace       used 59577K, committed 60992K, reserved 1114112K
  class space    used 6259K, committed 6912K, reserved 1048576K
GC Heap History (20 events):
Event: 73.383 GC heap after
{Heap after GC invocations=128 (full 4):
 PSYoungGen      total 16896K, used 4890K [0x00000000d5580000, 0x00000000d7000000, 0x0000000100000000)
  eden space 11776K, 0% used [0x00000000d5580000,0x00000000d5580000,0x00000000d6100000)
  from space 5120K, 95% used [0x00000000d6b00000,0x00000000d6fc6aa8,0x00000000d7000000)
  to   space 6656K, 0% used [0x00000000d6300000,0x00000000d6300000,0x00000000d6980000)
 ParOldGen       total 290304K, used 289860K [0x0000000080000000, 0x0000000091b80000, 0x00000000d5580000)
  object space 290304K, 99% used [0x0000000080000000,0x0000000091b110c8,0x0000000091b80000)
 Metaspace       used 58933K, committed 60288K, reserved 1114112K
  class space    used 6178K, committed 6784K, reserved 1048576K
}
Event: 73.605 GC heap before
{Heap before GC invocations=129 (full 4):
 PSYoungGen      total 16896K, used 16666K [0x00000000d5580000, 0x00000000d7000000, 0x0000000100000000)
  eden space 11776K, 100% used [0x00000000d5580000,0x00000000d6100000,0x00000000d6100000)
  from space 5120K, 95% used [0x00000000d6b00000,0x00000000d6fc6aa8,0x00000000d7000000)
  to   space 6656K, 0% used [0x00000000d6300000,0x00000000d6300000,0x00000000d6980000)
 ParOldGen       total 290304K, used 289860K [0x0000000080000000, 0x0000000091b80000, 0x00000000d5580000)
  object space 290304K, 99% used [0x0000000080000000,0x0000000091b110c8,0x0000000091b80000)
 Metaspace       used 58945K, committed 60288K, reserved 1114112K
  class space    used 6178K, committed 6784K, reserved 1048576K
}
Event: 73.611 GC heap after
{Heap after GC invocations=129 (full 4):
 PSYoungGen      total 18432K, used 6651K [0x00000000d5580000, 0x00000000d7500000, 0x0000000100000000)
  eden space 11776K, 0% used [0x00000000d5580000,0x00000000d5580000,0x00000000d6100000)
  from space 6656K, 99% used [0x00000000d6300000,0x00000000d697ed08,0x00000000d6980000)
  to   space 10240K, 0% used [0x00000000d6b00000,0x00000000d6b00000,0x00000000d7500000)
 ParOldGen       total 292352K, used 292257K [0x0000000080000000, 0x0000000091d80000, 0x00000000d5580000)
  object space 292352K, 99% used [0x0000000080000000,0x0000000091d686d0,0x0000000091d80000)
 Metaspace       used 58945K, committed 60288K, reserved 1114112K
  class space    used 6178K, committed 6784K, reserved 1048576K
}
Event: 74.031 GC heap before
{Heap before GC invocations=130 (full 4):
 PSYoungGen      total 18432K, used 18427K [0x00000000d5580000, 0x00000000d7500000, 0x0000000100000000)
  eden space 11776K, 100% used [0x00000000d5580000,0x00000000d6100000,0x00000000d6100000)
  from space 6656K, 99% used [0x00000000d6300000,0x00000000d697ed08,0x00000000d6980000)
  to   space 10240K, 0% used [0x00000000d6b00000,0x00000000d6b00000,0x00000000d7500000)
 ParOldGen       total 292352K, used 292257K [0x0000000080000000, 0x0000000091d80000, 0x00000000d5580000)
  object space 292352K, 99% used [0x0000000080000000,0x0000000091d686d0,0x0000000091d80000)
 Metaspace       used 58945K, committed 60288K, reserved 1114112K
  class space    used 6178K, committed 6784K, reserved 1048576K
}
Event: 74.050 GC heap after
{Heap after GC invocations=130 (full 4):
 PSYoungGen      total 22016K, used 9641K [0x00000000d5580000, 0x00000000d7500000, 0x0000000100000000)
  eden space 11776K, 0% used [0x00000000d5580000,0x00000000d5580000,0x00000000d6100000)
  from space 10240K, 94% used [0x00000000d6b00000,0x00000000d746a620,0x00000000d7500000)
  to   space 10240K, 0% used [0x00000000d6100000,0x00000000d6100000,0x00000000d6b00000)
 ParOldGen       total 298496K, used 298486K [0x0000000080000000, 0x0000000092380000, 0x00000000d5580000)
  object space 298496K, 99% used [0x0000000080000000,0x000000009237dba0,0x0000000092380000)
 Metaspace       used 58945K, committed 60288K, reserved 1114112K
  class space    used 6178K, committed 6784K, reserved 1048576K
}
Event: 74.275 GC heap before
{Heap before GC invocations=131 (full 4):
 PSYoungGen      total 22016K, used 21417K [0x00000000d5580000, 0x00000000d7500000, 0x0000000100000000)
  eden space 11776K, 100% used [0x00000000d5580000,0x00000000d6100000,0x00000000d6100000)
  from space 10240K, 94% used [0x00000000d6b00000,0x00000000d746a620,0x00000000d7500000)
  to   space 10240K, 0% used [0x00000000d6100000,0x00000000d6100000,0x00000000d6b00000)
 ParOldGen       total 298496K, used 298486K [0x0000000080000000, 0x0000000092380000, 0x00000000d5580000)
  object space 298496K, 99% used [0x0000000080000000,0x000000009237dba0,0x0000000092380000)
 Metaspace       used 58945K, committed 60288K, reserved 1114112K
  class space    used 6178K, committed 6784K, reserved 1048576K
}
Event: 74.290 GC heap after
{Heap after GC invocations=131 (full 4):
 PSYoungGen      total 22016K, used 10216K [0x00000000d5580000, 0x00000000d8700000, 0x0000000100000000)
  eden space 11776K, 0% used [0x00000000d5580000,0x00000000d5580000,0x00000000d6100000)
  from space 10240K, 99% used [0x00000000d6100000,0x00000000d6afa258,0x00000000d6b00000)
  to   space 19456K, 0% used [0x00000000d7400000,0x00000000d7400000,0x00000000d8700000)
 ParOldGen       total 306176K, used 305864K [0x0000000080000000, 0x0000000092b00000, 0x00000000d5580000)
  object space 306176K, 99% used [0x0000000080000000,0x0000000092ab2340,0x0000000092b00000)
 Metaspace       used 58945K, committed 60288K, reserved 1114112K
  class space    used 6178K, committed 6784K, reserved 1048576K
}
Event: 74.502 GC heap before
{Heap before GC invocations=132 (full 4):
 PSYoungGen      total 22016K, used 20890K [0x00000000d5580000, 0x00000000d8700000, 0x0000000100000000)
  eden space 11776K, 90% used [0x00000000d5580000,0x00000000d5fec8d0,0x00000000d6100000)
  from space 10240K, 99% used [0x00000000d6100000,0x00000000d6afa258,0x00000000d6b00000)
  to   space 19456K, 0% used [0x00000000d7400000,0x00000000d7400000,0x00000000d8700000)
 ParOldGen       total 306176K, used 305864K [0x0000000080000000, 0x0000000092b00000, 0x00000000d5580000)
  object space 306176K, 99% used [0x0000000080000000,0x0000000092ab2340,0x0000000092b00000)
 Metaspace       used 58947K, committed 60288K, reserved 1114112K
  class space    used 6178K, committed 6784K, reserved 1048576K
}
Event: 74.520 GC heap after
{Heap after GC invocations=132 (full 4):
 PSYoungGen      total 22528K, used 10582K [0x00000000d5580000, 0x00000000d7e80000, 0x0000000100000000)
  eden space 11776K, 0% used [0x00000000d5580000,0x00000000d5580000,0x00000000d6100000)
  from space 10752K, 98% used [0x00000000d7400000,0x00000000d7e55810,0x00000000d7e80000)
  to   space 13312K, 0% used [0x00000000d6480000,0x00000000d6480000,0x00000000d7180000)
 ParOldGen       total 313856K, used 313697K [0x0000000080000000, 0x0000000093280000, 0x00000000d5580000)
  object space 313856K, 99% used [0x0000000080000000,0x0000000093258590,0x0000000093280000)
 Metaspace       used 58947K, committed 60288K, reserved 1114112K
  class space    used 6178K, committed 6784K, reserved 1048576K
}
Event: 74.895 GC heap before
{Heap before GC invocations=133 (full 4):
 PSYoungGen      total 22528K, used 22358K [0x00000000d5580000, 0x00000000d7e80000, 0x0000000100000000)
  eden space 11776K, 100% used [0x00000000d5580000,0x00000000d6100000,0x00000000d6100000)
  from space 10752K, 98% used [0x00000000d7400000,0x00000000d7e55810,0x00000000d7e80000)
  to   space 13312K, 0% used [0x00000000d6480000,0x00000000d6480000,0x00000000d7180000)
 ParOldGen       total 313856K, used 313697K [0x0000000080000000, 0x0000000093280000, 0x00000000d5580000)
  object space 313856K, 99% used [0x0000000080000000,0x0000000093258590,0x0000000093280000)
 Metaspace       used 58947K, committed 60288K, reserved 1114112K
  class space    used 6178K, committed 6784K, reserved 1048576K
}
Event: 74.916 GC heap after
{Heap after GC invocations=133 (full 4):
 PSYoungGen      total 25088K, used 13299K [0x00000000d5580000, 0x00000000d9100000, 0x0000000100000000)
  eden space 11776K, 0% used [0x00000000d5580000,0x00000000d5580000,0x00000000d6100000)
  from space 13312K, 99% used [0x00000000d6480000,0x00000000d717ced8,0x00000000d7180000)
  to   space 24576K, 0% used [0x00000000d7900000,0x00000000d7900000,0x00000000d9100000)
 ParOldGen       total 322560K, used 322439K [0x0000000080000000, 0x0000000093b00000, 0x00000000d5580000)
  object space 322560K, 99% used [0x0000000080000000,0x0000000093ae1fb8,0x0000000093b00000)
 Metaspace       used 58947K, committed 60288K, reserved 1114112K
  class space    used 6178K, committed 6784K, reserved 1048576K
}
Event: 75.237 GC heap before
{Heap before GC invocations=134 (full 4):
 PSYoungGen      total 25088K, used 25075K [0x00000000d5580000, 0x00000000d9100000, 0x0000000100000000)
  eden space 11776K, 100% used [0x00000000d5580000,0x00000000d6100000,0x00000000d6100000)
  from space 13312K, 99% used [0x00000000d6480000,0x00000000d717ced8,0x00000000d7180000)
  to   space 24576K, 0% used [0x00000000d7900000,0x00000000d7900000,0x00000000d9100000)
 ParOldGen       total 322560K, used 322439K [0x0000000080000000, 0x0000000093b00000, 0x00000000d5580000)
  object space 322560K, 99% used [0x0000000080000000,0x0000000093ae1fb8,0x0000000093b00000)
 Metaspace       used 58966K, committed 60352K, reserved 1114112K
  class space    used 6178K, committed 6784K, reserved 1048576K
}
Event: 75.265 GC heap after
{Heap after GC invocations=134 (full 4):
 PSYoungGen      total 24064K, used 11944K [0x00000000d5580000, 0x00000000d8500000, 0x0000000100000000)
  eden space 11776K, 0% used [0x00000000d5580000,0x00000000d5580000,0x00000000d6100000)
  from space 12288K, 97% used [0x00000000d7900000,0x00000000d84aa3e0,0x00000000d8500000)
  to   space 15872K, 0% used [0x00000000d6600000,0x00000000d6600000,0x00000000d7580000)
 ParOldGen       total 335872K, used 335353K [0x0000000080000000, 0x0000000094800000, 0x00000000d5580000)
  object space 335872K, 99% used [0x0000000080000000,0x000000009477e5f0,0x0000000094800000)
 Metaspace       used 58966K, committed 60352K, reserved 1114112K
  class space    used 6178K, committed 6784K, reserved 1048576K
}
Event: 76.994 GC heap before
{Heap before GC invocations=135 (full 4):
 PSYoungGen      total 24064K, used 23720K [0x00000000d5580000, 0x00000000d8500000, 0x0000000100000000)
  eden space 11776K, 100% used [0x00000000d5580000,0x00000000d6100000,0x00000000d6100000)
  from space 12288K, 97% used [0x00000000d7900000,0x00000000d84aa3e0,0x00000000d8500000)
  to   space 15872K, 0% used [0x00000000d6600000,0x00000000d6600000,0x00000000d7580000)
 ParOldGen       total 335872K, used 335353K [0x0000000080000000, 0x0000000094800000, 0x00000000d5580000)
  object space 335872K, 99% used [0x0000000080000000,0x000000009477e5f0,0x0000000094800000)
 Metaspace       used 59207K, committed 60672K, reserved 1114112K
  class space    used 6203K, committed 6848K, reserved 1048576K
}
Event: 77.014 GC heap after
{Heap after GC invocations=135 (full 4):
 PSYoungGen      total 27648K, used 15854K [0x00000000d5580000, 0x00000000d8500000, 0x0000000100000000)
  eden space 11776K, 0% used [0x00000000d5580000,0x00000000d5580000,0x00000000d6100000)
  from space 15872K, 99% used [0x00000000d6600000,0x00000000d757b978,0x00000000d7580000)
  to   space 15872K, 0% used [0x00000000d7580000,0x00000000d7580000,0x00000000d8500000)
 ParOldGen       total 336896K, used 336465K [0x0000000080000000, 0x0000000094900000, 0x00000000d5580000)
  object space 336896K, 99% used [0x0000000080000000,0x00000000948945f0,0x0000000094900000)
 Metaspace       used 59207K, committed 60672K, reserved 1114112K
  class space    used 6203K, committed 6848K, reserved 1048576K
}
Event: 77.252 GC heap before
{Heap before GC invocations=136 (full 4):
 PSYoungGen      total 27648K, used 27630K [0x00000000d5580000, 0x00000000d8500000, 0x0000000100000000)
  eden space 11776K, 100% used [0x00000000d5580000,0x00000000d6100000,0x00000000d6100000)
  from space 15872K, 99% used [0x00000000d6600000,0x00000000d757b978,0x00000000d7580000)
  to   space 15872K, 0% used [0x00000000d7580000,0x00000000d7580000,0x00000000d8500000)
 ParOldGen       total 336896K, used 336465K [0x0000000080000000, 0x0000000094900000, 0x00000000d5580000)
  object space 336896K, 99% used [0x0000000080000000,0x00000000948945f0,0x0000000094900000)
 Metaspace       used 59342K, committed 60800K, reserved 1114112K
  class space    used 6214K, committed 6848K, reserved 1048576K
}
Event: 77.273 GC heap after
{Heap after GC invocations=136 (full 4):
 PSYoungGen      total 14848K, used 2566K [0x00000000d5580000, 0x00000000d7880000, 0x0000000100000000)
  eden space 11776K, 0% used [0x00000000d5580000,0x00000000d5580000,0x00000000d6100000)
  from space 3072K, 83% used [0x00000000d7580000,0x00000000d7801a50,0x00000000d7880000)
  to   space 8192K, 0% used [0x00000000d6880000,0x00000000d6880000,0x00000000d7080000)
 ParOldGen       total 352256K, used 351866K [0x0000000080000000, 0x0000000095800000, 0x00000000d5580000)
  object space 352256K, 99% used [0x0000000080000000,0x000000009579ebf0,0x0000000095800000)
 Metaspace       used 59342K, committed 60800K, reserved 1114112K
  class space    used 6214K, committed 6848K, reserved 1048576K
}
Event: 77.362 GC heap before
{Heap before GC invocations=137 (full 4):
 PSYoungGen      total 14848K, used 14342K [0x00000000d5580000, 0x00000000d7880000, 0x0000000100000000)
  eden space 11776K, 100% used [0x00000000d5580000,0x00000000d6100000,0x00000000d6100000)
  from space 3072K, 83% used [0x00000000d7580000,0x00000000d7801a50,0x00000000d7880000)
  to   space 8192K, 0% used [0x00000000d6880000,0x00000000d6880000,0x00000000d7080000)
 ParOldGen       total 352256K, used 351866K [0x0000000080000000, 0x0000000095800000, 0x00000000d5580000)
  object space 352256K, 99% used [0x0000000080000000,0x000000009579ebf0,0x0000000095800000)
 Metaspace       used 59370K, committed 60800K, reserved 1114112K
  class space    used 6215K, committed 6848K, reserved 1048576K
}
Event: 77.373 GC heap after
{Heap after GC invocations=137 (full 4):
 PSYoungGen      total 19968K, used 8170K [0x00000000d5580000, 0x00000000d7c00000, 0x0000000100000000)
  eden space 11776K, 0% used [0x00000000d5580000,0x00000000d5580000,0x00000000d6100000)
  from space 8192K, 99% used [0x00000000d6880000,0x00000000d707aaf0,0x00000000d7080000)
  to   space 11776K, 0% used [0x00000000d7080000,0x00000000d7080000,0x00000000d7c00000)
 ParOldGen       total 355840K, used 355633K [0x0000000080000000, 0x0000000095b80000, 0x00000000d5580000)
  object space 355840K, 99% used [0x0000000080000000,0x0000000095b4c658,0x0000000095b80000)
 Metaspace       used 59370K, committed 60800K, reserved 1114112K
  class space    used 6215K, committed 6848K, reserved 1048576K
}
Event: 77.747 GC heap before
{Heap before GC invocations=138 (full 4):
 PSYoungGen      total 19968K, used 19946K [0x00000000d5580000, 0x00000000d7c00000, 0x0000000100000000)
  eden space 11776K, 100% used [0x00000000d5580000,0x00000000d6100000,0x00000000d6100000)
  from space 8192K, 99% used [0x00000000d6880000,0x00000000d707aaf0,0x00000000d7080000)
  to   space 11776K, 0% used [0x00000000d7080000,0x00000000d7080000,0x00000000d7c00000)
 ParOldGen       total 355840K, used 355633K [0x0000000080000000, 0x0000000095b80000, 0x00000000d5580000)
  object space 355840K, 99% used [0x0000000080000000,0x0000000095b4c658,0x0000000095b80000)
 Metaspace       used 59521K, committed 60928K, reserved 1114112K
  class space    used 6247K, committed 6848K, reserved 1048576K
}

