# JRE version: OpenJDK Runtime Environment Temurin-21.0.7+6 (21.0.7+6) (build 21.0.7+6-LTS)
# Java VM: OpenJDK 64-Bit Server VM Temurin-21.0.7+6 (21.0.7+6-LTS, mixed mode, sharing, tiered, compressed oops, compressed class ptrs, parallel gc, windows-amd64)
GC Precious Log:
 CardTable entry size: 512
 CPUs: 12 total, 12 available
 Memory: 5989M
 Large Page Support: Disabled
 NUMA Support: Disabled
 Compressed Oops: Enabled (32-bit)
 Alignments: Space 512K, Generation 512K, Heap 2M
 Heap Min Capacity: 100M
 Heap Initial Capacity: 100M
 Heap Max Capacity: 2G
 Pre-touch: Disabled
 Parallel Workers: 10
Heap:
 PSYoungGen      total 3584K, used 3168K [0x00000000d5580000, 0x00000000d5a80000, 0x0000000100000000)
  eden space 2560K, 100% used [0x00000000d5580000,0x00000000d5800000,0x00000000d5800000)
  from space 1024K, 59% used [0x00000000d5800000,0x00000000d5898000,0x00000000d5900000)
  to   space 1024K, 31% used [0x00000000d5980000,0x00000000d59d0000,0x00000000d5a80000)
 ParOldGen       total 458752K, used 458746K [0x0000000080000000, 0x000000009c000000, 0x00000000d5580000)
  object space 458752K, 99% used [0x0000000080000000,0x000000009bffe8a0,0x000000009c000000)
 Metaspace       used 67100K, committed 68736K, reserved 1114112K
  class space    used 6904K, committed 7616K, reserved 1048576K
GC Heap History (20 events):
Event: 41.969 GC heap after
{Heap after GC invocations=578 (full 3):
 PSYoungGen      total 3584K, used 640K [0x00000000d5580000, 0x00000000d5a00000, 0x0000000100000000)
  eden space 2560K, 0% used [0x00000000d5580000,0x00000000d5580000,0x00000000d5800000)
  from space 1024K, 62% used [0x00000000d5800000,0x00000000d58a0000,0x00000000d5900000)
  to   space 1024K, 0% used [0x00000000d5900000,0x00000000d5900000,0x00000000d5a00000)
 ParOldGen       total 454144K, used 453802K [0x0000000080000000, 0x000000009bb80000, 0x00000000d5580000)
  object space 454144K, 99% used [0x0000000080000000,0x000000009bb2a890,0x000000009bb80000)
 Metaspace       used 67100K, committed 68736K, reserved 1114112K
  class space    used 6904K, committed 7616K, reserved 1048576K
}
Event: 41.989 GC heap before
{Heap before GC invocations=579 (full 3):
 PSYoungGen      total 3584K, used 3200K [0x00000000d5580000, 0x00000000d5a00000, 0x0000000100000000)
  eden space 2560K, 100% used [0x00000000d5580000,0x00000000d5800000,0x00000000d5800000)
  from space 1024K, 62% used [0x00000000d5800000,0x00000000d58a0000,0x00000000d5900000)
  to   space 1024K, 0% used [0x00000000d5900000,0x00000000d5900000,0x00000000d5a00000)
 ParOldGen       total 454144K, used 453802K [0x0000000080000000, 0x000000009bb80000, 0x00000000d5580000)
  object space 454144K, 99% used [0x0000000080000000,0x000000009bb2a890,0x000000009bb80000)
 Metaspace       used 67100K, committed 68736K, reserved 1114112K
  class space    used 6904K, committed 7616K, reserved 1048576K
}
Event: 41.991 GC heap after
{Heap after GC invocations=579 (full 3):
 PSYoungGen      total 3584K, used 672K [0x00000000d5580000, 0x00000000d5a00000, 0x0000000100000000)
  eden space 2560K, 0% used [0x00000000d5580000,0x00000000d5580000,0x00000000d5800000)
  from space 1024K, 65% used [0x00000000d5900000,0x00000000d59a8000,0x00000000d5a00000)
  to   space 1024K, 0% used [0x00000000d5800000,0x00000000d5800000,0x00000000d5900000)
 ParOldGen       total 454656K, used 454298K [0x0000000080000000, 0x000000009bc00000, 0x00000000d5580000)
  object space 454656K, 99% used [0x0000000080000000,0x000000009bba6890,0x000000009bc00000)
 Metaspace       used 67100K, committed 68736K, reserved 1114112K
  class space    used 6904K, committed 7616K, reserved 1048576K
}
Event: 42.006 GC heap before
{Heap before GC invocations=580 (full 3):
 PSYoungGen      total 3584K, used 3232K [0x00000000d5580000, 0x00000000d5a00000, 0x0000000100000000)
  eden space 2560K, 100% used [0x00000000d5580000,0x00000000d5800000,0x00000000d5800000)
  from space 1024K, 65% used [0x00000000d5900000,0x00000000d59a8000,0x00000000d5a00000)
  to   space 1024K, 0% used [0x00000000d5800000,0x00000000d5800000,0x00000000d5900000)
 ParOldGen       total 454656K, used 454298K [0x0000000080000000, 0x000000009bc00000, 0x00000000d5580000)
  object space 454656K, 99% used [0x0000000080000000,0x000000009bba6890,0x000000009bc00000)
 Metaspace       used 67100K, committed 68736K, reserved 1114112K
  class space    used 6904K, committed 7616K, reserved 1048576K
}
Event: 42.009 GC heap after
{Heap after GC invocations=580 (full 3):
 PSYoungGen      total 3584K, used 544K [0x00000000d5580000, 0x00000000d5a00000, 0x0000000100000000)
  eden space 2560K, 0% used [0x00000000d5580000,0x00000000d5580000,0x00000000d5800000)
  from space 1024K, 53% used [0x00000000d5800000,0x00000000d5888000,0x00000000d5900000)
  to   space 1024K, 0% used [0x00000000d5900000,0x00000000d5900000,0x00000000d5a00000)
 ParOldGen       total 455168K, used 454794K [0x0000000080000000, 0x000000009bc80000, 0x00000000d5580000)
  object space 455168K, 99% used [0x0000000080000000,0x000000009bc22890,0x000000009bc80000)
 Metaspace       used 67100K, committed 68736K, reserved 1114112K
  class space    used 6904K, committed 7616K, reserved 1048576K
}
Event: 42.026 GC heap before
{Heap before GC invocations=581 (full 3):
 PSYoungGen      total 3584K, used 3104K [0x00000000d5580000, 0x00000000d5a00000, 0x0000000100000000)
  eden space 2560K, 100% used [0x00000000d5580000,0x00000000d5800000,0x00000000d5800000)
  from space 1024K, 53% used [0x00000000d5800000,0x00000000d5888000,0x00000000d5900000)
  to   space 1024K, 0% used [0x00000000d5900000,0x00000000d5900000,0x00000000d5a00000)
 ParOldGen       total 455168K, used 454794K [0x0000000080000000, 0x000000009bc80000, 0x00000000d5580000)
  object space 455168K, 99% used [0x0000000080000000,0x000000009bc22890,0x000000009bc80000)
 Metaspace       used 67100K, committed 68736K, reserved 1114112K
  class space    used 6904K, committed 7616K, reserved 1048576K
}
Event: 42.029 GC heap after
{Heap after GC invocations=581 (full 3):
 PSYoungGen      total 3584K, used 608K [0x00000000d5580000, 0x00000000d5a00000, 0x0000000100000000)
  eden space 2560K, 0% used [0x00000000d5580000,0x00000000d5580000,0x00000000d5800000)
  from space 1024K, 59% used [0x00000000d5900000,0x00000000d5998000,0x00000000d5a00000)
  to   space 1024K, 0% used [0x00000000d5800000,0x00000000d5800000,0x00000000d5900000)
 ParOldGen       total 455680K, used 455234K [0x0000000080000000, 0x000000009bd00000, 0x00000000d5580000)
  object space 455680K, 99% used [0x0000000080000000,0x000000009bc90890,0x000000009bd00000)
 Metaspace       used 67100K, committed 68736K, reserved 1114112K
  class space    used 6904K, committed 7616K, reserved 1048576K
}
Event: 42.049 GC heap before
{Heap before GC invocations=582 (full 3):
 PSYoungGen      total 3584K, used 3168K [0x00000000d5580000, 0x00000000d5a00000, 0x0000000100000000)
  eden space 2560K, 100% used [0x00000000d5580000,0x00000000d5800000,0x00000000d5800000)
  from space 1024K, 59% used [0x00000000d5900000,0x00000000d5998000,0x00000000d5a00000)
  to   space 1024K, 0% used [0x00000000d5800000,0x00000000d5800000,0x00000000d5900000)
 ParOldGen       total 455680K, used 455234K [0x0000000080000000, 0x000000009bd00000, 0x00000000d5580000)
  object space 455680K, 99% used [0x0000000080000000,0x000000009bc90890,0x000000009bd00000)
 Metaspace       used 67100K, committed 68736K, reserved 1114112K
  class space    used 6904K, committed 7616K, reserved 1048576K
}
Event: 42.052 GC heap after
{Heap after GC invocations=582 (full 3):
 PSYoungGen      total 3584K, used 640K [0x00000000d5580000, 0x00000000d5a00000, 0x0000000100000000)
  eden space 2560K, 0% used [0x00000000d5580000,0x00000000d5580000,0x00000000d5800000)
  from space 1024K, 62% used [0x00000000d5800000,0x00000000d58a0000,0x00000000d5900000)
  to   space 1024K, 0% used [0x00000000d5900000,0x00000000d5900000,0x00000000d5a00000)
 ParOldGen       total 455680K, used 455666K [0x0000000080000000, 0x000000009bd00000, 0x00000000d5580000)
  object space 455680K, 99% used [0x0000000080000000,0x000000009bcfc890,0x000000009bd00000)
 Metaspace       used 67100K, committed 68736K, reserved 1114112K
  class space    used 6904K, committed 7616K, reserved 1048576K
}
Event: 42.070 GC heap before
{Heap before GC invocations=583 (full 3):
 PSYoungGen      total 3584K, used 3200K [0x00000000d5580000, 0x00000000d5a00000, 0x0000000100000000)
  eden space 2560K, 100% used [0x00000000d5580000,0x00000000d5800000,0x00000000d5800000)
  from space 1024K, 62% used [0x00000000d5800000,0x00000000d58a0000,0x00000000d5900000)
  to   space 1024K, 0% used [0x00000000d5900000,0x00000000d5900000,0x00000000d5a00000)
 ParOldGen       total 455680K, used 455666K [0x0000000080000000, 0x000000009bd00000, 0x00000000d5580000)
  object space 455680K, 99% used [0x0000000080000000,0x000000009bcfc890,0x000000009bd00000)
 Metaspace       used 67100K, committed 68736K, reserved 1114112K
  class space    used 6904K, committed 7616K, reserved 1048576K
}
Event: 42.072 GC heap after
{Heap after GC invocations=583 (full 3):
 PSYoungGen      total 3584K, used 640K [0x00000000d5580000, 0x00000000d5a00000, 0x0000000100000000)
  eden space 2560K, 0% used [0x00000000d5580000,0x00000000d5580000,0x00000000d5800000)
  from space 1024K, 62% used [0x00000000d5900000,0x00000000d59a0000,0x00000000d5a00000)
  to   space 1024K, 0% used [0x00000000d5800000,0x00000000d5800000,0x00000000d5900000)
 ParOldGen       total 456192K, used 456138K [0x0000000080000000, 0x000000009bd80000, 0x00000000d5580000)
  object space 456192K, 99% used [0x0000000080000000,0x000000009bd72890,0x000000009bd80000)
 Metaspace       used 67100K, committed 68736K, reserved 1114112K
  class space    used 6904K, committed 7616K, reserved 1048576K
}
Event: 42.089 GC heap before
{Heap before GC invocations=584 (full 3):
 PSYoungGen      total 3584K, used 3200K [0x00000000d5580000, 0x00000000d5a00000, 0x0000000100000000)
  eden space 2560K, 100% used [0x00000000d5580000,0x00000000d5800000,0x00000000d5800000)
  from space 1024K, 62% used [0x00000000d5900000,0x00000000d59a0000,0x00000000d5a00000)
  to   space 1024K, 0% used [0x00000000d5800000,0x00000000d5800000,0x00000000d5900000)
 ParOldGen       total 456192K, used 456138K [0x0000000080000000, 0x000000009bd80000, 0x00000000d5580000)
  object space 456192K, 99% used [0x0000000080000000,0x000000009bd72890,0x000000009bd80000)
 Metaspace       used 67100K, committed 68736K, reserved 1114112K
  class space    used 6904K, committed 7616K, reserved 1048576K
}
Event: 42.091 GC heap after
{Heap after GC invocations=584 (full 3):
 PSYoungGen      total 3584K, used 576K [0x00000000d5580000, 0x00000000d5a00000, 0x0000000100000000)
  eden space 2560K, 0% used [0x00000000d5580000,0x00000000d5580000,0x00000000d5800000)
  from space 1024K, 56% used [0x00000000d5800000,0x00000000d5890000,0x00000000d5900000)
  to   space 1024K, 0% used [0x00000000d5900000,0x00000000d5900000,0x00000000d5a00000)
 ParOldGen       total 456704K, used 456602K [0x0000000080000000, 0x000000009be00000, 0x00000000d5580000)
  object space 456704K, 99% used [0x0000000080000000,0x000000009bde6890,0x000000009be00000)
 Metaspace       used 67100K, committed 68736K, reserved 1114112K
  class space    used 6904K, committed 7616K, reserved 1048576K
}
Event: 42.106 GC heap before
{Heap before GC invocations=585 (full 3):
 PSYoungGen      total 3584K, used 3136K [0x00000000d5580000, 0x00000000d5a00000, 0x0000000100000000)
  eden space 2560K, 100% used [0x00000000d5580000,0x00000000d5800000,0x00000000d5800000)
  from space 1024K, 56% used [0x00000000d5800000,0x00000000d5890000,0x00000000d5900000)
  to   space 1024K, 0% used [0x00000000d5900000,0x00000000d5900000,0x00000000d5a00000)
 ParOldGen       total 456704K, used 456602K [0x0000000080000000, 0x000000009be00000, 0x00000000d5580000)
  object space 456704K, 99% used [0x0000000080000000,0x000000009bde6890,0x000000009be00000)
 Metaspace       used 67100K, committed 68736K, reserved 1114112K
  class space    used 6904K, committed 7616K, reserved 1048576K
}
Event: 42.109 GC heap after
{Heap after GC invocations=585 (full 3):
 PSYoungGen      total 3584K, used 824K [0x00000000d5580000, 0x00000000d5a00000, 0x0000000100000000)
  eden space 2560K, 0% used [0x00000000d5580000,0x00000000d5580000,0x00000000d5800000)
  from space 1024K, 80% used [0x00000000d5900000,0x00000000d59ce010,0x00000000d5a00000)
  to   space 1024K, 0% used [0x00000000d5800000,0x00000000d5800000,0x00000000d5900000)
 ParOldGen       total 457216K, used 457034K [0x0000000080000000, 0x000000009be80000, 0x00000000d5580000)
  object space 457216K, 99% used [0x0000000080000000,0x000000009be52890,0x000000009be80000)
 Metaspace       used 67100K, committed 68736K, reserved 1114112K
  class space    used 6904K, committed 7616K, reserved 1048576K
}
Event: 42.122 GC heap before
{Heap before GC invocations=586 (full 3):
 PSYoungGen      total 3584K, used 3384K [0x00000000d5580000, 0x00000000d5a00000, 0x0000000100000000)
  eden space 2560K, 100% used [0x00000000d5580000,0x00000000d5800000,0x00000000d5800000)
  from space 1024K, 80% used [0x00000000d5900000,0x00000000d59ce010,0x00000000d5a00000)
  to   space 1024K, 0% used [0x00000000d5800000,0x00000000d5800000,0x00000000d5900000)
 ParOldGen       total 457216K, used 457034K [0x0000000080000000, 0x000000009be80000, 0x00000000d5580000)
  object space 457216K, 99% used [0x0000000080000000,0x000000009be52890,0x000000009be80000)
 Metaspace       used 67100K, committed 68736K, reserved 1114112K
  class space    used 6904K, committed 7616K, reserved 1048576K
}
Event: 42.124 GC heap after
{Heap after GC invocations=586 (full 3):
 PSYoungGen      total 3584K, used 640K [0x00000000d5580000, 0x00000000d5a00000, 0x0000000100000000)
  eden space 2560K, 0% used [0x00000000d5580000,0x00000000d5580000,0x00000000d5800000)
  from space 1024K, 62% used [0x00000000d5800000,0x00000000d58a0000,0x00000000d5900000)
  to   space 1024K, 0% used [0x00000000d5900000,0x00000000d5900000,0x00000000d5a00000)
 ParOldGen       total 457728K, used 457714K [0x0000000080000000, 0x000000009bf00000, 0x00000000d5580000)
  object space 457728K, 99% used [0x0000000080000000,0x000000009befc8a0,0x000000009bf00000)
 Metaspace       used 67100K, committed 68736K, reserved 1114112K
  class space    used 6904K, committed 7616K, reserved 1048576K
}
Event: 42.140 GC heap before
{Heap before GC invocations=587 (full 3):
 PSYoungGen      total 3584K, used 3200K [0x00000000d5580000, 0x00000000d5a00000, 0x0000000100000000)
  eden space 2560K, 100% used [0x00000000d5580000,0x00000000d5800000,0x00000000d5800000)
  from space 1024K, 62% used [0x00000000d5800000,0x00000000d58a0000,0x00000000d5900000)
  to   space 1024K, 0% used [0x00000000d5900000,0x00000000d5900000,0x00000000d5a00000)
 ParOldGen       total 457728K, used 457714K [0x0000000080000000, 0x000000009bf00000, 0x00000000d5580000)
  object space 457728K, 99% used [0x0000000080000000,0x000000009befc8a0,0x000000009bf00000)
 Metaspace       used 67100K, committed 68736K, reserved 1114112K
  class space    used 6904K, committed 7616K, reserved 1048576K
}
Event: 42.143 GC heap after
{Heap after GC invocations=587 (full 3):
 PSYoungGen      total 3584K, used 608K [0x00000000d5580000, 0x00000000d5a00000, 0x0000000100000000)
  eden space 2560K, 0% used [0x00000000d5580000,0x00000000d5580000,0x00000000d5800000)
  from space 1024K, 59% used [0x00000000d5900000,0x00000000d5998000,0x00000000d5a00000)
  to   space 1024K, 0% used [0x00000000d5800000,0x00000000d5800000,0x00000000d5900000)
 ParOldGen       total 458240K, used 458194K [0x0000000080000000, 0x000000009bf80000, 0x00000000d5580000)
  object space 458240K, 99% used [0x0000000080000000,0x000000009bf748a0,0x000000009bf80000)
 Metaspace       used 67100K, committed 68736K, reserved 1114112K
  class space    used 6904K, committed 7616K, reserved 1048576K
}
Event: 42.162 GC heap before
{Heap before GC invocations=588 (full 3):
 PSYoungGen      total 3584K, used 3168K [0x00000000d5580000, 0x00000000d5a00000, 0x0000000100000000)
  eden space 2560K, 100% used [0x00000000d5580000,0x00000000d5800000,0x00000000d5800000)
  from space 1024K, 59% used [0x00000000d5900000,0x00000000d5998000,0x00000000d5a00000)
  to   space 1024K, 0% used [0x00000000d5800000,0x00000000d5800000,0x00000000d5900000)
 ParOldGen       total 458240K, used 458194K [0x0000000080000000, 0x000000009bf80000, 0x00000000d5580000)
  object space 458240K, 99% used [0x0000000080000000,0x000000009bf748a0,0x000000009bf80000)
 Metaspace       used 67100K, committed 68736K, reserved 1114112K
  class space    used 6904K, committed 7616K, reserved 1048576K
}

