# JRE version: OpenJDK Runtime Environment Temurin-21.0.7+6 (21.0.7+6) (build 21.0.7+6-LTS)
# Java VM: OpenJDK 64-Bit Server VM Temurin-21.0.7+6 (21.0.7+6-LTS, mixed mode, sharing, tiered, compressed oops, compressed class ptrs, parallel gc, windows-amd64)
GC Precious Log:
 CardTable entry size: 512
 CPUs: 12 total, 12 available
 Memory: 5989M
 Large Page Support: Disabled
 NUMA Support: Disabled
 Compressed Oops: Enabled (32-bit)
 Alignments: Space 512K, Generation 512K, Heap 2M
 Heap Min Capacity: 100M
 Heap Initial Capacity: 100M
 Heap Max Capacity: 2G
 Pre-touch: Disabled
 Parallel Workers: 10
Heap:
 PSYoungGen      total 21504K, used 9678K [0x00000000d5580000, 0x00000000d6e00000, 0x0000000100000000)
  eden space 17920K, 34% used [0x00000000d5580000,0x00000000d5b97f80,0x00000000d6700000)
  from space 3584K, 95% used [0x00000000d6700000,0x00000000d6a5bae8,0x00000000d6a80000)
  to   space 3584K, 0% used [0x00000000d6a80000,0x00000000d6a80000,0x00000000d6e00000)
 ParOldGen       total 68608K, used 50680K [0x0000000080000000, 0x0000000084300000, 0x00000000d5580000)
  object space 68608K, 73% used [0x0000000080000000,0x000000008317e3b0,0x0000000084300000)
 Metaspace       used 48575K, committed 49920K, reserved 1114112K
  class space    used 5251K, committed 5824K, reserved 1048576K
GC Heap History (20 events):
Event: 9.798 GC heap before
{Heap before GC invocations=22 (full 2):
 PSYoungGen      total 23552K, used 23242K [0x00000000d5580000, 0x00000000d6f00000, 0x0000000100000000)
  eden space 20992K, 100% used [0x00000000d5580000,0x00000000d6a00000,0x00000000d6a00000)
  from space 2560K, 87% used [0x00000000d6a00000,0x00000000d6c32930,0x00000000d6c80000)
  to   space 2560K, 0% used [0x00000000d6c80000,0x00000000d6c80000,0x00000000d6f00000)
 ParOldGen       total 68608K, used 26814K [0x0000000080000000, 0x0000000084300000, 0x00000000d5580000)
  object space 68608K, 39% used [0x0000000080000000,0x0000000081a2fa00,0x0000000084300000)
 Metaspace       used 43355K, committed 44608K, reserved 1114112K
  class space    used 4587K, committed 5120K, reserved 1048576K
}
Event: 9.803 GC heap after
{Heap after GC invocations=22 (full 2):
 PSYoungGen      total 23552K, used 2491K [0x00000000d5580000, 0x00000000d6f00000, 0x0000000100000000)
  eden space 20992K, 0% used [0x00000000d5580000,0x00000000d5580000,0x00000000d6a00000)
  from space 2560K, 97% used [0x00000000d6c80000,0x00000000d6eeec08,0x00000000d6f00000)
  to   space 2560K, 0% used [0x00000000d6a00000,0x00000000d6a00000,0x00000000d6c80000)
 ParOldGen       total 68608K, used 28918K [0x0000000080000000, 0x0000000084300000, 0x00000000d5580000)
  object space 68608K, 42% used [0x0000000080000000,0x0000000081c3da98,0x0000000084300000)
 Metaspace       used 43355K, committed 44608K, reserved 1114112K
  class space    used 4587K, committed 5120K, reserved 1048576K
}
Event: 9.906 GC heap before
{Heap before GC invocations=23 (full 2):
 PSYoungGen      total 23552K, used 23483K [0x00000000d5580000, 0x00000000d6f00000, 0x0000000100000000)
  eden space 20992K, 100% used [0x00000000d5580000,0x00000000d6a00000,0x00000000d6a00000)
  from space 2560K, 97% used [0x00000000d6c80000,0x00000000d6eeec08,0x00000000d6f00000)
  to   space 2560K, 0% used [0x00000000d6a00000,0x00000000d6a00000,0x00000000d6c80000)
 ParOldGen       total 68608K, used 28918K [0x0000000080000000, 0x0000000084300000, 0x00000000d5580000)
  object space 68608K, 42% used [0x0000000080000000,0x0000000081c3daf0,0x0000000084300000)
 Metaspace       used 43762K, committed 44992K, reserved 1114112K
  class space    used 4630K, committed 5184K, reserved 1048576K
}
Event: 9.912 GC heap after
{Heap after GC invocations=23 (full 2):
 PSYoungGen      total 23552K, used 2447K [0x00000000d5580000, 0x00000000d6f00000, 0x0000000100000000)
  eden space 20992K, 0% used [0x00000000d5580000,0x00000000d5580000,0x00000000d6a00000)
  from space 2560K, 95% used [0x00000000d6a00000,0x00000000d6c63c60,0x00000000d6c80000)
  to   space 2560K, 0% used [0x00000000d6c80000,0x00000000d6c80000,0x00000000d6f00000)
 ParOldGen       total 68608K, used 31194K [0x0000000080000000, 0x0000000084300000, 0x00000000d5580000)
  object space 68608K, 45% used [0x0000000080000000,0x0000000081e769e0,0x0000000084300000)
 Metaspace       used 43762K, committed 44992K, reserved 1114112K
  class space    used 4630K, committed 5184K, reserved 1048576K
}
Event: 10.087 GC heap before
{Heap before GC invocations=24 (full 2):
 PSYoungGen      total 23552K, used 23439K [0x00000000d5580000, 0x00000000d6f00000, 0x0000000100000000)
  eden space 20992K, 100% used [0x00000000d5580000,0x00000000d6a00000,0x00000000d6a00000)
  from space 2560K, 95% used [0x00000000d6a00000,0x00000000d6c63c60,0x00000000d6c80000)
  to   space 2560K, 0% used [0x00000000d6c80000,0x00000000d6c80000,0x00000000d6f00000)
 ParOldGen       total 68608K, used 31197K [0x0000000080000000, 0x0000000084300000, 0x00000000d5580000)
  object space 68608K, 45% used [0x0000000080000000,0x0000000081e774a8,0x0000000084300000)
 Metaspace       used 44180K, committed 45504K, reserved 1114112K
  class space    used 4672K, committed 5248K, reserved 1048576K
}
Event: 10.094 GC heap after
{Heap after GC invocations=24 (full 2):
 PSYoungGen      total 23552K, used 2080K [0x00000000d5580000, 0x00000000d6f00000, 0x0000000100000000)
  eden space 20992K, 0% used [0x00000000d5580000,0x00000000d5580000,0x00000000d6a00000)
  from space 2560K, 81% used [0x00000000d6c80000,0x00000000d6e88000,0x00000000d6f00000)
  to   space 2560K, 0% used [0x00000000d6a00000,0x00000000d6a00000,0x00000000d6c80000)
 ParOldGen       total 68608K, used 33475K [0x0000000080000000, 0x0000000084300000, 0x00000000d5580000)
  object space 68608K, 48% used [0x0000000080000000,0x00000000820b0e58,0x0000000084300000)
 Metaspace       used 44180K, committed 45504K, reserved 1114112K
  class space    used 4672K, committed 5248K, reserved 1048576K
}
Event: 10.281 GC heap before
{Heap before GC invocations=25 (full 2):
 PSYoungGen      total 23552K, used 23072K [0x00000000d5580000, 0x00000000d6f00000, 0x0000000100000000)
  eden space 20992K, 100% used [0x00000000d5580000,0x00000000d6a00000,0x00000000d6a00000)
  from space 2560K, 81% used [0x00000000d6c80000,0x00000000d6e88000,0x00000000d6f00000)
  to   space 2560K, 0% used [0x00000000d6a00000,0x00000000d6a00000,0x00000000d6c80000)
 ParOldGen       total 68608K, used 33475K [0x0000000080000000, 0x0000000084300000, 0x00000000d5580000)
  object space 68608K, 48% used [0x0000000080000000,0x00000000820b0e58,0x0000000084300000)
 Metaspace       used 44524K, committed 45824K, reserved 1114112K
  class space    used 4720K, committed 5312K, reserved 1048576K
}
Event: 10.287 GC heap after
{Heap after GC invocations=25 (full 2):
 PSYoungGen      total 23552K, used 2485K [0x00000000d5580000, 0x00000000d6f00000, 0x0000000100000000)
  eden space 20992K, 0% used [0x00000000d5580000,0x00000000d5580000,0x00000000d6a00000)
  from space 2560K, 97% used [0x00000000d6a00000,0x00000000d6c6d650,0x00000000d6c80000)
  to   space 2560K, 0% used [0x00000000d6c80000,0x00000000d6c80000,0x00000000d6f00000)
 ParOldGen       total 68608K, used 35387K [0x0000000080000000, 0x0000000084300000, 0x00000000d5580000)
  object space 68608K, 51% used [0x0000000080000000,0x000000008228edc0,0x0000000084300000)
 Metaspace       used 44524K, committed 45824K, reserved 1114112K
  class space    used 4720K, committed 5312K, reserved 1048576K
}
Event: 10.419 GC heap before
{Heap before GC invocations=26 (full 2):
 PSYoungGen      total 23552K, used 23477K [0x00000000d5580000, 0x00000000d6f00000, 0x0000000100000000)
  eden space 20992K, 100% used [0x00000000d5580000,0x00000000d6a00000,0x00000000d6a00000)
  from space 2560K, 97% used [0x00000000d6a00000,0x00000000d6c6d650,0x00000000d6c80000)
  to   space 2560K, 0% used [0x00000000d6c80000,0x00000000d6c80000,0x00000000d6f00000)
 ParOldGen       total 68608K, used 35387K [0x0000000080000000, 0x0000000084300000, 0x00000000d5580000)
  object space 68608K, 51% used [0x0000000080000000,0x000000008228edc0,0x0000000084300000)
 Metaspace       used 44827K, committed 46080K, reserved 1114112K
  class space    used 4761K, committed 5312K, reserved 1048576K
}
Event: 10.426 GC heap after
{Heap after GC invocations=26 (full 2):
 PSYoungGen      total 23552K, used 2364K [0x00000000d5580000, 0x00000000d6f00000, 0x0000000100000000)
  eden space 20992K, 0% used [0x00000000d5580000,0x00000000d5580000,0x00000000d6a00000)
  from space 2560K, 92% used [0x00000000d6c80000,0x00000000d6ecf3d0,0x00000000d6f00000)
  to   space 2560K, 0% used [0x00000000d6a00000,0x00000000d6a00000,0x00000000d6c80000)
 ParOldGen       total 68608K, used 37751K [0x0000000080000000, 0x0000000084300000, 0x00000000d5580000)
  object space 68608K, 55% used [0x0000000080000000,0x00000000824ddc80,0x0000000084300000)
 Metaspace       used 44827K, committed 46080K, reserved 1114112K
  class space    used 4761K, committed 5312K, reserved 1048576K
}
Event: 10.640 GC heap before
{Heap before GC invocations=27 (full 2):
 PSYoungGen      total 23552K, used 23356K [0x00000000d5580000, 0x00000000d6f00000, 0x0000000100000000)
  eden space 20992K, 100% used [0x00000000d5580000,0x00000000d6a00000,0x00000000d6a00000)
  from space 2560K, 92% used [0x00000000d6c80000,0x00000000d6ecf3d0,0x00000000d6f00000)
  to   space 2560K, 0% used [0x00000000d6a00000,0x00000000d6a00000,0x00000000d6c80000)
 ParOldGen       total 68608K, used 37751K [0x0000000080000000, 0x0000000084300000, 0x00000000d5580000)
  object space 68608K, 55% used [0x0000000080000000,0x00000000824ddc80,0x0000000084300000)
 Metaspace       used 45719K, committed 47040K, reserved 1114112K
  class space    used 4886K, committed 5440K, reserved 1048576K
}
Event: 10.645 GC heap after
{Heap after GC invocations=27 (full 2):
 PSYoungGen      total 23552K, used 2450K [0x00000000d5580000, 0x00000000d6f00000, 0x0000000100000000)
  eden space 20992K, 0% used [0x00000000d5580000,0x00000000d5580000,0x00000000d6a00000)
  from space 2560K, 95% used [0x00000000d6a00000,0x00000000d6c64b80,0x00000000d6c80000)
  to   space 2560K, 0% used [0x00000000d6c80000,0x00000000d6c80000,0x00000000d6f00000)
 ParOldGen       total 68608K, used 39887K [0x0000000080000000, 0x0000000084300000, 0x00000000d5580000)
  object space 68608K, 58% used [0x0000000080000000,0x00000000826f3fa8,0x0000000084300000)
 Metaspace       used 45719K, committed 47040K, reserved 1114112K
  class space    used 4886K, committed 5440K, reserved 1048576K
}
Event: 10.929 GC heap before
{Heap before GC invocations=28 (full 2):
 PSYoungGen      total 23552K, used 23442K [0x00000000d5580000, 0x00000000d6f00000, 0x0000000100000000)
  eden space 20992K, 100% used [0x00000000d5580000,0x00000000d6a00000,0x00000000d6a00000)
  from space 2560K, 95% used [0x00000000d6a00000,0x00000000d6c64b80,0x00000000d6c80000)
  to   space 2560K, 0% used [0x00000000d6c80000,0x00000000d6c80000,0x00000000d6f00000)
 ParOldGen       total 68608K, used 39887K [0x0000000080000000, 0x0000000084300000, 0x00000000d5580000)
  object space 68608K, 58% used [0x0000000080000000,0x00000000826f3fa8,0x0000000084300000)
 Metaspace       used 47362K, committed 48640K, reserved 1114112K
  class space    used 5081K, committed 5632K, reserved 1048576K
}
Event: 10.935 GC heap after
{Heap after GC invocations=28 (full 2):
 PSYoungGen      total 20480K, used 2537K [0x00000000d5580000, 0x00000000d7500000, 0x0000000100000000)
  eden space 17920K, 0% used [0x00000000d5580000,0x00000000d5580000,0x00000000d6700000)
  from space 2560K, 99% used [0x00000000d6c80000,0x00000000d6efa748,0x00000000d6f00000)
  to   space 5632K, 0% used [0x00000000d6700000,0x00000000d6700000,0x00000000d6c80000)
 ParOldGen       total 68608K, used 42334K [0x0000000080000000, 0x0000000084300000, 0x00000000d5580000)
  object space 68608K, 61% used [0x0000000080000000,0x0000000082957a90,0x0000000084300000)
 Metaspace       used 47362K, committed 48640K, reserved 1114112K
  class space    used 5081K, committed 5632K, reserved 1048576K
}
Event: 11.173 GC heap before
{Heap before GC invocations=29 (full 2):
 PSYoungGen      total 20480K, used 20457K [0x00000000d5580000, 0x00000000d7500000, 0x0000000100000000)
  eden space 17920K, 100% used [0x00000000d5580000,0x00000000d6700000,0x00000000d6700000)
  from space 2560K, 99% used [0x00000000d6c80000,0x00000000d6efa748,0x00000000d6f00000)
  to   space 5632K, 0% used [0x00000000d6700000,0x00000000d6700000,0x00000000d6c80000)
 ParOldGen       total 68608K, used 42334K [0x0000000080000000, 0x0000000084300000, 0x00000000d5580000)
  object space 68608K, 61% used [0x0000000080000000,0x0000000082957a90,0x0000000084300000)
 Metaspace       used 47951K, committed 49280K, reserved 1114112K
  class space    used 5157K, committed 5760K, reserved 1048576K
}
Event: 11.179 GC heap after
{Heap after GC invocations=29 (full 2):
 PSYoungGen      total 22016K, used 3607K [0x00000000d5580000, 0x00000000d6f00000, 0x0000000100000000)
  eden space 17920K, 0% used [0x00000000d5580000,0x00000000d5580000,0x00000000d6700000)
  from space 4096K, 88% used [0x00000000d6700000,0x00000000d6a85f50,0x00000000d6b00000)
  to   space 4096K, 0% used [0x00000000d6b00000,0x00000000d6b00000,0x00000000d6f00000)
 ParOldGen       total 68608K, used 44728K [0x0000000080000000, 0x0000000084300000, 0x00000000d5580000)
  object space 68608K, 65% used [0x0000000080000000,0x0000000082bae118,0x0000000084300000)
 Metaspace       used 47951K, committed 49280K, reserved 1114112K
  class space    used 5157K, committed 5760K, reserved 1048576K
}
Event: 11.446 GC heap before
{Heap before GC invocations=30 (full 2):
 PSYoungGen      total 22016K, used 21527K [0x00000000d5580000, 0x00000000d6f00000, 0x0000000100000000)
  eden space 17920K, 100% used [0x00000000d5580000,0x00000000d6700000,0x00000000d6700000)
  from space 4096K, 88% used [0x00000000d6700000,0x00000000d6a85f50,0x00000000d6b00000)
  to   space 4096K, 0% used [0x00000000d6b00000,0x00000000d6b00000,0x00000000d6f00000)
 ParOldGen       total 68608K, used 44728K [0x0000000080000000, 0x0000000084300000, 0x00000000d5580000)
  object space 68608K, 65% used [0x0000000080000000,0x0000000082bae118,0x0000000084300000)
 Metaspace       used 48454K, committed 49856K, reserved 1114112K
  class space    used 5216K, committed 5824K, reserved 1048576K
}
Event: 11.452 GC heap after
{Heap after GC invocations=30 (full 2):
 PSYoungGen      total 20992K, used 2882K [0x00000000d5580000, 0x00000000d6e00000, 0x0000000100000000)
  eden space 17920K, 0% used [0x00000000d5580000,0x00000000d5580000,0x00000000d6700000)
  from space 3072K, 93% used [0x00000000d6b00000,0x00000000d6dd08b0,0x00000000d6e00000)
  to   space 3584K, 0% used [0x00000000d6700000,0x00000000d6700000,0x00000000d6a80000)
 ParOldGen       total 68608K, used 48058K [0x0000000080000000, 0x0000000084300000, 0x00000000d5580000)
  object space 68608K, 70% used [0x0000000080000000,0x0000000082eee998,0x0000000084300000)
 Metaspace       used 48454K, committed 49856K, reserved 1114112K
  class space    used 5216K, committed 5824K, reserved 1048576K
}
Event: 11.675 GC heap before
{Heap before GC invocations=31 (full 2):
 PSYoungGen      total 20992K, used 20795K [0x00000000d5580000, 0x00000000d6e00000, 0x0000000100000000)
  eden space 17920K, 99% used [0x00000000d5580000,0x00000000d66fe608,0x00000000d6700000)
  from space 3072K, 93% used [0x00000000d6b00000,0x00000000d6dd08b0,0x00000000d6e00000)
  to   space 3584K, 0% used [0x00000000d6700000,0x00000000d6700000,0x00000000d6a80000)
 ParOldGen       total 68608K, used 48058K [0x0000000080000000, 0x0000000084300000, 0x00000000d5580000)
  object space 68608K, 70% used [0x0000000080000000,0x0000000082eee998,0x0000000084300000)
 Metaspace       used 48531K, committed 49920K, reserved 1114112K
  class space    used 5244K, committed 5824K, reserved 1048576K
}
Event: 11.682 GC heap after
{Heap after GC invocations=31 (full 2):
 PSYoungGen      total 21504K, used 3438K [0x00000000d5580000, 0x00000000d6e00000, 0x0000000100000000)
  eden space 17920K, 0% used [0x00000000d5580000,0x00000000d5580000,0x00000000d6700000)
  from space 3584K, 95% used [0x00000000d6700000,0x00000000d6a5bae8,0x00000000d6a80000)
  to   space 3584K, 0% used [0x00000000d6a80000,0x00000000d6a80000,0x00000000d6e00000)
 ParOldGen       total 68608K, used 50680K [0x0000000080000000, 0x0000000084300000, 0x00000000d5580000)
  object space 68608K, 73% used [0x0000000080000000,0x000000008317e3b0,0x0000000084300000)
 Metaspace       used 48531K, committed 49920K, reserved 1114112K
  class space    used 5244K, committed 5824K, reserved 1048576K
}

