# JRE version: OpenJDK Runtime Environment Temurin-21.0.7+6 (21.0.7+6) (build 21.0.7+6-LTS)
# Java VM: OpenJDK 64-Bit Server VM Temurin-21.0.7+6 (21.0.7+6-LTS, mixed mode, sharing, tiered, compressed oops, compressed class ptrs, parallel gc, windows-amd64)
GC Precious Log:
 CardTable entry size: 512
 CPUs: 12 total, 12 available
 Memory: 5989M
 Large Page Support: Disabled
 NUMA Support: Disabled
 Compressed Oops: Enabled (32-bit)
 Alignments: Space 512K, Generation 512K, Heap 2M
 Heap Min Capacity: 100M
 Heap Initial Capacity: 100M
 Heap Max Capacity: 2G
 Pre-touch: Disabled
 Parallel Workers: 10
Heap:
 PSYoungGen      total 17408K, used 10677K [0x00000000d5580000, 0x00000000d6800000, 0x0000000100000000)
  eden space 15872K, 59% used [0x00000000d5580000,0x00000000d5ead530,0x00000000d6500000)
  from space 1536K, 83% used [0x00000000d6680000,0x00000000d67c00a0,0x00000000d6800000)
  to   space 1536K, 0% used [0x00000000d6500000,0x00000000d6500000,0x00000000d6680000)
 ParOldGen       total 572416K, used 572347K [0x0000000080000000, 0x00000000a2f00000, 0x00000000d5580000)
  object space 572416K, 99% used [0x0000000080000000,0x00000000a2eeed58,0x00000000a2f00000)
 Metaspace       used 75511K, committed 77056K, reserved 1179648K
  class space    used 7664K, committed 8384K, reserved 1048576K
GC Heap History (20 events):
Event: 94.483 GC heap before
{Heap before GC invocations=772 (full 3):
 PSYoungGen      total 16384K, used 16192K [0x00000000d5580000, 0x00000000d6700000, 0x0000000100000000)
  eden space 15872K, 100% used [0x00000000d5580000,0x00000000d6500000,0x00000000d6500000)
  from space 512K, 62% used [0x00000000d6680000,0x00000000d66d0000,0x00000000d6700000)
  to   space 1024K, 0% used [0x00000000d6500000,0x00000000d6500000,0x00000000d6600000)
 ParOldGen       total 569344K, used 569144K [0x0000000080000000, 0x00000000a2c00000, 0x00000000d5580000)
  object space 569344K, 99% used [0x0000000080000000,0x00000000a2bce3f8,0x00000000a2c00000)
 Metaspace       used 74305K, committed 75904K, reserved 1179648K
  class space    used 7620K, committed 8320K, reserved 1048576K
}
Event: 94.487 GC heap after
{Heap after GC invocations=772 (full 3):
 PSYoungGen      total 16896K, used 1010K [0x00000000d5580000, 0x00000000d6900000, 0x0000000100000000)
  eden space 15872K, 0% used [0x00000000d5580000,0x00000000d5580000,0x00000000d6500000)
  from space 1024K, 98% used [0x00000000d6500000,0x00000000d65fcb70,0x00000000d6600000)
  to   space 2048K, 0% used [0x00000000d6700000,0x00000000d6700000,0x00000000d6900000)
 ParOldGen       total 569856K, used 569577K [0x0000000080000000, 0x00000000a2c80000, 0x00000000d5580000)
  object space 569856K, 99% used [0x0000000080000000,0x00000000a2c3a428,0x00000000a2c80000)
 Metaspace       used 74305K, committed 75904K, reserved 1179648K
  class space    used 7620K, committed 8320K, reserved 1048576K
}
Event: 94.766 GC heap before
{Heap before GC invocations=773 (full 3):
 PSYoungGen      total 16896K, used 16882K [0x00000000d5580000, 0x00000000d6900000, 0x0000000100000000)
  eden space 15872K, 100% used [0x00000000d5580000,0x00000000d6500000,0x00000000d6500000)
  from space 1024K, 98% used [0x00000000d6500000,0x00000000d65fcb70,0x00000000d6600000)
  to   space 2048K, 0% used [0x00000000d6700000,0x00000000d6700000,0x00000000d6900000)
 ParOldGen       total 569856K, used 569577K [0x0000000080000000, 0x00000000a2c80000, 0x00000000d5580000)
  object space 569856K, 99% used [0x0000000080000000,0x00000000a2c3a428,0x00000000a2c80000)
 Metaspace       used 74413K, committed 76032K, reserved 1179648K
  class space    used 7621K, committed 8320K, reserved 1048576K
}
Event: 94.771 GC heap after
{Heap after GC invocations=773 (full 3):
 PSYoungGen      total 17408K, used 1172K [0x00000000d5580000, 0x00000000d6880000, 0x0000000100000000)
  eden space 15872K, 0% used [0x00000000d5580000,0x00000000d5580000,0x00000000d6500000)
  from space 1536K, 76% used [0x00000000d6700000,0x00000000d68253a8,0x00000000d6880000)
  to   space 1536K, 0% used [0x00000000d6580000,0x00000000d6580000,0x00000000d6700000)
 ParOldGen       total 570368K, used 570364K [0x0000000080000000, 0x00000000a2d00000, 0x00000000d5580000)
  object space 570368K, 99% used [0x0000000080000000,0x00000000a2cff230,0x00000000a2d00000)
 Metaspace       used 74413K, committed 76032K, reserved 1179648K
  class space    used 7621K, committed 8320K, reserved 1048576K
}
Event: 95.011 GC heap before
{Heap before GC invocations=774 (full 3):
 PSYoungGen      total 17408K, used 17044K [0x00000000d5580000, 0x00000000d6880000, 0x0000000100000000)
  eden space 15872K, 100% used [0x00000000d5580000,0x00000000d6500000,0x00000000d6500000)
  from space 1536K, 76% used [0x00000000d6700000,0x00000000d68253a8,0x00000000d6880000)
  to   space 1536K, 0% used [0x00000000d6580000,0x00000000d6580000,0x00000000d6700000)
 ParOldGen       total 570368K, used 570364K [0x0000000080000000, 0x00000000a2d00000, 0x00000000d5580000)
  object space 570368K, 99% used [0x0000000080000000,0x00000000a2cff230,0x00000000a2d00000)
 Metaspace       used 74479K, committed 76096K, reserved 1179648K
  class space    used 7622K, committed 8320K, reserved 1048576K
}
Event: 95.015 GC heap after
{Heap after GC invocations=774 (full 3):
 PSYoungGen      total 17408K, used 1137K [0x00000000d5580000, 0x00000000d6800000, 0x0000000100000000)
  eden space 15872K, 0% used [0x00000000d5580000,0x00000000d5580000,0x00000000d6500000)
  from space 1536K, 74% used [0x00000000d6580000,0x00000000d669c7b8,0x00000000d6700000)
  to   space 1024K, 0% used [0x00000000d6700000,0x00000000d6700000,0x00000000d6800000)
 ParOldGen       total 570880K, used 570802K [0x0000000080000000, 0x00000000a2d80000, 0x00000000d5580000)
  object space 570880K, 99% used [0x0000000080000000,0x00000000a2d6c9b0,0x00000000a2d80000)
 Metaspace       used 74479K, committed 76096K, reserved 1179648K
  class space    used 7622K, committed 8320K, reserved 1048576K
}
Event: 95.300 GC heap before
{Heap before GC invocations=775 (full 3):
 PSYoungGen      total 17408K, used 17009K [0x00000000d5580000, 0x00000000d6800000, 0x0000000100000000)
  eden space 15872K, 100% used [0x00000000d5580000,0x00000000d6500000,0x00000000d6500000)
  from space 1536K, 74% used [0x00000000d6580000,0x00000000d669c7b8,0x00000000d6700000)
  to   space 1024K, 0% used [0x00000000d6700000,0x00000000d6700000,0x00000000d6800000)
 ParOldGen       total 570880K, used 570802K [0x0000000080000000, 0x00000000a2d80000, 0x00000000d5580000)
  object space 570880K, 99% used [0x0000000080000000,0x00000000a2d6c9b0,0x00000000a2d80000)
 Metaspace       used 74546K, committed 76160K, reserved 1179648K
  class space    used 7622K, committed 8320K, reserved 1048576K
}
Event: 95.303 GC heap after
{Heap after GC invocations=775 (full 3):
 PSYoungGen      total 16896K, used 800K [0x00000000d5580000, 0x00000000d6800000, 0x0000000100000000)
  eden space 15872K, 0% used [0x00000000d5580000,0x00000000d5580000,0x00000000d6500000)
  from space 1024K, 78% used [0x00000000d6700000,0x00000000d67c8000,0x00000000d6800000)
  to   space 1024K, 0% used [0x00000000d6600000,0x00000000d6600000,0x00000000d6700000)
 ParOldGen       total 571392K, used 570978K [0x0000000080000000, 0x00000000a2e00000, 0x00000000d5580000)
  object space 571392K, 99% used [0x0000000080000000,0x00000000a2d989b0,0x00000000a2e00000)
 Metaspace       used 74546K, committed 76160K, reserved 1179648K
  class space    used 7622K, committed 8320K, reserved 1048576K
}
Event: 95.586 GC heap before
{Heap before GC invocations=776 (full 3):
 PSYoungGen      total 16896K, used 16672K [0x00000000d5580000, 0x00000000d6800000, 0x0000000100000000)
  eden space 15872K, 100% used [0x00000000d5580000,0x00000000d6500000,0x00000000d6500000)
  from space 1024K, 78% used [0x00000000d6700000,0x00000000d67c8000,0x00000000d6800000)
  to   space 1024K, 0% used [0x00000000d6600000,0x00000000d6600000,0x00000000d6700000)
 ParOldGen       total 571392K, used 570978K [0x0000000080000000, 0x00000000a2e00000, 0x00000000d5580000)
  object space 571392K, 99% used [0x0000000080000000,0x00000000a2d989b0,0x00000000a2e00000)
 Metaspace       used 74644K, committed 76224K, reserved 1179648K
  class space    used 7622K, committed 8320K, reserved 1048576K
}
Event: 95.589 GC heap after
{Heap after GC invocations=776 (full 3):
 PSYoungGen      total 16896K, used 944K [0x00000000d5580000, 0x00000000d6780000, 0x0000000100000000)
  eden space 15872K, 0% used [0x00000000d5580000,0x00000000d5580000,0x00000000d6500000)
  from space 1024K, 92% used [0x00000000d6600000,0x00000000d66ec010,0x00000000d6700000)
  to   space 512K, 0% used [0x00000000d6700000,0x00000000d6700000,0x00000000d6780000)
 ParOldGen       total 571392K, used 571190K [0x0000000080000000, 0x00000000a2e00000, 0x00000000d5580000)
  object space 571392K, 99% used [0x0000000080000000,0x00000000a2dcdae8,0x00000000a2e00000)
 Metaspace       used 74644K, committed 76224K, reserved 1179648K
  class space    used 7622K, committed 8320K, reserved 1048576K
}
Event: 95.835 GC heap before
{Heap before GC invocations=777 (full 3):
 PSYoungGen      total 16896K, used 16816K [0x00000000d5580000, 0x00000000d6780000, 0x0000000100000000)
  eden space 15872K, 100% used [0x00000000d5580000,0x00000000d6500000,0x00000000d6500000)
  from space 1024K, 92% used [0x00000000d6600000,0x00000000d66ec010,0x00000000d6700000)
  to   space 512K, 0% used [0x00000000d6700000,0x00000000d6700000,0x00000000d6780000)
 ParOldGen       total 571392K, used 571190K [0x0000000080000000, 0x00000000a2e00000, 0x00000000d5580000)
  object space 571392K, 99% used [0x0000000080000000,0x00000000a2dcdae8,0x00000000a2e00000)
 Metaspace       used 74720K, committed 76288K, reserved 1179648K
  class space    used 7623K, committed 8320K, reserved 1048576K
}
Event: 95.837 GC heap after
{Heap after GC invocations=777 (full 3):
 PSYoungGen      total 16384K, used 288K [0x00000000d5580000, 0x00000000d6780000, 0x0000000100000000)
  eden space 15872K, 0% used [0x00000000d5580000,0x00000000d5580000,0x00000000d6500000)
  from space 512K, 56% used [0x00000000d6700000,0x00000000d6748000,0x00000000d6780000)
  to   space 1024K, 0% used [0x00000000d6580000,0x00000000d6580000,0x00000000d6680000)
 ParOldGen       total 571392K, used 571294K [0x0000000080000000, 0x00000000a2e00000, 0x00000000d5580000)
  object space 571392K, 99% used [0x0000000080000000,0x00000000a2de7ae8,0x00000000a2e00000)
 Metaspace       used 74720K, committed 76288K, reserved 1179648K
  class space    used 7623K, committed 8320K, reserved 1048576K
}
Event: 124.318 GC heap before
{Heap before GC invocations=778 (full 3):
 PSYoungGen      total 16384K, used 16160K [0x00000000d5580000, 0x00000000d6780000, 0x0000000100000000)
  eden space 15872K, 100% used [0x00000000d5580000,0x00000000d6500000,0x00000000d6500000)
  from space 512K, 56% used [0x00000000d6700000,0x00000000d6748000,0x00000000d6780000)
  to   space 1024K, 0% used [0x00000000d6580000,0x00000000d6580000,0x00000000d6680000)
 ParOldGen       total 571392K, used 571294K [0x0000000080000000, 0x00000000a2e00000, 0x00000000d5580000)
  object space 571392K, 99% used [0x0000000080000000,0x00000000a2de7ae8,0x00000000a2e00000)
 Metaspace       used 74952K, committed 76544K, reserved 1179648K
  class space    used 7633K, committed 8320K, reserved 1048576K
}
Event: 124.322 GC heap after
{Heap after GC invocations=778 (full 3):
 PSYoungGen      total 16896K, used 577K [0x00000000d5580000, 0x00000000d6780000, 0x0000000100000000)
  eden space 15872K, 0% used [0x00000000d5580000,0x00000000d5580000,0x00000000d6500000)
  from space 1024K, 56% used [0x00000000d6580000,0x00000000d6610420,0x00000000d6680000)
  to   space 1024K, 0% used [0x00000000d6680000,0x00000000d6680000,0x00000000d6780000)
 ParOldGen       total 571392K, used 571366K [0x0000000080000000, 0x00000000a2e00000, 0x00000000d5580000)
  object space 571392K, 99% used [0x0000000080000000,0x00000000a2df9ae8,0x00000000a2e00000)
 Metaspace       used 74952K, committed 76544K, reserved 1179648K
  class space    used 7633K, committed 8320K, reserved 1048576K
}
Event: 250.482 GC heap before
{Heap before GC invocations=779 (full 3):
 PSYoungGen      total 16896K, used 16441K [0x00000000d5580000, 0x00000000d6780000, 0x0000000100000000)
  eden space 15872K, 99% used [0x00000000d5580000,0x00000000d64fe148,0x00000000d6500000)
  from space 1024K, 56% used [0x00000000d6580000,0x00000000d6610420,0x00000000d6680000)
  to   space 1024K, 0% used [0x00000000d6680000,0x00000000d6680000,0x00000000d6780000)
 ParOldGen       total 571392K, used 571366K [0x0000000080000000, 0x00000000a2e00000, 0x00000000d5580000)
  object space 571392K, 99% used [0x0000000080000000,0x00000000a2df9ae8,0x00000000a2e00000)
 Metaspace       used 75056K, committed 76608K, reserved 1179648K
  class space    used 7635K, committed 8320K, reserved 1048576K
}
Event: 251.029 GC heap after
{Heap after GC invocations=779 (full 3):
 PSYoungGen      total 16384K, used 320K [0x00000000d5580000, 0x00000000d6700000, 0x0000000100000000)
  eden space 15872K, 0% used [0x00000000d5580000,0x00000000d5580000,0x00000000d6500000)
  from space 512K, 62% used [0x00000000d6680000,0x00000000d66d0000,0x00000000d6700000)
  to   space 512K, 0% used [0x00000000d6600000,0x00000000d6600000,0x00000000d6680000)
 ParOldGen       total 571904K, used 571470K [0x0000000080000000, 0x00000000a2e80000, 0x00000000d5580000)
  object space 571904K, 99% used [0x0000000080000000,0x00000000a2e13af8,0x00000000a2e80000)
 Metaspace       used 75056K, committed 76608K, reserved 1179648K
  class space    used 7635K, committed 8320K, reserved 1048576K
}
Event: 2903.837 GC heap before
{Heap before GC invocations=780 (full 3):
 PSYoungGen      total 16384K, used 16192K [0x00000000d5580000, 0x00000000d6700000, 0x0000000100000000)
  eden space 15872K, 100% used [0x00000000d5580000,0x00000000d6500000,0x00000000d6500000)
  from space 512K, 62% used [0x00000000d6680000,0x00000000d66d0000,0x00000000d6700000)
  to   space 512K, 0% used [0x00000000d6600000,0x00000000d6600000,0x00000000d6680000)
 ParOldGen       total 571904K, used 571470K [0x0000000080000000, 0x00000000a2e80000, 0x00000000d5580000)
  object space 571904K, 99% used [0x0000000080000000,0x00000000a2e13af8,0x00000000a2e80000)
 Metaspace       used 75375K, committed 76928K, reserved 1179648K
  class space    used 7663K, committed 8384K, reserved 1048576K
}
Event: 2904.003 GC heap after
{Heap after GC invocations=780 (full 3):
 PSYoungGen      total 16384K, used 480K [0x00000000d5580000, 0x00000000d6800000, 0x0000000100000000)
  eden space 15872K, 0% used [0x00000000d5580000,0x00000000d5580000,0x00000000d6500000)
  from space 512K, 93% used [0x00000000d6600000,0x00000000d6678020,0x00000000d6680000)
  to   space 1536K, 0% used [0x00000000d6680000,0x00000000d6680000,0x00000000d6800000)
 ParOldGen       total 572416K, used 571913K [0x0000000080000000, 0x00000000a2f00000, 0x00000000d5580000)
  object space 572416K, 99% used [0x0000000080000000,0x00000000a2e82438,0x00000000a2f00000)
 Metaspace       used 75375K, committed 76928K, reserved 1179648K
  class space    used 7663K, committed 8384K, reserved 1048576K
}
Event: 2922.529 GC heap before
{Heap before GC invocations=781 (full 3):
 PSYoungGen      total 16384K, used 16352K [0x00000000d5580000, 0x00000000d6800000, 0x0000000100000000)
  eden space 15872K, 100% used [0x00000000d5580000,0x00000000d6500000,0x00000000d6500000)
  from space 512K, 93% used [0x00000000d6600000,0x00000000d6678020,0x00000000d6680000)
  to   space 1536K, 0% used [0x00000000d6680000,0x00000000d6680000,0x00000000d6800000)
 ParOldGen       total 572416K, used 571913K [0x0000000080000000, 0x00000000a2f00000, 0x00000000d5580000)
  object space 572416K, 99% used [0x0000000080000000,0x00000000a2e82438,0x00000000a2f00000)
 Metaspace       used 75439K, committed 76992K, reserved 1179648K
  class space    used 7663K, committed 8384K, reserved 1048576K
}
Event: 2922.575 GC heap after
{Heap after GC invocations=781 (full 3):
 PSYoungGen      total 17408K, used 1280K [0x00000000d5580000, 0x00000000d6800000, 0x0000000100000000)
  eden space 15872K, 0% used [0x00000000d5580000,0x00000000d5580000,0x00000000d6500000)
  from space 1536K, 83% used [0x00000000d6680000,0x00000000d67c00a0,0x00000000d6800000)
  to   space 1536K, 0% used [0x00000000d6500000,0x00000000d6500000,0x00000000d6680000)
 ParOldGen       total 572416K, used 572347K [0x0000000080000000, 0x00000000a2f00000, 0x00000000d5580000)
  object space 572416K, 99% used [0x0000000080000000,0x00000000a2eeed58,0x00000000a2f00000)
 Metaspace       used 75439K, committed 76992K, reserved 1179648K
  class space    used 7663K, committed 8384K, reserved 1048576K
}

