# JRE version: OpenJDK Runtime Environment Temurin-17.0.14+7 (17.0.14+7) (build 17.0.14+7)
# Java VM: OpenJDK 64-Bit Server VM Temurin-17.0.14+7 (17.0.14+7, mixed mode, sharing, tiered, compressed oops, compressed class ptrs, g1 gc, windows-amd64)
GC Precious Log:
 CPUs: 12 total, 12 available
 Memory: 5989M
 Large Page Support: Disabled
 NUMA Support: Disabled
 Compressed Oops: Enabled (32-bit)
 Heap Region Size: 1M
 Heap Min Capacity: 8M
 Heap Initial Capacity: 94M
 Heap Max Capacity: 1498M
 Pre-touch: Disabled
 Parallel Workers: 10
 Concurrent Workers: 3
 Concurrent Refinement Workers: 10
 Periodic GC: Disabled
Heap:
 garbage-first heap   total 97280K, used 88904K [0x00000000a2600000, 0x0000000100000000)
  region size 1024K, 13 young (13312K), 2 survivors (2048K)
 Metaspace       used 22027K, committed 22336K, reserved 1114112K
  class space    used 3038K, committed 3200K, reserved 1048576K
GC Heap History (7 events):
Event: 1.879 GC heap before
{Heap before GC invocations=0 (full 0):
 garbage-first heap   total 96256K, used 22528K [0x00000000a2600000, 0x0000000100000000)
  region size 1024K, 23 young (23552K), 0 survivors (0K)
 Metaspace       used 5538K, committed 5696K, reserved 1114112K
  class space    used 637K, committed 704K, reserved 1048576K
}
Event: 1.884 GC heap after
{Heap after GC invocations=1 (full 0):
 garbage-first heap   total 96256K, used 3467K [0x00000000a2600000, 0x0000000100000000)
  region size 1024K, 3 young (3072K), 3 survivors (3072K)
 Metaspace       used 5538K, committed 5696K, reserved 1114112K
  class space    used 637K, committed 704K, reserved 1048576K
}
Event: 3.277 GC heap before
{Heap before GC invocations=1 (full 0):
 garbage-first heap   total 96256K, used 39307K [0x00000000a2600000, 0x0000000100000000)
  region size 1024K, 34 young (34816K), 3 survivors (3072K)
 Metaspace       used 13545K, committed 13760K, reserved 1114112K
  class space    used 2135K, committed 2240K, reserved 1048576K
}
Event: 3.287 GC heap after
{Heap after GC invocations=2 (full 0):
 garbage-first heap   total 96256K, used 10881K [0x00000000a2600000, 0x0000000100000000)
  region size 1024K, 4 young (4096K), 4 survivors (4096K)
 Metaspace       used 13545K, committed 13760K, reserved 1114112K
  class space    used 2135K, committed 2240K, reserved 1048576K
}
Event: 10.804 GC heap before
{Heap before GC invocations=2 (full 0):
 garbage-first heap   total 96256K, used 62081K [0x00000000a2600000, 0x0000000100000000)
  region size 1024K, 33 young (33792K), 4 survivors (4096K)
 Metaspace       used 21282K, committed 21504K, reserved 1114112K
  class space    used 2990K, committed 3136K, reserved 1048576K
}
Event: 10.813 GC heap after
{Heap after GC invocations=3 (full 0):
 garbage-first heap   total 96256K, used 37704K [0x00000000a2600000, 0x0000000100000000)
  region size 1024K, 7 young (7168K), 7 survivors (7168K)
 Metaspace       used 21282K, committed 21504K, reserved 1114112K
  class space    used 2990K, committed 3136K, reserved 1048576K
}
Event: 24.921 GC heap before
{Heap before GC invocations=4 (full 0):
 garbage-first heap   total 96256K, used 87880K [0x00000000a2600000, 0x0000000100000000)
  region size 1024K, 18 young (18432K), 7 survivors (7168K)
 Metaspace       used 22027K, committed 22336K, reserved 1114112K
  class space    used 3038K, committed 3200K, reserved 1048576K
}

