# JRE version: OpenJDK Runtime Environment Temurin-21.0.7+6 (21.0.7+6) (build 21.0.7+6-LTS)
# Java VM: OpenJDK 64-Bit Server VM Temurin-21.0.7+6 (21.0.7+6-LTS, mixed mode, sharing, tiered, compressed oops, compressed class ptrs, parallel gc, windows-amd64)
GC Precious Log:
 CardTable entry size: 512
 CPUs: 12 total, 12 available
 Memory: 5989M
 Large Page Support: Disabled
 NUMA Support: Disabled
 Compressed Oops: Enabled (32-bit)
 Alignments: Space 512K, Generation 512K, Heap 2M
 Heap Min Capacity: 100M
 Heap Initial Capacity: 100M
 Heap Max Capacity: 2G
 Pre-touch: Disabled
 Parallel Workers: 10
Heap:
 PSYoungGen      total 3584K, used 1470K [0x00000000d5580000, 0x00000000d5a00000, 0x0000000100000000)
  eden space 2560K, 33% used [0x00000000d5580000,0x00000000d5658c38,0x00000000d5800000)
  from space 1024K, 59% used [0x00000000d5900000,0x00000000d5998020,0x00000000d5a00000)
  to   space 1024K, 0% used [0x00000000d5800000,0x00000000d5800000,0x00000000d5900000)
 ParOldGen       total 628224K, used 628080K [0x0000000080000000, 0x00000000a6580000, 0x00000000d5580000)
  object space 628224K, 99% used [0x0000000080000000,0x00000000a655c310,0x00000000a6580000)
 Metaspace       used 66377K, committed 68032K, reserved 1114112K
  class space    used 6856K, committed 7616K, reserved 1048576K
GC Heap History (20 events):
Event: 35.212 GC heap after
{Heap after GC invocations=846 (full 3):
 PSYoungGen      total 3072K, used 416K [0x00000000d5580000, 0x00000000d5900000, 0x0000000100000000)
  eden space 2048K, 0% used [0x00000000d5580000,0x00000000d5580000,0x00000000d5780000)
  from space 1024K, 40% used [0x00000000d5780000,0x00000000d57e8000,0x00000000d5880000)
  to   space 512K, 0% used [0x00000000d5880000,0x00000000d5880000,0x00000000d5900000)
 ParOldGen       total 619008K, used 618797K [0x0000000080000000, 0x00000000a5c80000, 0x00000000d5580000)
  object space 619008K, 99% used [0x0000000080000000,0x00000000a5c4b7a0,0x00000000a5c80000)
 Metaspace       used 65320K, committed 66816K, reserved 1114112K
  class space    used 6739K, committed 7424K, reserved 1048576K
}
Event: 35.274 GC heap before
{Heap before GC invocations=847 (full 3):
 PSYoungGen      total 3072K, used 2464K [0x00000000d5580000, 0x00000000d5900000, 0x0000000100000000)
  eden space 2048K, 100% used [0x00000000d5580000,0x00000000d5780000,0x00000000d5780000)
  from space 1024K, 40% used [0x00000000d5780000,0x00000000d57e8000,0x00000000d5880000)
  to   space 512K, 0% used [0x00000000d5880000,0x00000000d5880000,0x00000000d5900000)
 ParOldGen       total 619008K, used 618797K [0x0000000080000000, 0x00000000a5c80000, 0x00000000d5580000)
  object space 619008K, 99% used [0x0000000080000000,0x00000000a5c4b7a0,0x00000000a5c80000)
 Metaspace       used 65461K, committed 67072K, reserved 1114112K
  class space    used 6754K, committed 7488K, reserved 1048576K
}
Event: 35.277 GC heap after
{Heap after GC invocations=847 (full 3):
 PSYoungGen      total 2560K, used 256K [0x00000000d5580000, 0x00000000d5900000, 0x0000000100000000)
  eden space 2048K, 0% used [0x00000000d5580000,0x00000000d5580000,0x00000000d5780000)
  from space 512K, 50% used [0x00000000d5880000,0x00000000d58c0000,0x00000000d5900000)
  to   space 512K, 0% used [0x00000000d5800000,0x00000000d5800000,0x00000000d5880000)
 ParOldGen       total 619520K, used 619069K [0x0000000080000000, 0x00000000a5d00000, 0x00000000d5580000)
  object space 619520K, 99% used [0x0000000080000000,0x00000000a5c8f7a0,0x00000000a5d00000)
 Metaspace       used 65461K, committed 67072K, reserved 1114112K
  class space    used 6754K, committed 7488K, reserved 1048576K
}
Event: 35.339 GC heap before
{Heap before GC invocations=848 (full 3):
 PSYoungGen      total 2560K, used 2304K [0x00000000d5580000, 0x00000000d5900000, 0x0000000100000000)
  eden space 2048K, 100% used [0x00000000d5580000,0x00000000d5780000,0x00000000d5780000)
  from space 512K, 50% used [0x00000000d5880000,0x00000000d58c0000,0x00000000d5900000)
  to   space 512K, 0% used [0x00000000d5800000,0x00000000d5800000,0x00000000d5880000)
 ParOldGen       total 619520K, used 619069K [0x0000000080000000, 0x00000000a5d00000, 0x00000000d5580000)
  object space 619520K, 99% used [0x0000000080000000,0x00000000a5c8f7a0,0x00000000a5d00000)
 Metaspace       used 65793K, committed 67392K, reserved 1114112K
  class space    used 6790K, committed 7488K, reserved 1048576K
}
Event: 35.341 GC heap after
{Heap after GC invocations=848 (full 3):
 PSYoungGen      total 2560K, used 489K [0x00000000d5580000, 0x00000000d5980000, 0x0000000100000000)
  eden space 2048K, 0% used [0x00000000d5580000,0x00000000d5580000,0x00000000d5780000)
  from space 512K, 95% used [0x00000000d5800000,0x00000000d587a670,0x00000000d5880000)
  to   space 1024K, 0% used [0x00000000d5880000,0x00000000d5880000,0x00000000d5980000)
 ParOldGen       total 619520K, used 619157K [0x0000000080000000, 0x00000000a5d00000, 0x00000000d5580000)
  object space 619520K, 99% used [0x0000000080000000,0x00000000a5ca57a0,0x00000000a5d00000)
 Metaspace       used 65793K, committed 67392K, reserved 1114112K
  class space    used 6790K, committed 7488K, reserved 1048576K
}
Event: 35.396 GC heap before
{Heap before GC invocations=849 (full 3):
 PSYoungGen      total 2560K, used 2537K [0x00000000d5580000, 0x00000000d5980000, 0x0000000100000000)
  eden space 2048K, 99% used [0x00000000d5580000,0x00000000d577ffe8,0x00000000d5780000)
  from space 512K, 95% used [0x00000000d5800000,0x00000000d587a670,0x00000000d5880000)
  to   space 1024K, 0% used [0x00000000d5880000,0x00000000d5880000,0x00000000d5980000)
 ParOldGen       total 619520K, used 619157K [0x0000000080000000, 0x00000000a5d00000, 0x00000000d5580000)
  object space 619520K, 99% used [0x0000000080000000,0x00000000a5ca57a0,0x00000000a5d00000)
 Metaspace       used 65834K, committed 67392K, reserved 1114112K
  class space    used 6791K, committed 7488K, reserved 1048576K
}
Event: 35.399 GC heap after
{Heap after GC invocations=849 (full 3):
 PSYoungGen      total 2560K, used 448K [0x00000000d5580000, 0x00000000d5900000, 0x0000000100000000)
  eden space 2048K, 0% used [0x00000000d5580000,0x00000000d5580000,0x00000000d5780000)
  from space 512K, 87% used [0x00000000d5880000,0x00000000d58f0000,0x00000000d5900000)
  to   space 512K, 0% used [0x00000000d5800000,0x00000000d5800000,0x00000000d5880000)
 ParOldGen       total 619520K, used 619285K [0x0000000080000000, 0x00000000a5d00000, 0x00000000d5580000)
  object space 619520K, 99% used [0x0000000080000000,0x00000000a5cc57a0,0x00000000a5d00000)
 Metaspace       used 65834K, committed 67392K, reserved 1114112K
  class space    used 6791K, committed 7488K, reserved 1048576K
}
Event: 35.473 GC heap before
{Heap before GC invocations=850 (full 3):
 PSYoungGen      total 2560K, used 2394K [0x00000000d5580000, 0x00000000d5900000, 0x0000000100000000)
  eden space 2048K, 95% used [0x00000000d5580000,0x00000000d5766b48,0x00000000d5780000)
  from space 512K, 87% used [0x00000000d5880000,0x00000000d58f0000,0x00000000d5900000)
  to   space 512K, 0% used [0x00000000d5800000,0x00000000d5800000,0x00000000d5880000)
 ParOldGen       total 619520K, used 619285K [0x0000000080000000, 0x00000000a5d00000, 0x00000000d5580000)
  object space 619520K, 99% used [0x0000000080000000,0x00000000a5cc57a0,0x00000000a5d00000)
 Metaspace       used 65936K, committed 67584K, reserved 1114112K
  class space    used 6808K, committed 7552K, reserved 1048576K
}
Event: 35.476 GC heap after
{Heap after GC invocations=850 (full 3):
 PSYoungGen      total 2560K, used 391K [0x00000000d5580000, 0x00000000d5900000, 0x0000000100000000)
  eden space 2048K, 0% used [0x00000000d5580000,0x00000000d5580000,0x00000000d5780000)
  from space 512K, 76% used [0x00000000d5800000,0x00000000d5861e90,0x00000000d5880000)
  to   space 512K, 0% used [0x00000000d5880000,0x00000000d5880000,0x00000000d5900000)
 ParOldGen       total 620032K, used 619611K [0x0000000080000000, 0x00000000a5d80000, 0x00000000d5580000)
  object space 620032K, 99% used [0x0000000080000000,0x00000000a5d16f30,0x00000000a5d80000)
 Metaspace       used 65936K, committed 67584K, reserved 1114112K
  class space    used 6808K, committed 7552K, reserved 1048576K
}
Event: 35.480 GC heap before
{Heap before GC invocations=851 (full 3):
 PSYoungGen      total 2560K, used 2439K [0x00000000d5580000, 0x00000000d5900000, 0x0000000100000000)
  eden space 2048K, 100% used [0x00000000d5580000,0x00000000d5780000,0x00000000d5780000)
  from space 512K, 76% used [0x00000000d5800000,0x00000000d5861e90,0x00000000d5880000)
  to   space 512K, 0% used [0x00000000d5880000,0x00000000d5880000,0x00000000d5900000)
 ParOldGen       total 620032K, used 619611K [0x0000000080000000, 0x00000000a5d80000, 0x00000000d5580000)
  object space 620032K, 99% used [0x0000000080000000,0x00000000a5d16f30,0x00000000a5d80000)
 Metaspace       used 65945K, committed 67584K, reserved 1114112K
  class space    used 6808K, committed 7552K, reserved 1048576K
}
Event: 35.486 GC heap after
{Heap after GC invocations=851 (full 3):
 PSYoungGen      total 2560K, used 388K [0x00000000d5580000, 0x00000000d5900000, 0x0000000100000000)
  eden space 2048K, 0% used [0x00000000d5580000,0x00000000d5580000,0x00000000d5780000)
  from space 512K, 75% used [0x00000000d5880000,0x00000000d58e12e0,0x00000000d5900000)
  to   space 512K, 0% used [0x00000000d5800000,0x00000000d5800000,0x00000000d5880000)
 ParOldGen       total 623104K, used 622784K [0x0000000080000000, 0x00000000a6080000, 0x00000000d5580000)
  object space 623104K, 99% used [0x0000000080000000,0x00000000a6030230,0x00000000a6080000)
 Metaspace       used 65945K, committed 67584K, reserved 1114112K
  class space    used 6808K, committed 7552K, reserved 1048576K
}
Event: 35.564 GC heap before
{Heap before GC invocations=852 (full 3):
 PSYoungGen      total 2560K, used 2237K [0x00000000d5580000, 0x00000000d5900000, 0x0000000100000000)
  eden space 2048K, 90% used [0x00000000d5580000,0x00000000d574e3a0,0x00000000d5780000)
  from space 512K, 75% used [0x00000000d5880000,0x00000000d58e12e0,0x00000000d5900000)
  to   space 512K, 0% used [0x00000000d5800000,0x00000000d5800000,0x00000000d5880000)
 ParOldGen       total 624640K, used 624106K [0x0000000080000000, 0x00000000a6200000, 0x00000000d5580000)
  object space 624640K, 99% used [0x0000000080000000,0x00000000a617a9b0,0x00000000a6200000)
 Metaspace       used 65995K, committed 67648K, reserved 1114112K
  class space    used 6813K, committed 7552K, reserved 1048576K
}
Event: 35.567 GC heap after
{Heap after GC invocations=852 (full 3):
 PSYoungGen      total 2560K, used 505K [0x00000000d5580000, 0x00000000d5980000, 0x0000000100000000)
  eden space 2048K, 0% used [0x00000000d5580000,0x00000000d5580000,0x00000000d5780000)
  from space 512K, 98% used [0x00000000d5800000,0x00000000d587e6a8,0x00000000d5880000)
  to   space 1024K, 0% used [0x00000000d5880000,0x00000000d5880000,0x00000000d5980000)
 ParOldGen       total 624640K, used 624526K [0x0000000080000000, 0x00000000a6200000, 0x00000000d5580000)
  object space 624640K, 99% used [0x0000000080000000,0x00000000a61e38a0,0x00000000a6200000)
 Metaspace       used 65995K, committed 67648K, reserved 1114112K
  class space    used 6813K, committed 7552K, reserved 1048576K
}
Event: 35.610 GC heap before
{Heap before GC invocations=853 (full 3):
 PSYoungGen      total 2560K, used 2547K [0x00000000d5580000, 0x00000000d5980000, 0x0000000100000000)
  eden space 2048K, 99% used [0x00000000d5580000,0x00000000d577e7d0,0x00000000d5780000)
  from space 512K, 98% used [0x00000000d5800000,0x00000000d587e6a8,0x00000000d5880000)
  to   space 1024K, 0% used [0x00000000d5880000,0x00000000d5880000,0x00000000d5980000)
 ParOldGen       total 624640K, used 624526K [0x0000000080000000, 0x00000000a6200000, 0x00000000d5580000)
  object space 624640K, 99% used [0x0000000080000000,0x00000000a61e38a0,0x00000000a6200000)
 Metaspace       used 66016K, committed 67712K, reserved 1114112K
  class space    used 6816K, committed 7616K, reserved 1048576K
}
Event: 35.614 GC heap after
{Heap after GC invocations=853 (full 3):
 PSYoungGen      total 3072K, used 768K [0x00000000d5580000, 0x00000000d5980000, 0x0000000100000000)
  eden space 2048K, 0% used [0x00000000d5580000,0x00000000d5580000,0x00000000d5780000)
  from space 1024K, 75% used [0x00000000d5880000,0x00000000d59401d0,0x00000000d5980000)
  to   space 1024K, 0% used [0x00000000d5780000,0x00000000d5780000,0x00000000d5880000)
 ParOldGen       total 626688K, used 626207K [0x0000000080000000, 0x00000000a6400000, 0x00000000d5580000)
  object space 626688K, 99% used [0x0000000080000000,0x00000000a6387f98,0x00000000a6400000)
 Metaspace       used 66016K, committed 67712K, reserved 1114112K
  class space    used 6816K, committed 7616K, reserved 1048576K
}
Event: 35.661 GC heap before
{Heap before GC invocations=854 (full 3):
 PSYoungGen      total 3072K, used 2816K [0x00000000d5580000, 0x00000000d5980000, 0x0000000100000000)
  eden space 2048K, 99% used [0x00000000d5580000,0x00000000d577fff0,0x00000000d5780000)
  from space 1024K, 75% used [0x00000000d5880000,0x00000000d59401d0,0x00000000d5980000)
  to   space 1024K, 0% used [0x00000000d5780000,0x00000000d5780000,0x00000000d5880000)
 ParOldGen       total 626688K, used 626207K [0x0000000080000000, 0x00000000a6400000, 0x00000000d5580000)
  object space 626688K, 99% used [0x0000000080000000,0x00000000a6387f98,0x00000000a6400000)
 Metaspace       used 66105K, committed 67776K, reserved 1114112K
  class space    used 6823K, committed 7616K, reserved 1048576K
}
Event: 35.665 GC heap after
{Heap after GC invocations=854 (full 3):
 PSYoungGen      total 3072K, used 769K [0x00000000d5580000, 0x00000000d5980000, 0x0000000100000000)
  eden space 2048K, 0% used [0x00000000d5580000,0x00000000d5580000,0x00000000d5780000)
  from space 1024K, 75% used [0x00000000d5780000,0x00000000d5840668,0x00000000d5880000)
  to   space 1024K, 0% used [0x00000000d5880000,0x00000000d5880000,0x00000000d5980000)
 ParOldGen       total 626688K, used 626685K [0x0000000080000000, 0x00000000a6400000, 0x00000000d5580000)
  object space 626688K, 99% used [0x0000000080000000,0x00000000a63ff6a8,0x00000000a6400000)
 Metaspace       used 66105K, committed 67776K, reserved 1114112K
  class space    used 6823K, committed 7616K, reserved 1048576K
}
Event: 35.784 GC heap before
{Heap before GC invocations=855 (full 3):
 PSYoungGen      total 3072K, used 2817K [0x00000000d5580000, 0x00000000d5980000, 0x0000000100000000)
  eden space 2048K, 100% used [0x00000000d5580000,0x00000000d5780000,0x00000000d5780000)
  from space 1024K, 75% used [0x00000000d5780000,0x00000000d5840668,0x00000000d5880000)
  to   space 1024K, 0% used [0x00000000d5880000,0x00000000d5880000,0x00000000d5980000)
 ParOldGen       total 626688K, used 626685K [0x0000000080000000, 0x00000000a6400000, 0x00000000d5580000)
  object space 626688K, 99% used [0x0000000080000000,0x00000000a63ff6a8,0x00000000a6400000)
 Metaspace       used 66150K, committed 67840K, reserved 1114112K
  class space    used 6830K, committed 7616K, reserved 1048576K
}
Event: 35.790 GC heap after
{Heap after GC invocations=855 (full 3):
 PSYoungGen      total 3072K, used 585K [0x00000000d5580000, 0x00000000d5980000, 0x0000000100000000)
  eden space 2048K, 0% used [0x00000000d5580000,0x00000000d5580000,0x00000000d5780000)
  from space 1024K, 57% used [0x00000000d5880000,0x00000000d5912670,0x00000000d5980000)
  to   space 1024K, 0% used [0x00000000d5780000,0x00000000d5780000,0x00000000d5880000)
 ParOldGen       total 627712K, used 627295K [0x0000000080000000, 0x00000000a6500000, 0x00000000d5580000)
  object space 627712K, 99% used [0x0000000080000000,0x00000000a6497fd8,0x00000000a6500000)
 Metaspace       used 66150K, committed 67840K, reserved 1114112K
  class space    used 6830K, committed 7616K, reserved 1048576K
}
Event: 35.863 GC heap before
{Heap before GC invocations=856 (full 3):
 PSYoungGen      total 3072K, used 2633K [0x00000000d5580000, 0x00000000d5980000, 0x0000000100000000)
  eden space 2048K, 99% used [0x00000000d5580000,0x00000000d577fff0,0x00000000d5780000)
  from space 1024K, 57% used [0x00000000d5880000,0x00000000d5912670,0x00000000d5980000)
  to   space 1024K, 0% used [0x00000000d5780000,0x00000000d5780000,0x00000000d5880000)
 ParOldGen       total 627712K, used 627295K [0x0000000080000000, 0x00000000a6500000, 0x00000000d5580000)
  object space 627712K, 99% used [0x0000000080000000,0x00000000a6497fd8,0x00000000a6500000)
 Metaspace       used 66255K, committed 67904K, reserved 1114112K
  class space    used 6840K, committed 7616K, reserved 1048576K
}

