# JRE version: OpenJDK Runtime Environment Temurin-21.0.7+6 (21.0.7+6) (build 21.0.7+6-LTS)
# Java VM: OpenJDK 64-Bit Server VM Temurin-21.0.7+6 (21.0.7+6-LTS, mixed mode, sharing, tiered, compressed oops, compressed class ptrs, parallel gc, windows-amd64)
GC Precious Log:
 CardTable entry size: 512
 CPUs: 12 total, 12 available
 Memory: 5989M
 Large Page Support: Disabled
 NUMA Support: Disabled
 Compressed Oops: Enabled (32-bit)
 Alignments: Space 512K, Generation 512K, Heap 2M
 Heap Min Capacity: 100M
 Heap Initial Capacity: 100M
 Heap Max Capacity: 2G
 Pre-touch: Disabled
 Parallel Workers: 10
Heap:
 PSYoungGen      total 9728K, used 8485K [0x00000000d5580000, 0x00000000d6280000, 0x0000000100000000)
  eden space 7680K, 88% used [0x00000000d5580000,0x00000000d5c1def0,0x00000000d5d00000)
  from space 2048K, 83% used [0x00000000d5d00000,0x00000000d5ead2e8,0x00000000d5f00000)
  to   space 2048K, 0% used [0x00000000d6080000,0x00000000d6080000,0x00000000d6280000)
 ParOldGen       total 206336K, used 206048K [0x0000000080000000, 0x000000008c980000, 0x00000000d5580000)
  object space 206336K, 99% used [0x0000000080000000,0x000000008c938270,0x000000008c980000)
 Metaspace       used 64843K, committed 66304K, reserved 1114112K
  class space    used 6903K, committed 7552K, reserved 1048576K
GC Heap History (20 events):
Event: 51.389 GC heap after
{Heap after GC invocations=105 (full 3):
 PSYoungGen      total 9728K, used 1938K [0x00000000d5580000, 0x00000000d6100000, 0x0000000100000000)
  eden space 7680K, 0% used [0x00000000d5580000,0x00000000d5580000,0x00000000d5d00000)
  from space 2048K, 94% used [0x00000000d5f00000,0x00000000d60e49c0,0x00000000d6100000)
  to   space 2048K, 0% used [0x00000000d5d00000,0x00000000d5d00000,0x00000000d5f00000)
 ParOldGen       total 188928K, used 188650K [0x0000000080000000, 0x000000008b880000, 0x00000000d5580000)
  object space 188928K, 99% used [0x0000000080000000,0x000000008b83ab10,0x000000008b880000)
 Metaspace       used 63716K, committed 65152K, reserved 1114112K
  class space    used 6764K, committed 7360K, reserved 1048576K
}
Event: 51.445 GC heap before
{Heap before GC invocations=106 (full 3):
 PSYoungGen      total 9728K, used 9618K [0x00000000d5580000, 0x00000000d6100000, 0x0000000100000000)
  eden space 7680K, 100% used [0x00000000d5580000,0x00000000d5d00000,0x00000000d5d00000)
  from space 2048K, 94% used [0x00000000d5f00000,0x00000000d60e49c0,0x00000000d6100000)
  to   space 2048K, 0% used [0x00000000d5d00000,0x00000000d5d00000,0x00000000d5f00000)
 ParOldGen       total 188928K, used 188650K [0x0000000080000000, 0x000000008b880000, 0x00000000d5580000)
  object space 188928K, 99% used [0x0000000080000000,0x000000008b83ab10,0x000000008b880000)
 Metaspace       used 63771K, committed 65152K, reserved 1114112K
  class space    used 6770K, committed 7360K, reserved 1048576K
}
Event: 51.450 GC heap after
{Heap after GC invocations=106 (full 3):
 PSYoungGen      total 9728K, used 1785K [0x00000000d5580000, 0x00000000d6100000, 0x0000000100000000)
  eden space 7680K, 0% used [0x00000000d5580000,0x00000000d5580000,0x00000000d5d00000)
  from space 2048K, 87% used [0x00000000d5d00000,0x00000000d5ebe7f0,0x00000000d5f00000)
  to   space 2048K, 0% used [0x00000000d5f00000,0x00000000d5f00000,0x00000000d6100000)
 ParOldGen       total 190464K, used 190398K [0x0000000080000000, 0x000000008ba00000, 0x00000000d5580000)
  object space 190464K, 99% used [0x0000000080000000,0x000000008b9efbb0,0x000000008ba00000)
 Metaspace       used 63771K, committed 65152K, reserved 1114112K
  class space    used 6770K, committed 7360K, reserved 1048576K
}
Event: 51.522 GC heap before
{Heap before GC invocations=107 (full 3):
 PSYoungGen      total 9728K, used 9462K [0x00000000d5580000, 0x00000000d6100000, 0x0000000100000000)
  eden space 7680K, 99% used [0x00000000d5580000,0x00000000d5cff028,0x00000000d5d00000)
  from space 2048K, 87% used [0x00000000d5d00000,0x00000000d5ebe7f0,0x00000000d5f00000)
  to   space 2048K, 0% used [0x00000000d5f00000,0x00000000d5f00000,0x00000000d6100000)
 ParOldGen       total 190464K, used 190398K [0x0000000080000000, 0x000000008ba00000, 0x00000000d5580000)
  object space 190464K, 99% used [0x0000000080000000,0x000000008b9efbb0,0x000000008ba00000)
 Metaspace       used 63877K, committed 65280K, reserved 1114112K
  class space    used 6779K, committed 7360K, reserved 1048576K
}
Event: 51.526 GC heap after
{Heap after GC invocations=107 (full 3):
 PSYoungGen      total 9728K, used 1790K [0x00000000d5580000, 0x00000000d6100000, 0x0000000100000000)
  eden space 7680K, 0% used [0x00000000d5580000,0x00000000d5580000,0x00000000d5d00000)
  from space 2048K, 87% used [0x00000000d5f00000,0x00000000d60bf9e8,0x00000000d6100000)
  to   space 2048K, 0% used [0x00000000d5d00000,0x00000000d5d00000,0x00000000d5f00000)
 ParOldGen       total 192512K, used 192027K [0x0000000080000000, 0x000000008bc00000, 0x00000000d5580000)
  object space 192512K, 99% used [0x0000000080000000,0x000000008bb86f30,0x000000008bc00000)
 Metaspace       used 63877K, committed 65280K, reserved 1114112K
  class space    used 6779K, committed 7360K, reserved 1048576K
}
Event: 51.592 GC heap before
{Heap before GC invocations=108 (full 3):
 PSYoungGen      total 9728K, used 9470K [0x00000000d5580000, 0x00000000d6100000, 0x0000000100000000)
  eden space 7680K, 100% used [0x00000000d5580000,0x00000000d5d00000,0x00000000d5d00000)
  from space 2048K, 87% used [0x00000000d5f00000,0x00000000d60bf9e8,0x00000000d6100000)
  to   space 2048K, 0% used [0x00000000d5d00000,0x00000000d5d00000,0x00000000d5f00000)
 ParOldGen       total 192512K, used 192027K [0x0000000080000000, 0x000000008bc00000, 0x00000000d5580000)
  object space 192512K, 99% used [0x0000000080000000,0x000000008bb86f30,0x000000008bc00000)
 Metaspace       used 64045K, committed 65408K, reserved 1114112K
  class space    used 6795K, committed 7360K, reserved 1048576K
}
Event: 51.596 GC heap after
{Heap after GC invocations=108 (full 3):
 PSYoungGen      total 9728K, used 1739K [0x00000000d5580000, 0x00000000d6100000, 0x0000000100000000)
  eden space 7680K, 0% used [0x00000000d5580000,0x00000000d5580000,0x00000000d5d00000)
  from space 2048K, 84% used [0x00000000d5d00000,0x00000000d5eb2db8,0x00000000d5f00000)
  to   space 2048K, 0% used [0x00000000d5f00000,0x00000000d5f00000,0x00000000d6100000)
 ParOldGen       total 194048K, used 193677K [0x0000000080000000, 0x000000008bd80000, 0x00000000d5580000)
  object space 194048K, 99% used [0x0000000080000000,0x000000008bd23598,0x000000008bd80000)
 Metaspace       used 64045K, committed 65408K, reserved 1114112K
  class space    used 6795K, committed 7360K, reserved 1048576K
}
Event: 51.641 GC heap before
{Heap before GC invocations=109 (full 3):
 PSYoungGen      total 9728K, used 9419K [0x00000000d5580000, 0x00000000d6100000, 0x0000000100000000)
  eden space 7680K, 100% used [0x00000000d5580000,0x00000000d5d00000,0x00000000d5d00000)
  from space 2048K, 84% used [0x00000000d5d00000,0x00000000d5eb2db8,0x00000000d5f00000)
  to   space 2048K, 0% used [0x00000000d5f00000,0x00000000d5f00000,0x00000000d6100000)
 ParOldGen       total 194048K, used 193677K [0x0000000080000000, 0x000000008bd80000, 0x00000000d5580000)
  object space 194048K, 99% used [0x0000000080000000,0x000000008bd23598,0x000000008bd80000)
 Metaspace       used 64249K, committed 65664K, reserved 1114112K
  class space    used 6818K, committed 7424K, reserved 1048576K
}
Event: 51.646 GC heap after
{Heap after GC invocations=109 (full 3):
 PSYoungGen      total 9728K, used 1466K [0x00000000d5580000, 0x00000000d6100000, 0x0000000100000000)
  eden space 7680K, 0% used [0x00000000d5580000,0x00000000d5580000,0x00000000d5d00000)
  from space 2048K, 71% used [0x00000000d5f00000,0x00000000d606e960,0x00000000d6100000)
  to   space 2048K, 0% used [0x00000000d5d00000,0x00000000d5d00000,0x00000000d5f00000)
 ParOldGen       total 195584K, used 195247K [0x0000000080000000, 0x000000008bf00000, 0x00000000d5580000)
  object space 195584K, 99% used [0x0000000080000000,0x000000008beabc50,0x000000008bf00000)
 Metaspace       used 64249K, committed 65664K, reserved 1114112K
  class space    used 6818K, committed 7424K, reserved 1048576K
}
Event: 51.730 GC heap before
{Heap before GC invocations=110 (full 3):
 PSYoungGen      total 9728K, used 9146K [0x00000000d5580000, 0x00000000d6100000, 0x0000000100000000)
  eden space 7680K, 100% used [0x00000000d5580000,0x00000000d5d00000,0x00000000d5d00000)
  from space 2048K, 71% used [0x00000000d5f00000,0x00000000d606e960,0x00000000d6100000)
  to   space 2048K, 0% used [0x00000000d5d00000,0x00000000d5d00000,0x00000000d5f00000)
 ParOldGen       total 195584K, used 195247K [0x0000000080000000, 0x000000008bf00000, 0x00000000d5580000)
  object space 195584K, 99% used [0x0000000080000000,0x000000008beabc50,0x000000008bf00000)
 Metaspace       used 64414K, committed 65792K, reserved 1114112K
  class space    used 6839K, committed 7424K, reserved 1048576K
}
Event: 51.735 GC heap after
{Heap after GC invocations=110 (full 3):
 PSYoungGen      total 9728K, used 1766K [0x00000000d5580000, 0x00000000d6100000, 0x0000000100000000)
  eden space 7680K, 0% used [0x00000000d5580000,0x00000000d5580000,0x00000000d5d00000)
  from space 2048K, 86% used [0x00000000d5d00000,0x00000000d5eb9a30,0x00000000d5f00000)
  to   space 2048K, 0% used [0x00000000d5f00000,0x00000000d5f00000,0x00000000d6100000)
 ParOldGen       total 196608K, used 196517K [0x0000000080000000, 0x000000008c000000, 0x00000000d5580000)
  object space 196608K, 99% used [0x0000000080000000,0x000000008bfe9558,0x000000008c000000)
 Metaspace       used 64414K, committed 65792K, reserved 1114112K
  class space    used 6839K, committed 7424K, reserved 1048576K
}
Event: 51.792 GC heap before
{Heap before GC invocations=111 (full 3):
 PSYoungGen      total 9728K, used 9446K [0x00000000d5580000, 0x00000000d6100000, 0x0000000100000000)
  eden space 7680K, 100% used [0x00000000d5580000,0x00000000d5d00000,0x00000000d5d00000)
  from space 2048K, 86% used [0x00000000d5d00000,0x00000000d5eb9a30,0x00000000d5f00000)
  to   space 2048K, 0% used [0x00000000d5f00000,0x00000000d5f00000,0x00000000d6100000)
 ParOldGen       total 196608K, used 196517K [0x0000000080000000, 0x000000008c000000, 0x00000000d5580000)
  object space 196608K, 99% used [0x0000000080000000,0x000000008bfe9558,0x000000008c000000)
 Metaspace       used 64575K, committed 65984K, reserved 1114112K
  class space    used 6867K, committed 7488K, reserved 1048576K
}
Event: 51.798 GC heap after
{Heap after GC invocations=111 (full 3):
 PSYoungGen      total 9728K, used 1601K [0x00000000d5580000, 0x00000000d6100000, 0x0000000100000000)
  eden space 7680K, 0% used [0x00000000d5580000,0x00000000d5580000,0x00000000d5d00000)
  from space 2048K, 78% used [0x00000000d5f00000,0x00000000d60906d8,0x00000000d6100000)
  to   space 2048K, 0% used [0x00000000d5d00000,0x00000000d5d00000,0x00000000d5f00000)
 ParOldGen       total 198144K, used 198109K [0x0000000080000000, 0x000000008c180000, 0x00000000d5580000)
  object space 198144K, 99% used [0x0000000080000000,0x000000008c177608,0x000000008c180000)
 Metaspace       used 64575K, committed 65984K, reserved 1114112K
  class space    used 6867K, committed 7488K, reserved 1048576K
}
Event: 51.878 GC heap before
{Heap before GC invocations=112 (full 3):
 PSYoungGen      total 9728K, used 9281K [0x00000000d5580000, 0x00000000d6100000, 0x0000000100000000)
  eden space 7680K, 100% used [0x00000000d5580000,0x00000000d5d00000,0x00000000d5d00000)
  from space 2048K, 78% used [0x00000000d5f00000,0x00000000d60906d8,0x00000000d6100000)
  to   space 2048K, 0% used [0x00000000d5d00000,0x00000000d5d00000,0x00000000d5f00000)
 ParOldGen       total 198144K, used 198109K [0x0000000080000000, 0x000000008c180000, 0x00000000d5580000)
  object space 198144K, 99% used [0x0000000080000000,0x000000008c177608,0x000000008c180000)
 Metaspace       used 64686K, committed 66112K, reserved 1114112K
  class space    used 6886K, committed 7488K, reserved 1048576K
}
Event: 51.888 GC heap after
{Heap after GC invocations=112 (full 3):
 PSYoungGen      total 9728K, used 1646K [0x00000000d5580000, 0x00000000d6100000, 0x0000000100000000)
  eden space 7680K, 0% used [0x00000000d5580000,0x00000000d5580000,0x00000000d5d00000)
  from space 2048K, 80% used [0x00000000d5d00000,0x00000000d5e9b898,0x00000000d5f00000)
  to   space 2048K, 0% used [0x00000000d5f00000,0x00000000d5f00000,0x00000000d6100000)
 ParOldGen       total 199680K, used 199534K [0x0000000080000000, 0x000000008c300000, 0x00000000d5580000)
  object space 199680K, 99% used [0x0000000080000000,0x000000008c2db9e0,0x000000008c300000)
 Metaspace       used 64686K, committed 66112K, reserved 1114112K
  class space    used 6886K, committed 7488K, reserved 1048576K
}
Event: 51.994 GC heap before
{Heap before GC invocations=113 (full 3):
 PSYoungGen      total 9728K, used 9326K [0x00000000d5580000, 0x00000000d6100000, 0x0000000100000000)
  eden space 7680K, 100% used [0x00000000d5580000,0x00000000d5d00000,0x00000000d5d00000)
  from space 2048K, 80% used [0x00000000d5d00000,0x00000000d5e9b898,0x00000000d5f00000)
  to   space 2048K, 0% used [0x00000000d5f00000,0x00000000d5f00000,0x00000000d6100000)
 ParOldGen       total 199680K, used 199534K [0x0000000080000000, 0x000000008c300000, 0x00000000d5580000)
  object space 199680K, 99% used [0x0000000080000000,0x000000008c2db9e0,0x000000008c300000)
 Metaspace       used 64741K, committed 66176K, reserved 1114112K
  class space    used 6890K, committed 7488K, reserved 1048576K
}
Event: 51.998 GC heap after
{Heap after GC invocations=113 (full 3):
 PSYoungGen      total 9728K, used 1806K [0x00000000d5580000, 0x00000000d6100000, 0x0000000100000000)
  eden space 7680K, 0% used [0x00000000d5580000,0x00000000d5580000,0x00000000d5d00000)
  from space 2048K, 88% used [0x00000000d5f00000,0x00000000d60c3af8,0x00000000d6100000)
  to   space 2048K, 0% used [0x00000000d5d00000,0x00000000d5d00000,0x00000000d5f00000)
 ParOldGen       total 201216K, used 200992K [0x0000000080000000, 0x000000008c480000, 0x00000000d5580000)
  object space 201216K, 99% used [0x0000000080000000,0x000000008c4481c0,0x000000008c480000)
 Metaspace       used 64741K, committed 66176K, reserved 1114112K
  class space    used 6890K, committed 7488K, reserved 1048576K
}
Event: 52.082 GC heap before
{Heap before GC invocations=114 (full 3):
 PSYoungGen      total 9728K, used 9477K [0x00000000d5580000, 0x00000000d6100000, 0x0000000100000000)
  eden space 7680K, 99% used [0x00000000d5580000,0x00000000d5cfd990,0x00000000d5d00000)
  from space 2048K, 88% used [0x00000000d5f00000,0x00000000d60c3af8,0x00000000d6100000)
  to   space 2048K, 0% used [0x00000000d5d00000,0x00000000d5d00000,0x00000000d5f00000)
 ParOldGen       total 201216K, used 200992K [0x0000000080000000, 0x000000008c480000, 0x00000000d5580000)
  object space 201216K, 99% used [0x0000000080000000,0x000000008c4481c0,0x000000008c480000)
 Metaspace       used 64755K, committed 66176K, reserved 1114112K
  class space    used 6894K, committed 7488K, reserved 1048576K
}
Event: 52.088 GC heap after
{Heap after GC invocations=114 (full 3):
 PSYoungGen      total 9728K, used 1928K [0x00000000d5580000, 0x00000000d6100000, 0x0000000100000000)
  eden space 7680K, 0% used [0x00000000d5580000,0x00000000d5580000,0x00000000d5d00000)
  from space 2048K, 94% used [0x00000000d5d00000,0x00000000d5ee20e0,0x00000000d5f00000)
  to   space 2048K, 0% used [0x00000000d5f00000,0x00000000d5f00000,0x00000000d6100000)
 ParOldGen       total 202752K, used 202684K [0x0000000080000000, 0x000000008c600000, 0x00000000d5580000)
  object space 202752K, 99% used [0x0000000080000000,0x000000008c5ef108,0x000000008c600000)
 Metaspace       used 64755K, committed 66176K, reserved 1114112K
  class space    used 6894K, committed 7488K, reserved 1048576K
}
Event: 52.176 GC heap before
{Heap before GC invocations=115 (full 3):
 PSYoungGen      total 9728K, used 9607K [0x00000000d5580000, 0x00000000d6100000, 0x0000000100000000)
  eden space 7680K, 99% used [0x00000000d5580000,0x00000000d5cffc60,0x00000000d5d00000)
  from space 2048K, 94% used [0x00000000d5d00000,0x00000000d5ee20e0,0x00000000d5f00000)
  to   space 2048K, 0% used [0x00000000d5f00000,0x00000000d5f00000,0x00000000d6100000)
 ParOldGen       total 202752K, used 202684K [0x0000000080000000, 0x000000008c600000, 0x00000000d5580000)
  object space 202752K, 99% used [0x0000000080000000,0x000000008c5ef108,0x000000008c600000)
 Metaspace       used 64768K, committed 66176K, reserved 1114112K
  class space    used 6894K, committed 7488K, reserved 1048576K
}

