# JRE version: OpenJDK Runtime Environment Temurin-21.0.7+6 (21.0.7+6) (build 21.0.7+6-LTS)
# Java VM: OpenJDK 64-Bit Server VM Temurin-21.0.7+6 (21.0.7+6-LTS, mixed mode, sharing, tiered, compressed oops, compressed class ptrs, parallel gc, windows-amd64)
GC Precious Log:
 CardTable entry size: 512
 CPUs: 12 total, 12 available
 Memory: 5989M
 Large Page Support: Disabled
 NUMA Support: Disabled
 Compressed Oops: Enabled (32-bit)
 Alignments: Space 512K, Generation 512K, Heap 2M
 Heap Min Capacity: 100M
 Heap Initial Capacity: 100M
 Heap Max Capacity: 2G
 Pre-touch: Disabled
 Parallel Workers: 10
Heap:
 PSYoungGen      total 11776K, used 7660K [0x00000000d5580000, 0x00000000d6580000, 0x0000000100000000)
  eden space 9216K, 58% used [0x00000000d5580000,0x00000000d5ac3178,0x00000000d5e80000)
  from space 2560K, 88% used [0x00000000d6100000,0x00000000d6338000,0x00000000d6380000)
  to   space 2560K, 0% used [0x00000000d5e80000,0x00000000d5e80000,0x00000000d6100000)
 ParOldGen       total 98304K, used 98243K [0x0000000080000000, 0x0000000086000000, 0x00000000d5580000)
  object space 98304K, 99% used [0x0000000080000000,0x0000000085ff0e98,0x0000000086000000)
 Metaspace       used 63202K, committed 64768K, reserved 1114112K
  class space    used 6555K, committed 7296K, reserved 1048576K
GC Heap History (20 events):
Event: 30.417 GC heap after
{Heap after GC invocations=59 (full 3):
 PSYoungGen      total 13312K, used 1028K [0x00000000d5580000, 0x00000000d6600000, 0x0000000100000000)
  eden space 11776K, 0% used [0x00000000d5580000,0x00000000d5580000,0x00000000d6100000)
  from space 1536K, 66% used [0x00000000d6480000,0x00000000d65812a0,0x00000000d6600000)
  to   space 2048K, 0% used [0x00000000d6200000,0x00000000d6200000,0x00000000d6400000)
 ParOldGen       total 86016K, used 85643K [0x0000000080000000, 0x0000000085400000, 0x00000000d5580000)
  object space 86016K, 99% used [0x0000000080000000,0x00000000853a2f68,0x0000000085400000)
 Metaspace       used 62698K, committed 64128K, reserved 1114112K
  class space    used 6514K, committed 7168K, reserved 1048576K
}
Event: 30.542 GC heap before
{Heap before GC invocations=60 (full 3):
 PSYoungGen      total 13312K, used 12804K [0x00000000d5580000, 0x00000000d6600000, 0x0000000100000000)
  eden space 11776K, 100% used [0x00000000d5580000,0x00000000d6100000,0x00000000d6100000)
  from space 1536K, 66% used [0x00000000d6480000,0x00000000d65812a0,0x00000000d6600000)
  to   space 2048K, 0% used [0x00000000d6200000,0x00000000d6200000,0x00000000d6400000)
 ParOldGen       total 86016K, used 85643K [0x0000000080000000, 0x0000000085400000, 0x00000000d5580000)
  object space 86016K, 99% used [0x0000000080000000,0x00000000853a2f68,0x0000000085400000)
 Metaspace       used 62727K, committed 64192K, reserved 1114112K
  class space    used 6516K, committed 7168K, reserved 1048576K
}
Event: 30.544 GC heap after
{Heap after GC invocations=60 (full 3):
 PSYoungGen      total 13312K, used 1412K [0x00000000d5580000, 0x00000000d6500000, 0x0000000100000000)
  eden space 11776K, 0% used [0x00000000d5580000,0x00000000d5580000,0x00000000d6100000)
  from space 1536K, 91% used [0x00000000d6200000,0x00000000d6361300,0x00000000d6380000)
  to   space 1536K, 0% used [0x00000000d6380000,0x00000000d6380000,0x00000000d6500000)
 ParOldGen       total 86528K, used 86413K [0x0000000080000000, 0x0000000085480000, 0x00000000d5580000)
  object space 86528K, 99% used [0x0000000080000000,0x00000000854637f0,0x0000000085480000)
 Metaspace       used 62727K, committed 64192K, reserved 1114112K
  class space    used 6516K, committed 7168K, reserved 1048576K
}
Event: 30.620 GC heap before
{Heap before GC invocations=61 (full 3):
 PSYoungGen      total 13312K, used 13188K [0x00000000d5580000, 0x00000000d6500000, 0x0000000100000000)
  eden space 11776K, 100% used [0x00000000d5580000,0x00000000d6100000,0x00000000d6100000)
  from space 1536K, 91% used [0x00000000d6200000,0x00000000d6361300,0x00000000d6380000)
  to   space 1536K, 0% used [0x00000000d6380000,0x00000000d6380000,0x00000000d6500000)
 ParOldGen       total 86528K, used 86413K [0x0000000080000000, 0x0000000085480000, 0x00000000d5580000)
  object space 86528K, 99% used [0x0000000080000000,0x00000000854637f0,0x0000000085480000)
 Metaspace       used 62733K, committed 64192K, reserved 1114112K
  class space    used 6516K, committed 7168K, reserved 1048576K
}
Event: 30.622 GC heap after
{Heap after GC invocations=61 (full 3):
 PSYoungGen      total 13312K, used 1105K [0x00000000d5580000, 0x00000000d6500000, 0x0000000100000000)
  eden space 11776K, 0% used [0x00000000d5580000,0x00000000d5580000,0x00000000d6100000)
  from space 1536K, 71% used [0x00000000d6380000,0x00000000d64944c8,0x00000000d6500000)
  to   space 1536K, 0% used [0x00000000d6200000,0x00000000d6200000,0x00000000d6380000)
 ParOldGen       total 88064K, used 87577K [0x0000000080000000, 0x0000000085600000, 0x00000000d5580000)
  object space 88064K, 99% used [0x0000000080000000,0x00000000855866e0,0x0000000085600000)
 Metaspace       used 62733K, committed 64192K, reserved 1114112K
  class space    used 6516K, committed 7168K, reserved 1048576K
}
Event: 30.692 GC heap before
{Heap before GC invocations=62 (full 3):
 PSYoungGen      total 13312K, used 12881K [0x00000000d5580000, 0x00000000d6500000, 0x0000000100000000)
  eden space 11776K, 100% used [0x00000000d5580000,0x00000000d6100000,0x00000000d6100000)
  from space 1536K, 71% used [0x00000000d6380000,0x00000000d64944c8,0x00000000d6500000)
  to   space 1536K, 0% used [0x00000000d6200000,0x00000000d6200000,0x00000000d6380000)
 ParOldGen       total 88064K, used 87577K [0x0000000080000000, 0x0000000085600000, 0x00000000d5580000)
  object space 88064K, 99% used [0x0000000080000000,0x00000000855866e0,0x0000000085600000)
 Metaspace       used 62735K, committed 64192K, reserved 1114112K
  class space    used 6516K, committed 7168K, reserved 1048576K
}
Event: 30.696 GC heap after
{Heap after GC invocations=62 (full 3):
 PSYoungGen      total 12800K, used 730K [0x00000000d5580000, 0x00000000d6400000, 0x0000000100000000)
  eden space 11776K, 0% used [0x00000000d5580000,0x00000000d5580000,0x00000000d6100000)
  from space 1024K, 71% used [0x00000000d6200000,0x00000000d62b6848,0x00000000d6300000)
  to   space 1024K, 0% used [0x00000000d6300000,0x00000000d6300000,0x00000000d6400000)
 ParOldGen       total 88576K, used 88461K [0x0000000080000000, 0x0000000085680000, 0x00000000d5580000)
  object space 88576K, 99% used [0x0000000080000000,0x00000000856635b8,0x0000000085680000)
 Metaspace       used 62735K, committed 64192K, reserved 1114112K
  class space    used 6516K, committed 7168K, reserved 1048576K
}
Event: 30.768 GC heap before
{Heap before GC invocations=63 (full 3):
 PSYoungGen      total 12800K, used 12506K [0x00000000d5580000, 0x00000000d6400000, 0x0000000100000000)
  eden space 11776K, 100% used [0x00000000d5580000,0x00000000d6100000,0x00000000d6100000)
  from space 1024K, 71% used [0x00000000d6200000,0x00000000d62b6848,0x00000000d6300000)
  to   space 1024K, 0% used [0x00000000d6300000,0x00000000d6300000,0x00000000d6400000)
 ParOldGen       total 88576K, used 88461K [0x0000000080000000, 0x0000000085680000, 0x00000000d5580000)
  object space 88576K, 99% used [0x0000000080000000,0x00000000856635b8,0x0000000085680000)
 Metaspace       used 62736K, committed 64192K, reserved 1114112K
  class space    used 6516K, committed 7168K, reserved 1048576K
}
Event: 30.770 GC heap after
{Heap after GC invocations=63 (full 3):
 PSYoungGen      total 12800K, used 605K [0x00000000d5580000, 0x00000000d6400000, 0x0000000100000000)
  eden space 11776K, 0% used [0x00000000d5580000,0x00000000d5580000,0x00000000d6100000)
  from space 1024K, 59% used [0x00000000d6300000,0x00000000d6397630,0x00000000d6400000)
  to   space 1024K, 0% used [0x00000000d6200000,0x00000000d6200000,0x00000000d6300000)
 ParOldGen       total 89088K, used 89004K [0x0000000080000000, 0x0000000085700000, 0x00000000d5580000)
  object space 89088K, 99% used [0x0000000080000000,0x00000000856eb308,0x0000000085700000)
 Metaspace       used 62736K, committed 64192K, reserved 1114112K
  class space    used 6516K, committed 7168K, reserved 1048576K
}
Event: 30.855 GC heap before
{Heap before GC invocations=64 (full 3):
 PSYoungGen      total 12800K, used 12381K [0x00000000d5580000, 0x00000000d6400000, 0x0000000100000000)
  eden space 11776K, 100% used [0x00000000d5580000,0x00000000d6100000,0x00000000d6100000)
  from space 1024K, 59% used [0x00000000d6300000,0x00000000d6397630,0x00000000d6400000)
  to   space 1024K, 0% used [0x00000000d6200000,0x00000000d6200000,0x00000000d6300000)
 ParOldGen       total 89088K, used 89004K [0x0000000080000000, 0x0000000085700000, 0x00000000d5580000)
  object space 89088K, 99% used [0x0000000080000000,0x00000000856eb308,0x0000000085700000)
 Metaspace       used 62737K, committed 64192K, reserved 1114112K
  class space    used 6516K, committed 7168K, reserved 1048576K
}
Event: 30.857 GC heap after
{Heap after GC invocations=64 (full 3):
 PSYoungGen      total 12800K, used 1022K [0x00000000d5580000, 0x00000000d6500000, 0x0000000100000000)
  eden space 11776K, 0% used [0x00000000d5580000,0x00000000d5580000,0x00000000d6100000)
  from space 1024K, 99% used [0x00000000d6200000,0x00000000d62ffa70,0x00000000d6300000)
  to   space 2048K, 0% used [0x00000000d6300000,0x00000000d6300000,0x00000000d6500000)
 ParOldGen       total 89600K, used 89547K [0x0000000080000000, 0x0000000085780000, 0x00000000d5580000)
  object space 89600K, 99% used [0x0000000080000000,0x0000000085772c08,0x0000000085780000)
 Metaspace       used 62737K, committed 64192K, reserved 1114112K
  class space    used 6516K, committed 7168K, reserved 1048576K
}
Event: 33.913 GC heap before
{Heap before GC invocations=65 (full 3):
 PSYoungGen      total 12800K, used 12798K [0x00000000d5580000, 0x00000000d6500000, 0x0000000100000000)
  eden space 11776K, 100% used [0x00000000d5580000,0x00000000d6100000,0x00000000d6100000)
  from space 1024K, 99% used [0x00000000d6200000,0x00000000d62ffa70,0x00000000d6300000)
  to   space 2048K, 0% used [0x00000000d6300000,0x00000000d6300000,0x00000000d6500000)
 ParOldGen       total 89600K, used 89556K [0x0000000080000000, 0x0000000085780000, 0x00000000d5580000)
  object space 89600K, 99% used [0x0000000080000000,0x0000000085775050,0x0000000085780000)
 Metaspace       used 62744K, committed 64256K, reserved 1114112K
  class space    used 6516K, committed 7168K, reserved 1048576K
}
Event: 33.919 GC heap after
{Heap after GC invocations=65 (full 3):
 PSYoungGen      total 11776K, used 2031K [0x00000000d5580000, 0x00000000d6900000, 0x0000000100000000)
  eden space 9728K, 0% used [0x00000000d5580000,0x00000000d5580000,0x00000000d5f00000)
  from space 2048K, 99% used [0x00000000d6300000,0x00000000d64fbec8,0x00000000d6500000)
  to   space 4096K, 0% used [0x00000000d5f00000,0x00000000d5f00000,0x00000000d6300000)
 ParOldGen       total 91136K, used 91061K [0x0000000080000000, 0x0000000085900000, 0x00000000d5580000)
  object space 91136K, 99% used [0x0000000080000000,0x00000000858ed6f8,0x0000000085900000)
 Metaspace       used 62744K, committed 64256K, reserved 1114112K
  class space    used 6516K, committed 7168K, reserved 1048576K
}
Event: 33.959 GC heap before
{Heap before GC invocations=66 (full 3):
 PSYoungGen      total 11776K, used 11759K [0x00000000d5580000, 0x00000000d6900000, 0x0000000100000000)
  eden space 9728K, 100% used [0x00000000d5580000,0x00000000d5f00000,0x00000000d5f00000)
  from space 2048K, 99% used [0x00000000d6300000,0x00000000d64fbec8,0x00000000d6500000)
  to   space 4096K, 0% used [0x00000000d5f00000,0x00000000d5f00000,0x00000000d6300000)
 ParOldGen       total 91136K, used 91063K [0x0000000080000000, 0x0000000085900000, 0x00000000d5580000)
  object space 91136K, 99% used [0x0000000080000000,0x00000000858edd48,0x0000000085900000)
 Metaspace       used 62783K, committed 64384K, reserved 1114112K
  class space    used 6519K, committed 7232K, reserved 1048576K
}
Event: 33.966 GC heap after
{Heap after GC invocations=66 (full 3):
 PSYoungGen      total 11776K, used 1555K [0x00000000d5580000, 0x00000000d6400000, 0x0000000100000000)
  eden space 9728K, 0% used [0x00000000d5580000,0x00000000d5580000,0x00000000d5f00000)
  from space 2048K, 75% used [0x00000000d5f00000,0x00000000d6084d40,0x00000000d6100000)
  to   space 2560K, 0% used [0x00000000d6180000,0x00000000d6180000,0x00000000d6400000)
 ParOldGen       total 93184K, used 93025K [0x0000000080000000, 0x0000000085b00000, 0x00000000d5580000)
  object space 93184K, 99% used [0x0000000080000000,0x0000000085ad8788,0x0000000085b00000)
 Metaspace       used 62783K, committed 64384K, reserved 1114112K
  class space    used 6519K, committed 7232K, reserved 1048576K
}
Event: 34.053 GC heap before
{Heap before GC invocations=67 (full 3):
 PSYoungGen      total 11776K, used 11283K [0x00000000d5580000, 0x00000000d6400000, 0x0000000100000000)
  eden space 9728K, 100% used [0x00000000d5580000,0x00000000d5f00000,0x00000000d5f00000)
  from space 2048K, 75% used [0x00000000d5f00000,0x00000000d6084d40,0x00000000d6100000)
  to   space 2560K, 0% used [0x00000000d6180000,0x00000000d6180000,0x00000000d6400000)
 ParOldGen       total 93184K, used 93025K [0x0000000080000000, 0x0000000085b00000, 0x00000000d5580000)
  object space 93184K, 99% used [0x0000000080000000,0x0000000085ad8788,0x0000000085b00000)
 Metaspace       used 62895K, committed 64448K, reserved 1114112K
  class space    used 6536K, committed 7232K, reserved 1048576K
}
Event: 34.057 GC heap after
{Heap after GC invocations=67 (full 3):
 PSYoungGen      total 11776K, used 2409K [0x00000000d5580000, 0x00000000d6500000, 0x0000000100000000)
  eden space 9216K, 0% used [0x00000000d5580000,0x00000000d5580000,0x00000000d5e80000)
  from space 2560K, 94% used [0x00000000d6180000,0x00000000d63da6c0,0x00000000d6400000)
  to   space 3072K, 0% used [0x00000000d5e80000,0x00000000d5e80000,0x00000000d6180000)
 ParOldGen       total 94720K, used 94457K [0x0000000080000000, 0x0000000085c80000, 0x00000000d5580000)
  object space 94720K, 99% used [0x0000000080000000,0x0000000085c3e7e0,0x0000000085c80000)
 Metaspace       used 62895K, committed 64448K, reserved 1114112K
  class space    used 6536K, committed 7232K, reserved 1048576K
}
Event: 34.104 GC heap before
{Heap before GC invocations=68 (full 3):
 PSYoungGen      total 11776K, used 11625K [0x00000000d5580000, 0x00000000d6500000, 0x0000000100000000)
  eden space 9216K, 100% used [0x00000000d5580000,0x00000000d5e80000,0x00000000d5e80000)
  from space 2560K, 94% used [0x00000000d6180000,0x00000000d63da6c0,0x00000000d6400000)
  to   space 3072K, 0% used [0x00000000d5e80000,0x00000000d5e80000,0x00000000d6180000)
 ParOldGen       total 94720K, used 94457K [0x0000000080000000, 0x0000000085c80000, 0x00000000d5580000)
  object space 94720K, 99% used [0x0000000080000000,0x0000000085c3e7e0,0x0000000085c80000)
 Metaspace       used 62999K, committed 64512K, reserved 1114112K
  class space    used 6543K, committed 7232K, reserved 1048576K
}
Event: 34.109 GC heap after
{Heap after GC invocations=68 (full 3):
 PSYoungGen      total 11264K, used 1976K [0x00000000d5580000, 0x00000000d6380000, 0x0000000100000000)
  eden space 9216K, 0% used [0x00000000d5580000,0x00000000d5580000,0x00000000d5e80000)
  from space 2048K, 96% used [0x00000000d5e80000,0x00000000d606e100,0x00000000d6080000)
  to   space 2560K, 0% used [0x00000000d6100000,0x00000000d6100000,0x00000000d6380000)
 ParOldGen       total 96768K, used 96406K [0x0000000080000000, 0x0000000085e80000, 0x00000000d5580000)
  object space 96768K, 99% used [0x0000000080000000,0x0000000085e259c8,0x0000000085e80000)
 Metaspace       used 62999K, committed 64512K, reserved 1114112K
  class space    used 6543K, committed 7232K, reserved 1048576K
}
Event: 34.174 GC heap before
{Heap before GC invocations=69 (full 3):
 PSYoungGen      total 11264K, used 11192K [0x00000000d5580000, 0x00000000d6380000, 0x0000000100000000)
  eden space 9216K, 100% used [0x00000000d5580000,0x00000000d5e80000,0x00000000d5e80000)
  from space 2048K, 96% used [0x00000000d5e80000,0x00000000d606e100,0x00000000d6080000)
  to   space 2560K, 0% used [0x00000000d6100000,0x00000000d6100000,0x00000000d6380000)
 ParOldGen       total 96768K, used 96406K [0x0000000080000000, 0x0000000085e80000, 0x00000000d5580000)
  object space 96768K, 99% used [0x0000000080000000,0x0000000085e259c8,0x0000000085e80000)
 Metaspace       used 63169K, committed 64704K, reserved 1114112K
  class space    used 6552K, committed 7296K, reserved 1048576K
}

